ERROR - 2023-10-21 07:17:10 --> mysqli_sql_exception: Table 'ta-eben-ikt.tbl_kas_sosial' doesn't exist in C:\laragon\www\ta-eben-ikt\system\Database\MySQLi\Connection.php:292
Stack trace:
#0 C:\laragon\www\ta-eben-ikt\system\Database\MySQLi\Connection.php(292): mysqli->query('SELECT *\nFROM `...', 0)
#1 C:\laragon\www\ta-eben-ikt\system\Database\BaseConnection.php(693): CodeIgniter\Database\MySQLi\Connection->execute('SELECT *\nFROM `...')
#2 C:\laragon\www\ta-eben-ikt\system\Database\BaseConnection.php(620): CodeIgniter\Database\BaseConnection->simpleQuery('SELECT *\nFROM `...')
#3 C:\laragon\www\ta-eben-ikt\system\Database\BaseBuilder.php(1585): CodeIgniter\Database\BaseConnection->query('SELECT *\nFROM `...', Array, false)
#4 C:\laragon\www\ta-eben-ikt\app\Models\ModelKasSosial.php(12): CodeIgniter\Database\BaseBuilder->get()
#5 C:\laragon\www\ta-eben-ikt\app\Controllers\Admin.php(28): App\Models\ModelKasSosial->AllData()
#6 C:\laragon\www\ta-eben-ikt\system\CodeIgniter.php(904): App\Controllers\Admin->index()
#7 C:\laragon\www\ta-eben-ikt\system\CodeIgniter.php(457): CodeIgniter\CodeIgniter->runController(Object(App\Controllers\Admin))
#8 C:\laragon\www\ta-eben-ikt\system\CodeIgniter.php(340): CodeIgniter\CodeIgniter->handleRequest(NULL, Object(Config\Cache), false)
#9 C:\laragon\www\ta-eben-ikt\public\index.php(67): CodeIgniter\CodeIgniter->run()
#10 {main}
CRITICAL - 2023-10-21 07:17:10 --> Table 'ta-eben-ikt.tbl_kas_sosial' doesn't exist
in SYSTEMPATH\Database\MySQLi\Connection.php on line 292.
 1 SYSTEMPATH\Database\MySQLi\Connection.php(292): mysqli->query('SELECT *
FROM `tbl_kas_sosial`', 0)
 2 SYSTEMPATH\Database\BaseConnection.php(693): CodeIgniter\Database\MySQLi\Connection->execute('SELECT *
FROM `tbl_kas_sosial`')
 3 SYSTEMPATH\Database\BaseConnection.php(620): CodeIgniter\Database\BaseConnection->simpleQuery('SELECT *
FROM `tbl_kas_sosial`')
 4 SYSTEMPATH\Database\BaseBuilder.php(1585): CodeIgniter\Database\BaseConnection->query('SELECT *
FROM `tbl_kas_sosial`', [], false)
 5 APPPATH\Models\ModelKasSosial.php(12): CodeIgniter\Database\BaseBuilder->get()
 6 APPPATH\Controllers\Admin.php(28): App\Models\ModelKasSosial->AllData()
 7 SYSTEMPATH\CodeIgniter.php(904): App\Controllers\Admin->index()
 8 SYSTEMPATH\CodeIgniter.php(457): CodeIgniter\CodeIgniter->runController(Object(App\Controllers\Admin))
 9 SYSTEMPATH\CodeIgniter.php(340): CodeIgniter\CodeIgniter->handleRequest(null, Object(Config\Cache), false)
10 FCPATH\index.php(67): CodeIgniter\CodeIgniter->run()
ERROR - 2023-10-21 07:17:35 --> mysqli_sql_exception: Table 'ta-eben-ikt.tbl_kas_sosial' doesn't exist in C:\laragon\www\ta-eben-ikt\system\Database\MySQLi\Connection.php:292
Stack trace:
#0 C:\laragon\www\ta-eben-ikt\system\Database\MySQLi\Connection.php(292): mysqli->query('SELECT *\nFROM `...', 0)
#1 C:\laragon\www\ta-eben-ikt\system\Database\BaseConnection.php(693): CodeIgniter\Database\MySQLi\Connection->execute('SELECT *\nFROM `...')
#2 C:\laragon\www\ta-eben-ikt\system\Database\BaseConnection.php(620): CodeIgniter\Database\BaseConnection->simpleQuery('SELECT *\nFROM `...')
#3 C:\laragon\www\ta-eben-ikt\system\Database\BaseBuilder.php(1585): CodeIgniter\Database\BaseConnection->query('SELECT *\nFROM `...', Array, false)
#4 C:\laragon\www\ta-eben-ikt\app\Models\ModelKasSosial.php(12): CodeIgniter\Database\BaseBuilder->get()
#5 C:\laragon\www\ta-eben-ikt\app\Controllers\Admin.php(28): App\Models\ModelKasSosial->AllData()
#6 C:\laragon\www\ta-eben-ikt\system\CodeIgniter.php(904): App\Controllers\Admin->index()
#7 C:\laragon\www\ta-eben-ikt\system\CodeIgniter.php(457): CodeIgniter\CodeIgniter->runController(Object(App\Controllers\Admin))
#8 C:\laragon\www\ta-eben-ikt\system\CodeIgniter.php(340): CodeIgniter\CodeIgniter->handleRequest(NULL, Object(Config\Cache), false)
#9 C:\laragon\www\ta-eben-ikt\public\index.php(67): CodeIgniter\CodeIgniter->run()
#10 {main}
CRITICAL - 2023-10-21 07:17:35 --> Table 'ta-eben-ikt.tbl_kas_sosial' doesn't exist
in SYSTEMPATH\Database\MySQLi\Connection.php on line 292.
 1 SYSTEMPATH\Database\MySQLi\Connection.php(292): mysqli->query('SELECT *
FROM `tbl_kas_sosial`', 0)
 2 SYSTEMPATH\Database\BaseConnection.php(693): CodeIgniter\Database\MySQLi\Connection->execute('SELECT *
FROM `tbl_kas_sosial`')
 3 SYSTEMPATH\Database\BaseConnection.php(620): CodeIgniter\Database\BaseConnection->simpleQuery('SELECT *
FROM `tbl_kas_sosial`')
 4 SYSTEMPATH\Database\BaseBuilder.php(1585): CodeIgniter\Database\BaseConnection->query('SELECT *
FROM `tbl_kas_sosial`', [], false)
 5 APPPATH\Models\ModelKasSosial.php(12): CodeIgniter\Database\BaseBuilder->get()
 6 APPPATH\Controllers\Admin.php(28): App\Models\ModelKasSosial->AllData()
 7 SYSTEMPATH\CodeIgniter.php(904): App\Controllers\Admin->index()
 8 SYSTEMPATH\CodeIgniter.php(457): CodeIgniter\CodeIgniter->runController(Object(App\Controllers\Admin))
 9 SYSTEMPATH\CodeIgniter.php(340): CodeIgniter\CodeIgniter->handleRequest(null, Object(Config\Cache), false)
10 FCPATH\index.php(67): CodeIgniter\CodeIgniter->run()
ERROR - 2023-10-21 07:17:36 --> mysqli_sql_exception: Table 'ta-eben-ikt.tbl_kas_sosial' doesn't exist in C:\laragon\www\ta-eben-ikt\system\Database\MySQLi\Connection.php:292
Stack trace:
#0 C:\laragon\www\ta-eben-ikt\system\Database\MySQLi\Connection.php(292): mysqli->query('SELECT *\nFROM `...', 0)
#1 C:\laragon\www\ta-eben-ikt\system\Database\BaseConnection.php(693): CodeIgniter\Database\MySQLi\Connection->execute('SELECT *\nFROM `...')
#2 C:\laragon\www\ta-eben-ikt\system\Database\BaseConnection.php(620): CodeIgniter\Database\BaseConnection->simpleQuery('SELECT *\nFROM `...')
#3 C:\laragon\www\ta-eben-ikt\system\Database\BaseBuilder.php(1585): CodeIgniter\Database\BaseConnection->query('SELECT *\nFROM `...', Array, false)
#4 C:\laragon\www\ta-eben-ikt\app\Models\ModelKasSosial.php(12): CodeIgniter\Database\BaseBuilder->get()
#5 C:\laragon\www\ta-eben-ikt\app\Controllers\Admin.php(28): App\Models\ModelKasSosial->AllData()
#6 C:\laragon\www\ta-eben-ikt\system\CodeIgniter.php(904): App\Controllers\Admin->index()
#7 C:\laragon\www\ta-eben-ikt\system\CodeIgniter.php(457): CodeIgniter\CodeIgniter->runController(Object(App\Controllers\Admin))
#8 C:\laragon\www\ta-eben-ikt\system\CodeIgniter.php(340): CodeIgniter\CodeIgniter->handleRequest(NULL, Object(Config\Cache), false)
#9 C:\laragon\www\ta-eben-ikt\public\index.php(67): CodeIgniter\CodeIgniter->run()
#10 {main}
CRITICAL - 2023-10-21 07:17:36 --> Table 'ta-eben-ikt.tbl_kas_sosial' doesn't exist
in SYSTEMPATH\Database\MySQLi\Connection.php on line 292.
 1 SYSTEMPATH\Database\MySQLi\Connection.php(292): mysqli->query('SELECT *
FROM `tbl_kas_sosial`', 0)
 2 SYSTEMPATH\Database\BaseConnection.php(693): CodeIgniter\Database\MySQLi\Connection->execute('SELECT *
FROM `tbl_kas_sosial`')
 3 SYSTEMPATH\Database\BaseConnection.php(620): CodeIgniter\Database\BaseConnection->simpleQuery('SELECT *
FROM `tbl_kas_sosial`')
 4 SYSTEMPATH\Database\BaseBuilder.php(1585): CodeIgniter\Database\BaseConnection->query('SELECT *
FROM `tbl_kas_sosial`', [], false)
 5 APPPATH\Models\ModelKasSosial.php(12): CodeIgniter\Database\BaseBuilder->get()
 6 APPPATH\Controllers\Admin.php(28): App\Models\ModelKasSosial->AllData()
 7 SYSTEMPATH\CodeIgniter.php(904): App\Controllers\Admin->index()
 8 SYSTEMPATH\CodeIgniter.php(457): CodeIgniter\CodeIgniter->runController(Object(App\Controllers\Admin))
 9 SYSTEMPATH\CodeIgniter.php(340): CodeIgniter\CodeIgniter->handleRequest(null, Object(Config\Cache), false)
10 FCPATH\index.php(67): CodeIgniter\CodeIgniter->run()
ERROR - 2023-10-21 07:17:36 --> mysqli_sql_exception: Table 'ta-eben-ikt.tbl_kas_sosial' doesn't exist in C:\laragon\www\ta-eben-ikt\system\Database\MySQLi\Connection.php:292
Stack trace:
#0 C:\laragon\www\ta-eben-ikt\system\Database\MySQLi\Connection.php(292): mysqli->query('SELECT *\nFROM `...', 0)
#1 C:\laragon\www\ta-eben-ikt\system\Database\BaseConnection.php(693): CodeIgniter\Database\MySQLi\Connection->execute('SELECT *\nFROM `...')
#2 C:\laragon\www\ta-eben-ikt\system\Database\BaseConnection.php(620): CodeIgniter\Database\BaseConnection->simpleQuery('SELECT *\nFROM `...')
#3 C:\laragon\www\ta-eben-ikt\system\Database\BaseBuilder.php(1585): CodeIgniter\Database\BaseConnection->query('SELECT *\nFROM `...', Array, false)
#4 C:\laragon\www\ta-eben-ikt\app\Models\ModelKasSosial.php(12): CodeIgniter\Database\BaseBuilder->get()
#5 C:\laragon\www\ta-eben-ikt\app\Controllers\Admin.php(28): App\Models\ModelKasSosial->AllData()
#6 C:\laragon\www\ta-eben-ikt\system\CodeIgniter.php(904): App\Controllers\Admin->index()
#7 C:\laragon\www\ta-eben-ikt\system\CodeIgniter.php(457): CodeIgniter\CodeIgniter->runController(Object(App\Controllers\Admin))
#8 C:\laragon\www\ta-eben-ikt\system\CodeIgniter.php(340): CodeIgniter\CodeIgniter->handleRequest(NULL, Object(Config\Cache), false)
#9 C:\laragon\www\ta-eben-ikt\public\index.php(67): CodeIgniter\CodeIgniter->run()
#10 {main}
CRITICAL - 2023-10-21 07:17:36 --> Table 'ta-eben-ikt.tbl_kas_sosial' doesn't exist
in SYSTEMPATH\Database\MySQLi\Connection.php on line 292.
 1 SYSTEMPATH\Database\MySQLi\Connection.php(292): mysqli->query('SELECT *
FROM `tbl_kas_sosial`', 0)
 2 SYSTEMPATH\Database\BaseConnection.php(693): CodeIgniter\Database\MySQLi\Connection->execute('SELECT *
FROM `tbl_kas_sosial`')
 3 SYSTEMPATH\Database\BaseConnection.php(620): CodeIgniter\Database\BaseConnection->simpleQuery('SELECT *
FROM `tbl_kas_sosial`')
 4 SYSTEMPATH\Database\BaseBuilder.php(1585): CodeIgniter\Database\BaseConnection->query('SELECT *
FROM `tbl_kas_sosial`', [], false)
 5 APPPATH\Models\ModelKasSosial.php(12): CodeIgniter\Database\BaseBuilder->get()
 6 APPPATH\Controllers\Admin.php(28): App\Models\ModelKasSosial->AllData()
 7 SYSTEMPATH\CodeIgniter.php(904): App\Controllers\Admin->index()
 8 SYSTEMPATH\CodeIgniter.php(457): CodeIgniter\CodeIgniter->runController(Object(App\Controllers\Admin))
 9 SYSTEMPATH\CodeIgniter.php(340): CodeIgniter\CodeIgniter->handleRequest(null, Object(Config\Cache), false)
10 FCPATH\index.php(67): CodeIgniter\CodeIgniter->run()
CRITICAL - 2023-10-21 07:18:14 --> Undefined property: App\Controllers\Admin::$ModelKasSosial
in APPPATH\Controllers\Admin.php on line 28.
 1 APPPATH\Controllers\Admin.php(28): CodeIgniter\Debug\Exceptions->errorHandler(2, 'Undefined property: App\\Controllers\\Admin::$ModelKasSosial', 'APPPATH\\Controllers\\Admin.php', 28)
 2 SYSTEMPATH\CodeIgniter.php(904): App\Controllers\Admin->index()
 3 SYSTEMPATH\CodeIgniter.php(457): CodeIgniter\CodeIgniter->runController(Object(App\Controllers\Admin))
 4 SYSTEMPATH\CodeIgniter.php(340): CodeIgniter\CodeIgniter->handleRequest(null, Object(Config\Cache), false)
 5 FCPATH\index.php(67): CodeIgniter\CodeIgniter->run()
CRITICAL - 2023-10-21 07:18:25 --> Undefined variable $saldo_s
in APPPATH\Views\v_dashboard.php on line 61.
 1 APPPATH\Views\v_dashboard.php(61): CodeIgniter\Debug\Exceptions->errorHandler(2, 'Undefined variable $saldo_s', 'APPPATH\\Views\\v_dashboard.php', 61)
 2 SYSTEMPATH\View\View.php(213): include('APPPATH\\Views\\v_dashboard.php')
 3 SYSTEMPATH\View\View.php(216): CodeIgniter\View\View->CodeIgniter\View\{closure}()
 4 SYSTEMPATH\Common.php(1137): CodeIgniter\View\View->render('v_dashboard', [], true)
 5 APPPATH\Views\v_template_admin.php(346): view('v_dashboard')
 6 SYSTEMPATH\View\View.php(213): include('APPPATH\\Views\\v_template_admin.php')
 7 SYSTEMPATH\View\View.php(216): CodeIgniter\View\View->CodeIgniter\View\{closure}()
 8 SYSTEMPATH\Common.php(1137): CodeIgniter\View\View->render('v_template_admin', [], true)
 9 APPPATH\Controllers\Admin.php(32): view('v_template_admin', [...])
10 SYSTEMPATH\CodeIgniter.php(904): App\Controllers\Admin->index()
11 SYSTEMPATH\CodeIgniter.php(457): CodeIgniter\CodeIgniter->runController(Object(App\Controllers\Admin))
12 SYSTEMPATH\CodeIgniter.php(340): CodeIgniter\CodeIgniter->handleRequest(null, Object(Config\Cache), false)
13 FCPATH\index.php(67): CodeIgniter\CodeIgniter->run()
CRITICAL - 2023-10-21 07:18:42 --> Undefined variable $kassosial
in APPPATH\Views\v_dashboard.php on line 136.
 1 APPPATH\Views\v_dashboard.php(136): CodeIgniter\Debug\Exceptions->errorHandler(2, 'Undefined variable $kassosial', 'APPPATH\\Views\\v_dashboard.php', 136)
 2 SYSTEMPATH\View\View.php(213): include('APPPATH\\Views\\v_dashboard.php')
 3 SYSTEMPATH\View\View.php(216): CodeIgniter\View\View->CodeIgniter\View\{closure}()
 4 SYSTEMPATH\Common.php(1137): CodeIgniter\View\View->render('v_dashboard', [], true)
 5 APPPATH\Views\v_template_admin.php(346): view('v_dashboard')
 6 SYSTEMPATH\View\View.php(213): include('APPPATH\\Views\\v_template_admin.php')
 7 SYSTEMPATH\View\View.php(216): CodeIgniter\View\View->CodeIgniter\View\{closure}()
 8 SYSTEMPATH\Common.php(1137): CodeIgniter\View\View->render('v_template_admin', [], true)
 9 APPPATH\Controllers\Admin.php(32): view('v_template_admin', [...])
10 SYSTEMPATH\CodeIgniter.php(904): App\Controllers\Admin->index()
11 SYSTEMPATH\CodeIgniter.php(457): CodeIgniter\CodeIgniter->runController(Object(App\Controllers\Admin))
12 SYSTEMPATH\CodeIgniter.php(340): CodeIgniter\CodeIgniter->handleRequest(null, Object(Config\Cache), false)
13 FCPATH\index.php(67): CodeIgniter\CodeIgniter->run()
CRITICAL - 2023-10-21 08:44:27 --> Invalid file: kas-ikt/v_kas_ikt_masuk.php
in SYSTEMPATH\Exceptions\FrameworkException.php on line 33.
 1 SYSTEMPATH\View\View.php(201): CodeIgniter\Exceptions\FrameworkException::forInvalidFile('kas-ikt/v_kas_ikt_masuk.php')
 2 SYSTEMPATH\Common.php(1137): CodeIgniter\View\View->render('kas-ikt/v_kas_ikt_masuk', [], true)
 3 APPPATH\Views\v_template_admin.php(376): view('kas-ikt/v_kas_ikt_masuk')
 4 SYSTEMPATH\View\View.php(213): include('APPPATH\\Views\\v_template_admin.php')
 5 SYSTEMPATH\View\View.php(216): CodeIgniter\View\View->CodeIgniter\View\{closure}()
 6 SYSTEMPATH\Common.php(1137): CodeIgniter\View\View->render('v_template_admin', [], true)
 7 APPPATH\Controllers\KasIkt.php(41): view('v_template_admin', [...])
 8 SYSTEMPATH\CodeIgniter.php(904): App\Controllers\KasIkt->KasMasuk()
 9 SYSTEMPATH\CodeIgniter.php(457): CodeIgniter\CodeIgniter->runController(Object(App\Controllers\KasIkt))
10 SYSTEMPATH\CodeIgniter.php(340): CodeIgniter\CodeIgniter->handleRequest(null, Object(Config\Cache), false)
11 FCPATH\index.php(67): CodeIgniter\CodeIgniter->run()
CRITICAL - 2023-10-21 09:31:02 --> Undefined array key "nama_ikt"
in APPPATH\Views\kas-ikt\v_laporan_kas_ikt.php on line 55.
 1 APPPATH\Views\kas-ikt\v_laporan_kas_ikt.php(55): CodeIgniter\Debug\Exceptions->errorHandler(2, 'Undefined array key "nama_ikt"', 'APPPATH\\Views\\kas-ikt\\v_laporan_kas_ikt.php', 55)
 2 SYSTEMPATH\View\View.php(213): include('APPPATH\\Views\\kas-ikt\\v_laporan_kas_ikt.php')
 3 SYSTEMPATH\View\View.php(216): CodeIgniter\View\View->CodeIgniter\View\{closure}()
 4 SYSTEMPATH\Common.php(1137): CodeIgniter\View\View->render('kas-ikt/v_laporan_kas_ikt', [], true)
 5 APPPATH\Views\v_template_admin.php(376): view('kas-ikt/v_laporan_kas_ikt')
 6 SYSTEMPATH\View\View.php(213): include('APPPATH\\Views\\v_template_admin.php')
 7 SYSTEMPATH\View\View.php(216): CodeIgniter\View\View->CodeIgniter\View\{closure}()
 8 SYSTEMPATH\Common.php(1137): CodeIgniter\View\View->render('v_template_admin', [], true)
 9 APPPATH\Controllers\KasIkt.php(140): view('v_template_admin', [...])
10 SYSTEMPATH\CodeIgniter.php(904): App\Controllers\KasIkt->Laporan()
11 SYSTEMPATH\CodeIgniter.php(457): CodeIgniter\CodeIgniter->runController(Object(App\Controllers\KasIkt))
12 SYSTEMPATH\CodeIgniter.php(340): CodeIgniter\CodeIgniter->handleRequest(null, Object(Config\Cache), false)
13 FCPATH\index.php(67): CodeIgniter\CodeIgniter->run()
CRITICAL - 2023-10-21 09:33:16 --> Undefined variable $masjid
in APPPATH\Views\kas-ikt\v_laporan_kas_ikt.php on line 55.
 1 APPPATH\Views\kas-ikt\v_laporan_kas_ikt.php(55): CodeIgniter\Debug\Exceptions->errorHandler(2, 'Undefined variable $masjid', 'APPPATH\\Views\\kas-ikt\\v_laporan_kas_ikt.php', 55)
 2 SYSTEMPATH\View\View.php(213): include('APPPATH\\Views\\kas-ikt\\v_laporan_kas_ikt.php')
 3 SYSTEMPATH\View\View.php(216): CodeIgniter\View\View->CodeIgniter\View\{closure}()
 4 SYSTEMPATH\Common.php(1137): CodeIgniter\View\View->render('kas-ikt/v_laporan_kas_ikt', [], true)
 5 APPPATH\Views\v_template_admin.php(376): view('kas-ikt/v_laporan_kas_ikt')
 6 SYSTEMPATH\View\View.php(213): include('APPPATH\\Views\\v_template_admin.php')
 7 SYSTEMPATH\View\View.php(216): CodeIgniter\View\View->CodeIgniter\View\{closure}()
 8 SYSTEMPATH\Common.php(1137): CodeIgniter\View\View->render('v_template_admin', [], true)
 9 APPPATH\Controllers\KasIkt.php(140): view('v_template_admin', [...])
10 SYSTEMPATH\CodeIgniter.php(904): App\Controllers\KasIkt->Laporan()
11 SYSTEMPATH\CodeIgniter.php(457): CodeIgniter\CodeIgniter->runController(Object(App\Controllers\KasIkt))
12 SYSTEMPATH\CodeIgniter.php(340): CodeIgniter\CodeIgniter->handleRequest(null, Object(Config\Cache), false)
13 FCPATH\index.php(67): CodeIgniter\CodeIgniter->run()
ERROR - 2023-10-21 09:35:40 --> mysqli_sql_exception: Table 'ta-eben-ikt.tbl_kas_sosial' doesn't exist in C:\laragon\www\ta-eben-ikt\system\Database\MySQLi\Connection.php:292
Stack trace:
#0 C:\laragon\www\ta-eben-ikt\system\Database\MySQLi\Connection.php(292): mysqli->query('SELECT *\nFROM `...', 0)
#1 C:\laragon\www\ta-eben-ikt\system\Database\BaseConnection.php(693): CodeIgniter\Database\MySQLi\Connection->execute('SELECT *\nFROM `...')
#2 C:\laragon\www\ta-eben-ikt\system\Database\BaseConnection.php(620): CodeIgniter\Database\BaseConnection->simpleQuery('SELECT *\nFROM `...')
#3 C:\laragon\www\ta-eben-ikt\system\Database\BaseBuilder.php(1585): CodeIgniter\Database\BaseConnection->query('SELECT *\nFROM `...', Array, false)
#4 C:\laragon\www\ta-eben-ikt\app\Models\ModelKasSosial.php(12): CodeIgniter\Database\BaseBuilder->get()
#5 C:\laragon\www\ta-eben-ikt\app\Controllers\Home.php(38): App\Models\ModelKasSosial->AllData()
#6 C:\laragon\www\ta-eben-ikt\system\CodeIgniter.php(904): App\Controllers\Home->index()
#7 C:\laragon\www\ta-eben-ikt\system\CodeIgniter.php(457): CodeIgniter\CodeIgniter->runController(Object(App\Controllers\Home))
#8 C:\laragon\www\ta-eben-ikt\system\CodeIgniter.php(340): CodeIgniter\CodeIgniter->handleRequest(NULL, Object(Config\Cache), false)
#9 C:\laragon\www\ta-eben-ikt\public\index.php(67): CodeIgniter\CodeIgniter->run()
#10 {main}
CRITICAL - 2023-10-21 09:35:40 --> Table 'ta-eben-ikt.tbl_kas_sosial' doesn't exist
in SYSTEMPATH\Database\MySQLi\Connection.php on line 292.
 1 SYSTEMPATH\Database\MySQLi\Connection.php(292): mysqli->query('SELECT *
FROM `tbl_kas_sosial`', 0)
 2 SYSTEMPATH\Database\BaseConnection.php(693): CodeIgniter\Database\MySQLi\Connection->execute('SELECT *
FROM `tbl_kas_sosial`')
 3 SYSTEMPATH\Database\BaseConnection.php(620): CodeIgniter\Database\BaseConnection->simpleQuery('SELECT *
FROM `tbl_kas_sosial`')
 4 SYSTEMPATH\Database\BaseBuilder.php(1585): CodeIgniter\Database\BaseConnection->query('SELECT *
FROM `tbl_kas_sosial`', [], false)
 5 APPPATH\Models\ModelKasSosial.php(12): CodeIgniter\Database\BaseBuilder->get()
 6 APPPATH\Controllers\Home.php(38): App\Models\ModelKasSosial->AllData()
 7 SYSTEMPATH\CodeIgniter.php(904): App\Controllers\Home->index()
 8 SYSTEMPATH\CodeIgniter.php(457): CodeIgniter\CodeIgniter->runController(Object(App\Controllers\Home))
 9 SYSTEMPATH\CodeIgniter.php(340): CodeIgniter\CodeIgniter->handleRequest(null, Object(Config\Cache), false)
10 FCPATH\index.php(67): CodeIgniter\CodeIgniter->run()
ERROR - 2023-10-21 09:35:43 --> mysqli_sql_exception: Table 'ta-eben-ikt.tbl_kas_sosial' doesn't exist in C:\laragon\www\ta-eben-ikt\system\Database\MySQLi\Connection.php:292
Stack trace:
#0 C:\laragon\www\ta-eben-ikt\system\Database\MySQLi\Connection.php(292): mysqli->query('SELECT *\nFROM `...', 0)
#1 C:\laragon\www\ta-eben-ikt\system\Database\BaseConnection.php(693): CodeIgniter\Database\MySQLi\Connection->execute('SELECT *\nFROM `...')
#2 C:\laragon\www\ta-eben-ikt\system\Database\BaseConnection.php(620): CodeIgniter\Database\BaseConnection->simpleQuery('SELECT *\nFROM `...')
#3 C:\laragon\www\ta-eben-ikt\system\Database\BaseBuilder.php(1585): CodeIgniter\Database\BaseConnection->query('SELECT *\nFROM `...', Array, false)
#4 C:\laragon\www\ta-eben-ikt\app\Models\ModelKasSosial.php(12): CodeIgniter\Database\BaseBuilder->get()
#5 C:\laragon\www\ta-eben-ikt\app\Controllers\Home.php(38): App\Models\ModelKasSosial->AllData()
#6 C:\laragon\www\ta-eben-ikt\system\CodeIgniter.php(904): App\Controllers\Home->index()
#7 C:\laragon\www\ta-eben-ikt\system\CodeIgniter.php(457): CodeIgniter\CodeIgniter->runController(Object(App\Controllers\Home))
#8 C:\laragon\www\ta-eben-ikt\system\CodeIgniter.php(340): CodeIgniter\CodeIgniter->handleRequest(NULL, Object(Config\Cache), false)
#9 C:\laragon\www\ta-eben-ikt\public\index.php(67): CodeIgniter\CodeIgniter->run()
#10 {main}
CRITICAL - 2023-10-21 09:35:43 --> Table 'ta-eben-ikt.tbl_kas_sosial' doesn't exist
in SYSTEMPATH\Database\MySQLi\Connection.php on line 292.
 1 SYSTEMPATH\Database\MySQLi\Connection.php(292): mysqli->query('SELECT *
FROM `tbl_kas_sosial`', 0)
 2 SYSTEMPATH\Database\BaseConnection.php(693): CodeIgniter\Database\MySQLi\Connection->execute('SELECT *
FROM `tbl_kas_sosial`')
 3 SYSTEMPATH\Database\BaseConnection.php(620): CodeIgniter\Database\BaseConnection->simpleQuery('SELECT *
FROM `tbl_kas_sosial`')
 4 SYSTEMPATH\Database\BaseBuilder.php(1585): CodeIgniter\Database\BaseConnection->query('SELECT *
FROM `tbl_kas_sosial`', [], false)
 5 APPPATH\Models\ModelKasSosial.php(12): CodeIgniter\Database\BaseBuilder->get()
 6 APPPATH\Controllers\Home.php(38): App\Models\ModelKasSosial->AllData()
 7 SYSTEMPATH\CodeIgniter.php(904): App\Controllers\Home->index()
 8 SYSTEMPATH\CodeIgniter.php(457): CodeIgniter\CodeIgniter->runController(Object(App\Controllers\Home))
 9 SYSTEMPATH\CodeIgniter.php(340): CodeIgniter\CodeIgniter->handleRequest(null, Object(Config\Cache), false)
10 FCPATH\index.php(67): CodeIgniter\CodeIgniter->run()
CRITICAL - 2023-10-21 09:36:28 --> Undefined property: App\Controllers\Home::$ModelKasSosial
in APPPATH\Controllers\Home.php on line 38.
 1 APPPATH\Controllers\Home.php(38): CodeIgniter\Debug\Exceptions->errorHandler(2, 'Undefined property: App\\Controllers\\Home::$ModelKasSosial', 'APPPATH\\Controllers\\Home.php', 38)
 2 SYSTEMPATH\CodeIgniter.php(904): App\Controllers\Home->index()
 3 SYSTEMPATH\CodeIgniter.php(457): CodeIgniter\CodeIgniter->runController(Object(App\Controllers\Home))
 4 SYSTEMPATH\CodeIgniter.php(340): CodeIgniter\CodeIgniter->handleRequest(null, Object(Config\Cache), false)
 5 FCPATH\index.php(67): CodeIgniter\CodeIgniter->run()
ERROR - 2023-10-21 09:36:35 --> mysqli_sql_exception: Table 'ta-eben-ikt.tbl_kelompok' doesn't exist in C:\laragon\www\ta-eben-ikt\system\Database\MySQLi\Connection.php:292
Stack trace:
#0 C:\laragon\www\ta-eben-ikt\system\Database\MySQLi\Connection.php(292): mysqli->query('SELECT *\nFROM `...', 0)
#1 C:\laragon\www\ta-eben-ikt\system\Database\BaseConnection.php(693): CodeIgniter\Database\MySQLi\Connection->execute('SELECT *\nFROM `...')
#2 C:\laragon\www\ta-eben-ikt\system\Database\BaseConnection.php(620): CodeIgniter\Database\BaseConnection->simpleQuery('SELECT *\nFROM `...')
#3 C:\laragon\www\ta-eben-ikt\system\Database\BaseBuilder.php(1585): CodeIgniter\Database\BaseConnection->query('SELECT *\nFROM `...', Array, false)
#4 C:\laragon\www\ta-eben-ikt\app\Models\ModelHome.php(23): CodeIgniter\Database\BaseBuilder->get()
#5 C:\laragon\www\ta-eben-ikt\app\Controllers\Home.php(39): App\Models\ModelHome->AllDataKelompok()
#6 C:\laragon\www\ta-eben-ikt\system\CodeIgniter.php(904): App\Controllers\Home->index()
#7 C:\laragon\www\ta-eben-ikt\system\CodeIgniter.php(457): CodeIgniter\CodeIgniter->runController(Object(App\Controllers\Home))
#8 C:\laragon\www\ta-eben-ikt\system\CodeIgniter.php(340): CodeIgniter\CodeIgniter->handleRequest(NULL, Object(Config\Cache), false)
#9 C:\laragon\www\ta-eben-ikt\public\index.php(67): CodeIgniter\CodeIgniter->run()
#10 {main}
CRITICAL - 2023-10-21 09:36:35 --> Table 'ta-eben-ikt.tbl_kelompok' doesn't exist
in SYSTEMPATH\Database\MySQLi\Connection.php on line 292.
 1 SYSTEMPATH\Database\MySQLi\Connection.php(292): mysqli->query('SELECT *
FROM `tbl_kelompok`
LEFT JOIN `tbl_tahun` ON `tbl_tahun`.`id_tahun` = `tbl_kelompok`.`id_tahun`
WHERE `tahun_m` = \'2023\'', 0)
 2 SYSTEMPATH\Database\BaseConnection.php(693): CodeIgniter\Database\MySQLi\Connection->execute('SELECT *
FROM `tbl_kelompok`
LEFT JOIN `tbl_tahun` ON `tbl_tahun`.`id_tahun` = `tbl_kelompok`.`id_tahun`
WHERE `tahun_m` = \'2023\'')
 3 SYSTEMPATH\Database\BaseConnection.php(620): CodeIgniter\Database\BaseConnection->simpleQuery('SELECT *
FROM `tbl_kelompok`
LEFT JOIN `tbl_tahun` ON `tbl_tahun`.`id_tahun` = `tbl_kelompok`.`id_tahun`
WHERE `tahun_m` = \'2023\'')
 4 SYSTEMPATH\Database\BaseBuilder.php(1585): CodeIgniter\Database\BaseConnection->query('SELECT *
FROM `tbl_kelompok`
LEFT JOIN `tbl_tahun` ON `tbl_tahun`.`id_tahun` = `tbl_kelompok`.`id_tahun`
WHERE `tahun_m` = :tahun_m:', [...], false)
 5 APPPATH\Models\ModelHome.php(23): CodeIgniter\Database\BaseBuilder->get()
 6 APPPATH\Controllers\Home.php(39): App\Models\ModelHome->AllDataKelompok()
 7 SYSTEMPATH\CodeIgniter.php(904): App\Controllers\Home->index()
 8 SYSTEMPATH\CodeIgniter.php(457): CodeIgniter\CodeIgniter->runController(Object(App\Controllers\Home))
 9 SYSTEMPATH\CodeIgniter.php(340): CodeIgniter\CodeIgniter->handleRequest(null, Object(Config\Cache), false)
10 FCPATH\index.php(67): CodeIgniter\CodeIgniter->run()
ERROR - 2023-10-21 09:37:43 --> mysqli_sql_exception: Table 'ta-eben-ikt.tbl_kas_sosial' doesn't exist in C:\laragon\www\ta-eben-ikt\system\Database\MySQLi\Connection.php:292
Stack trace:
#0 C:\laragon\www\ta-eben-ikt\system\Database\MySQLi\Connection.php(292): mysqli->query('SELECT *\nFROM `...', 0)
#1 C:\laragon\www\ta-eben-ikt\system\Database\BaseConnection.php(693): CodeIgniter\Database\MySQLi\Connection->execute('SELECT *\nFROM `...')
#2 C:\laragon\www\ta-eben-ikt\system\Database\BaseConnection.php(620): CodeIgniter\Database\BaseConnection->simpleQuery('SELECT *\nFROM `...')
#3 C:\laragon\www\ta-eben-ikt\system\Database\BaseBuilder.php(1585): CodeIgniter\Database\BaseConnection->query('SELECT *\nFROM `...', Array, false)
#4 C:\laragon\www\ta-eben-ikt\app\Models\ModelKasSosial.php(12): CodeIgniter\Database\BaseBuilder->get()
#5 C:\laragon\www\ta-eben-ikt\app\Controllers\Home.php(38): App\Models\ModelKasSosial->AllData()
#6 C:\laragon\www\ta-eben-ikt\system\CodeIgniter.php(904): App\Controllers\Home->index()
#7 C:\laragon\www\ta-eben-ikt\system\CodeIgniter.php(457): CodeIgniter\CodeIgniter->runController(Object(App\Controllers\Home))
#8 C:\laragon\www\ta-eben-ikt\system\CodeIgniter.php(340): CodeIgniter\CodeIgniter->handleRequest(NULL, Object(Config\Cache), false)
#9 C:\laragon\www\ta-eben-ikt\public\index.php(67): CodeIgniter\CodeIgniter->run()
#10 {main}
CRITICAL - 2023-10-21 09:37:43 --> Table 'ta-eben-ikt.tbl_kas_sosial' doesn't exist
in SYSTEMPATH\Database\MySQLi\Connection.php on line 292.
 1 SYSTEMPATH\Database\MySQLi\Connection.php(292): mysqli->query('SELECT *
FROM `tbl_kas_sosial`', 0)
 2 SYSTEMPATH\Database\BaseConnection.php(693): CodeIgniter\Database\MySQLi\Connection->execute('SELECT *
FROM `tbl_kas_sosial`')
 3 SYSTEMPATH\Database\BaseConnection.php(620): CodeIgniter\Database\BaseConnection->simpleQuery('SELECT *
FROM `tbl_kas_sosial`')
 4 SYSTEMPATH\Database\BaseBuilder.php(1585): CodeIgniter\Database\BaseConnection->query('SELECT *
FROM `tbl_kas_sosial`', [], false)
 5 APPPATH\Models\ModelKasSosial.php(12): CodeIgniter\Database\BaseBuilder->get()
 6 APPPATH\Controllers\Home.php(38): App\Models\ModelKasSosial->AllData()
 7 SYSTEMPATH\CodeIgniter.php(904): App\Controllers\Home->index()
 8 SYSTEMPATH\CodeIgniter.php(457): CodeIgniter\CodeIgniter->runController(Object(App\Controllers\Home))
 9 SYSTEMPATH\CodeIgniter.php(340): CodeIgniter\CodeIgniter->handleRequest(null, Object(Config\Cache), false)
10 FCPATH\index.php(67): CodeIgniter\CodeIgniter->run()
CRITICAL - 2023-10-21 09:39:04 --> Class "App\Models\ModelKasMasjid" not found
in APPPATH\Controllers\Admin.php on line 16.
 1 SYSTEMPATH\CodeIgniter.php(866): App\Controllers\Admin->__construct()
 2 SYSTEMPATH\CodeIgniter.php(448): CodeIgniter\CodeIgniter->createController()
 3 SYSTEMPATH\CodeIgniter.php(340): CodeIgniter\CodeIgniter->handleRequest(null, Object(Config\Cache), false)
 4 FCPATH\index.php(67): CodeIgniter\CodeIgniter->run()
CRITICAL - 2023-10-21 09:40:13 --> You must set the database table to be used with your query.
in SYSTEMPATH\Database\BaseConnection.php on line 872.
 1 SYSTEMPATH\Model.php(586): CodeIgniter\Database\BaseConnection->table(null)
 2 SYSTEMPATH\Model.php(763): CodeIgniter\Model->builder()
 3 APPPATH\Controllers\Admin.php(29): CodeIgniter\Model->__call('AllDataKasIkt', [])
 4 SYSTEMPATH\CodeIgniter.php(904): App\Controllers\Admin->index()
 5 SYSTEMPATH\CodeIgniter.php(457): CodeIgniter\CodeIgniter->runController(Object(App\Controllers\Admin))
 6 SYSTEMPATH\CodeIgniter.php(340): CodeIgniter\CodeIgniter->handleRequest(null, Object(Config\Cache), false)
 7 FCPATH\index.php(67): CodeIgniter\CodeIgniter->run()
CRITICAL - 2023-10-21 09:41:42 --> You must set the database table to be used with your query.
in SYSTEMPATH\Database\BaseConnection.php on line 872.
 1 SYSTEMPATH\Model.php(586): CodeIgniter\Database\BaseConnection->table(null)
 2 SYSTEMPATH\Model.php(763): CodeIgniter\Model->builder()
 3 APPPATH\Controllers\Admin.php(29): CodeIgniter\Model->__call('AllDataKasIkt', [])
 4 SYSTEMPATH\CodeIgniter.php(904): App\Controllers\Admin->index()
 5 SYSTEMPATH\CodeIgniter.php(457): CodeIgniter\CodeIgniter->runController(Object(App\Controllers\Admin))
 6 SYSTEMPATH\CodeIgniter.php(340): CodeIgniter\CodeIgniter->handleRequest(null, Object(Config\Cache), false)
 7 FCPATH\index.php(67): CodeIgniter\CodeIgniter->run()
CRITICAL - 2023-10-21 09:41:43 --> You must set the database table to be used with your query.
in SYSTEMPATH\Database\BaseConnection.php on line 872.
 1 SYSTEMPATH\Model.php(586): CodeIgniter\Database\BaseConnection->table(null)
 2 SYSTEMPATH\Model.php(763): CodeIgniter\Model->builder()
 3 APPPATH\Controllers\Admin.php(29): CodeIgniter\Model->__call('AllDataKasIkt', [])
 4 SYSTEMPATH\CodeIgniter.php(904): App\Controllers\Admin->index()
 5 SYSTEMPATH\CodeIgniter.php(457): CodeIgniter\CodeIgniter->runController(Object(App\Controllers\Admin))
 6 SYSTEMPATH\CodeIgniter.php(340): CodeIgniter\CodeIgniter->handleRequest(null, Object(Config\Cache), false)
 7 FCPATH\index.php(67): CodeIgniter\CodeIgniter->run()
CRITICAL - 2023-10-21 09:42:42 --> You must set the database table to be used with your query.
in SYSTEMPATH\Database\BaseConnection.php on line 872.
 1 SYSTEMPATH\Model.php(586): CodeIgniter\Database\BaseConnection->table(null)
 2 SYSTEMPATH\Model.php(763): CodeIgniter\Model->builder()
 3 APPPATH\Controllers\Admin.php(29): CodeIgniter\Model->__call('AllDataKasIkt', [])
 4 SYSTEMPATH\CodeIgniter.php(904): App\Controllers\Admin->index()
 5 SYSTEMPATH\CodeIgniter.php(457): CodeIgniter\CodeIgniter->runController(Object(App\Controllers\Admin))
 6 SYSTEMPATH\CodeIgniter.php(340): CodeIgniter\CodeIgniter->handleRequest(null, Object(Config\Cache), false)
 7 FCPATH\index.php(67): CodeIgniter\CodeIgniter->run()
CRITICAL - 2023-10-21 09:42:43 --> You must set the database table to be used with your query.
in SYSTEMPATH\Database\BaseConnection.php on line 872.
 1 SYSTEMPATH\Model.php(586): CodeIgniter\Database\BaseConnection->table(null)
 2 SYSTEMPATH\Model.php(763): CodeIgniter\Model->builder()
 3 APPPATH\Controllers\Admin.php(29): CodeIgniter\Model->__call('AllDataKasIkt', [])
 4 SYSTEMPATH\CodeIgniter.php(904): App\Controllers\Admin->index()
 5 SYSTEMPATH\CodeIgniter.php(457): CodeIgniter\CodeIgniter->runController(Object(App\Controllers\Admin))
 6 SYSTEMPATH\CodeIgniter.php(340): CodeIgniter\CodeIgniter->handleRequest(null, Object(Config\Cache), false)
 7 FCPATH\index.php(67): CodeIgniter\CodeIgniter->run()
CRITICAL - 2023-10-21 09:42:43 --> You must set the database table to be used with your query.
in SYSTEMPATH\Database\BaseConnection.php on line 872.
 1 SYSTEMPATH\Model.php(586): CodeIgniter\Database\BaseConnection->table(null)
 2 SYSTEMPATH\Model.php(763): CodeIgniter\Model->builder()
 3 APPPATH\Controllers\Admin.php(29): CodeIgniter\Model->__call('AllDataKasIkt', [])
 4 SYSTEMPATH\CodeIgniter.php(904): App\Controllers\Admin->index()
 5 SYSTEMPATH\CodeIgniter.php(457): CodeIgniter\CodeIgniter->runController(Object(App\Controllers\Admin))
 6 SYSTEMPATH\CodeIgniter.php(340): CodeIgniter\CodeIgniter->handleRequest(null, Object(Config\Cache), false)
 7 FCPATH\index.php(67): CodeIgniter\CodeIgniter->run()
CRITICAL - 2023-10-21 09:42:43 --> You must set the database table to be used with your query.
in SYSTEMPATH\Database\BaseConnection.php on line 872.
 1 SYSTEMPATH\Model.php(586): CodeIgniter\Database\BaseConnection->table(null)
 2 SYSTEMPATH\Model.php(763): CodeIgniter\Model->builder()
 3 APPPATH\Controllers\Admin.php(29): CodeIgniter\Model->__call('AllDataKasIkt', [])
 4 SYSTEMPATH\CodeIgniter.php(904): App\Controllers\Admin->index()
 5 SYSTEMPATH\CodeIgniter.php(457): CodeIgniter\CodeIgniter->runController(Object(App\Controllers\Admin))
 6 SYSTEMPATH\CodeIgniter.php(340): CodeIgniter\CodeIgniter->handleRequest(null, Object(Config\Cache), false)
 7 FCPATH\index.php(67): CodeIgniter\CodeIgniter->run()
CRITICAL - 2023-10-21 09:43:13 --> You must set the database table to be used with your query.
in SYSTEMPATH\Database\BaseConnection.php on line 872.
 1 SYSTEMPATH\Model.php(586): CodeIgniter\Database\BaseConnection->table(null)
 2 SYSTEMPATH\Model.php(763): CodeIgniter\Model->builder()
 3 APPPATH\Controllers\Admin.php(29): CodeIgniter\Model->__call('AllDataKasIkt', [])
 4 SYSTEMPATH\CodeIgniter.php(904): App\Controllers\Admin->index()
 5 SYSTEMPATH\CodeIgniter.php(457): CodeIgniter\CodeIgniter->runController(Object(App\Controllers\Admin))
 6 SYSTEMPATH\CodeIgniter.php(340): CodeIgniter\CodeIgniter->handleRequest(null, Object(Config\Cache), false)
 7 FCPATH\index.php(67): CodeIgniter\CodeIgniter->run()
CRITICAL - 2023-10-21 09:44:41 --> You must set the database table to be used with your query.
in SYSTEMPATH\Database\BaseConnection.php on line 872.
 1 SYSTEMPATH\Model.php(586): CodeIgniter\Database\BaseConnection->table(null)
 2 SYSTEMPATH\Model.php(763): CodeIgniter\Model->builder()
 3 APPPATH\Controllers\Admin.php(26): CodeIgniter\Model->__call('AllDataKasIkt', [])
 4 SYSTEMPATH\CodeIgniter.php(904): App\Controllers\Admin->index()
 5 SYSTEMPATH\CodeIgniter.php(457): CodeIgniter\CodeIgniter->runController(Object(App\Controllers\Admin))
 6 SYSTEMPATH\CodeIgniter.php(340): CodeIgniter\CodeIgniter->handleRequest(null, Object(Config\Cache), false)
 7 FCPATH\index.php(67): CodeIgniter\CodeIgniter->run()
CRITICAL - 2023-10-21 09:44:42 --> You must set the database table to be used with your query.
in SYSTEMPATH\Database\BaseConnection.php on line 872.
 1 SYSTEMPATH\Model.php(586): CodeIgniter\Database\BaseConnection->table(null)
 2 SYSTEMPATH\Model.php(763): CodeIgniter\Model->builder()
 3 APPPATH\Controllers\Admin.php(26): CodeIgniter\Model->__call('AllDataKasIkt', [])
 4 SYSTEMPATH\CodeIgniter.php(904): App\Controllers\Admin->index()
 5 SYSTEMPATH\CodeIgniter.php(457): CodeIgniter\CodeIgniter->runController(Object(App\Controllers\Admin))
 6 SYSTEMPATH\CodeIgniter.php(340): CodeIgniter\CodeIgniter->handleRequest(null, Object(Config\Cache), false)
 7 FCPATH\index.php(67): CodeIgniter\CodeIgniter->run()
CRITICAL - 2023-10-21 09:45:18 --> Undefined variable $kasmasjid
in APPPATH\Views\v_dashboard.php on line 75.
 1 APPPATH\Views\v_dashboard.php(75): CodeIgniter\Debug\Exceptions->errorHandler(2, 'Undefined variable $kasmasjid', 'APPPATH\\Views\\v_dashboard.php', 75)
 2 SYSTEMPATH\View\View.php(213): include('APPPATH\\Views\\v_dashboard.php')
 3 SYSTEMPATH\View\View.php(216): CodeIgniter\View\View->CodeIgniter\View\{closure}()
 4 SYSTEMPATH\Common.php(1137): CodeIgniter\View\View->render('v_dashboard', [], true)
 5 APPPATH\Views\v_template_admin.php(376): view('v_dashboard')
 6 SYSTEMPATH\View\View.php(213): include('APPPATH\\Views\\v_template_admin.php')
 7 SYSTEMPATH\View\View.php(216): CodeIgniter\View\View->CodeIgniter\View\{closure}()
 8 SYSTEMPATH\Common.php(1137): CodeIgniter\View\View->render('v_template_admin', [], true)
 9 APPPATH\Controllers\Admin.php(28): view('v_template_admin', [...])
10 SYSTEMPATH\CodeIgniter.php(904): App\Controllers\Admin->index()
11 SYSTEMPATH\CodeIgniter.php(457): CodeIgniter\CodeIgniter->runController(Object(App\Controllers\Admin))
12 SYSTEMPATH\CodeIgniter.php(340): CodeIgniter\CodeIgniter->handleRequest(null, Object(Config\Cache), false)
13 FCPATH\index.php(67): CodeIgniter\CodeIgniter->run()
CRITICAL - 2023-10-21 09:45:35 --> Undefined variable $kas_m
in APPPATH\Views\v_dashboard.php on line 2.
 1 APPPATH\Views\v_dashboard.php(2): CodeIgniter\Debug\Exceptions->errorHandler(2, 'Undefined variable $kas_m', 'APPPATH\\Views\\v_dashboard.php', 2)
 2 SYSTEMPATH\View\View.php(213): include('APPPATH\\Views\\v_dashboard.php')
 3 SYSTEMPATH\View\View.php(216): CodeIgniter\View\View->CodeIgniter\View\{closure}()
 4 SYSTEMPATH\Common.php(1137): CodeIgniter\View\View->render('v_dashboard', [], true)
 5 APPPATH\Views\v_template_admin.php(376): view('v_dashboard')
 6 SYSTEMPATH\View\View.php(213): include('APPPATH\\Views\\v_template_admin.php')
 7 SYSTEMPATH\View\View.php(216): CodeIgniter\View\View->CodeIgniter\View\{closure}()
 8 SYSTEMPATH\Common.php(1137): CodeIgniter\View\View->render('v_template_admin', [], true)
 9 APPPATH\Controllers\Admin.php(28): view('v_template_admin', [...])
10 SYSTEMPATH\CodeIgniter.php(904): App\Controllers\Admin->index()
11 SYSTEMPATH\CodeIgniter.php(457): CodeIgniter\CodeIgniter->runController(Object(App\Controllers\Admin))
12 SYSTEMPATH\CodeIgniter.php(340): CodeIgniter\CodeIgniter->handleRequest(null, Object(Config\Cache), false)
13 FCPATH\index.php(67): CodeIgniter\CodeIgniter->run()
CRITICAL - 2023-10-21 09:45:56 --> Undefined variable $kasmasjid
in APPPATH\Views\v_dashboard.php on line 75.
 1 APPPATH\Views\v_dashboard.php(75): CodeIgniter\Debug\Exceptions->errorHandler(2, 'Undefined variable $kasmasjid', 'APPPATH\\Views\\v_dashboard.php', 75)
 2 SYSTEMPATH\View\View.php(213): include('APPPATH\\Views\\v_dashboard.php')
 3 SYSTEMPATH\View\View.php(216): CodeIgniter\View\View->CodeIgniter\View\{closure}()
 4 SYSTEMPATH\Common.php(1137): CodeIgniter\View\View->render('v_dashboard', [], true)
 5 APPPATH\Views\v_template_admin.php(376): view('v_dashboard')
 6 SYSTEMPATH\View\View.php(213): include('APPPATH\\Views\\v_template_admin.php')
 7 SYSTEMPATH\View\View.php(216): CodeIgniter\View\View->CodeIgniter\View\{closure}()
 8 SYSTEMPATH\Common.php(1137): CodeIgniter\View\View->render('v_template_admin', [], true)
 9 APPPATH\Controllers\Admin.php(28): view('v_template_admin', [...])
10 SYSTEMPATH\CodeIgniter.php(904): App\Controllers\Admin->index()
11 SYSTEMPATH\CodeIgniter.php(457): CodeIgniter\CodeIgniter->runController(Object(App\Controllers\Admin))
12 SYSTEMPATH\CodeIgniter.php(340): CodeIgniter\CodeIgniter->handleRequest(null, Object(Config\Cache), false)
13 FCPATH\index.php(67): CodeIgniter\CodeIgniter->run()
CRITICAL - 2023-10-21 09:49:01 --> Class "App\Models\ModelKasMasjid" not found
in APPPATH\Controllers\Home.php on line 19.
 1 SYSTEMPATH\CodeIgniter.php(866): App\Controllers\Home->__construct()
 2 SYSTEMPATH\CodeIgniter.php(448): CodeIgniter\CodeIgniter->createController()
 3 SYSTEMPATH\CodeIgniter.php(340): CodeIgniter\CodeIgniter->handleRequest(null, Object(Config\Cache), false)
 4 FCPATH\index.php(67): CodeIgniter\CodeIgniter->run()
CRITICAL - 2023-10-21 09:54:57 --> You must set the database table to be used with your query.
in SYSTEMPATH\Database\BaseConnection.php on line 872.
 1 SYSTEMPATH\Model.php(586): CodeIgniter\Database\BaseConnection->table(null)
 2 SYSTEMPATH\Model.php(763): CodeIgniter\Model->builder()
 3 APPPATH\Controllers\Home.php(36): CodeIgniter\Model->__call('AllDataKelompok', [])
 4 SYSTEMPATH\CodeIgniter.php(904): App\Controllers\Home->index()
 5 SYSTEMPATH\CodeIgniter.php(457): CodeIgniter\CodeIgniter->runController(Object(App\Controllers\Home))
 6 SYSTEMPATH\CodeIgniter.php(340): CodeIgniter\CodeIgniter->handleRequest(null, Object(Config\Cache), false)
 7 FCPATH\index.php(67): CodeIgniter\CodeIgniter->run()
CRITICAL - 2023-10-21 09:58:04 --> You must set the database table to be used with your query.
in SYSTEMPATH\Database\BaseConnection.php on line 872.
 1 SYSTEMPATH\Model.php(586): CodeIgniter\Database\BaseConnection->table(null)
 2 SYSTEMPATH\Model.php(763): CodeIgniter\Model->builder()
 3 APPPATH\Controllers\Home.php(36): CodeIgniter\Model->__call('AllDataKelompok', [])
 4 SYSTEMPATH\CodeIgniter.php(904): App\Controllers\Home->index()
 5 SYSTEMPATH\CodeIgniter.php(457): CodeIgniter\CodeIgniter->runController(Object(App\Controllers\Home))
 6 SYSTEMPATH\CodeIgniter.php(340): CodeIgniter\CodeIgniter->handleRequest(null, Object(Config\Cache), false)
 7 FCPATH\index.php(67): CodeIgniter\CodeIgniter->run()
CRITICAL - 2023-10-21 09:58:05 --> You must set the database table to be used with your query.
in SYSTEMPATH\Database\BaseConnection.php on line 872.
 1 SYSTEMPATH\Model.php(586): CodeIgniter\Database\BaseConnection->table(null)
 2 SYSTEMPATH\Model.php(763): CodeIgniter\Model->builder()
 3 APPPATH\Controllers\Home.php(36): CodeIgniter\Model->__call('AllDataKelompok', [])
 4 SYSTEMPATH\CodeIgniter.php(904): App\Controllers\Home->index()
 5 SYSTEMPATH\CodeIgniter.php(457): CodeIgniter\CodeIgniter->runController(Object(App\Controllers\Home))
 6 SYSTEMPATH\CodeIgniter.php(340): CodeIgniter\CodeIgniter->handleRequest(null, Object(Config\Cache), false)
 7 FCPATH\index.php(67): CodeIgniter\CodeIgniter->run()
CRITICAL - 2023-10-21 09:58:05 --> You must set the database table to be used with your query.
in SYSTEMPATH\Database\BaseConnection.php on line 872.
 1 SYSTEMPATH\Model.php(586): CodeIgniter\Database\BaseConnection->table(null)
 2 SYSTEMPATH\Model.php(763): CodeIgniter\Model->builder()
 3 APPPATH\Controllers\Home.php(36): CodeIgniter\Model->__call('AllDataKelompok', [])
 4 SYSTEMPATH\CodeIgniter.php(904): App\Controllers\Home->index()
 5 SYSTEMPATH\CodeIgniter.php(457): CodeIgniter\CodeIgniter->runController(Object(App\Controllers\Home))
 6 SYSTEMPATH\CodeIgniter.php(340): CodeIgniter\CodeIgniter->handleRequest(null, Object(Config\Cache), false)
 7 FCPATH\index.php(67): CodeIgniter\CodeIgniter->run()
ERROR - 2023-10-21 09:58:36 --> mysqli_sql_exception: Unknown column 'tahun_m' in 'where clause' in C:\laragon\www\ta-eben-ikt\system\Database\MySQLi\Connection.php:292
Stack trace:
#0 C:\laragon\www\ta-eben-ikt\system\Database\MySQLi\Connection.php(292): mysqli->query('SELECT *\nFROM `...', 0)
#1 C:\laragon\www\ta-eben-ikt\system\Database\BaseConnection.php(693): CodeIgniter\Database\MySQLi\Connection->execute('SELECT *\nFROM `...')
#2 C:\laragon\www\ta-eben-ikt\system\Database\BaseConnection.php(620): CodeIgniter\Database\BaseConnection->simpleQuery('SELECT *\nFROM `...')
#3 C:\laragon\www\ta-eben-ikt\system\Database\BaseBuilder.php(1585): CodeIgniter\Database\BaseConnection->query('SELECT *\nFROM `...', Array, false)
#4 C:\laragon\www\ta-eben-ikt\app\Models\ModelHome.php(23): CodeIgniter\Database\BaseBuilder->get()
#5 C:\laragon\www\ta-eben-ikt\app\Controllers\Home.php(36): App\Models\ModelHome->AllDataKerukunan()
#6 C:\laragon\www\ta-eben-ikt\system\CodeIgniter.php(904): App\Controllers\Home->index()
#7 C:\laragon\www\ta-eben-ikt\system\CodeIgniter.php(457): CodeIgniter\CodeIgniter->runController(Object(App\Controllers\Home))
#8 C:\laragon\www\ta-eben-ikt\system\CodeIgniter.php(340): CodeIgniter\CodeIgniter->handleRequest(NULL, Object(Config\Cache), false)
#9 C:\laragon\www\ta-eben-ikt\public\index.php(67): CodeIgniter\CodeIgniter->run()
#10 {main}
CRITICAL - 2023-10-21 09:58:36 --> Unknown column 'tahun_m' in 'where clause'
in SYSTEMPATH\Database\MySQLi\Connection.php on line 292.
 1 SYSTEMPATH\Database\MySQLi\Connection.php(292): mysqli->query('SELECT *
FROM `tbl_kerukunan`
LEFT JOIN `tahun_tbl` ON `tahun_tbl`.`id_tahun` = `tbl_kerukunan`.`id_tahun`
WHERE `tahun_m` = \'2023\'', 0)
 2 SYSTEMPATH\Database\BaseConnection.php(693): CodeIgniter\Database\MySQLi\Connection->execute('SELECT *
FROM `tbl_kerukunan`
LEFT JOIN `tahun_tbl` ON `tahun_tbl`.`id_tahun` = `tbl_kerukunan`.`id_tahun`
WHERE `tahun_m` = \'2023\'')
 3 SYSTEMPATH\Database\BaseConnection.php(620): CodeIgniter\Database\BaseConnection->simpleQuery('SELECT *
FROM `tbl_kerukunan`
LEFT JOIN `tahun_tbl` ON `tahun_tbl`.`id_tahun` = `tbl_kerukunan`.`id_tahun`
WHERE `tahun_m` = \'2023\'')
 4 SYSTEMPATH\Database\BaseBuilder.php(1585): CodeIgniter\Database\BaseConnection->query('SELECT *
FROM `tbl_kerukunan`
LEFT JOIN `tahun_tbl` ON `tahun_tbl`.`id_tahun` = `tbl_kerukunan`.`id_tahun`
WHERE `tahun_m` = :tahun_m:', [...], false)
 5 APPPATH\Models\ModelHome.php(23): CodeIgniter\Database\BaseBuilder->get()
 6 APPPATH\Controllers\Home.php(36): App\Models\ModelHome->AllDataKerukunan()
 7 SYSTEMPATH\CodeIgniter.php(904): App\Controllers\Home->index()
 8 SYSTEMPATH\CodeIgniter.php(457): CodeIgniter\CodeIgniter->runController(Object(App\Controllers\Home))
 9 SYSTEMPATH\CodeIgniter.php(340): CodeIgniter\CodeIgniter->handleRequest(null, Object(Config\Cache), false)
10 FCPATH\index.php(67): CodeIgniter\CodeIgniter->run()
CRITICAL - 2023-10-21 12:28:42 --> Undefined variable $kas_m
in APPPATH\Views\v_home.php on line 9.
 1 APPPATH\Views\v_home.php(9): CodeIgniter\Debug\Exceptions->errorHandler(2, 'Undefined variable $kas_m', 'APPPATH\\Views\\v_home.php', 9)
 2 SYSTEMPATH\View\View.php(213): include('APPPATH\\Views\\v_home.php')
 3 SYSTEMPATH\View\View.php(216): CodeIgniter\View\View->CodeIgniter\View\{closure}()
 4 SYSTEMPATH\Common.php(1137): CodeIgniter\View\View->render('v_home', [], true)
 5 APPPATH\Views\v_template.php(153): view('v_home')
 6 SYSTEMPATH\View\View.php(213): include('APPPATH\\Views\\v_template.php')
 7 SYSTEMPATH\View\View.php(216): CodeIgniter\View\View->CodeIgniter\View\{closure}()
 8 SYSTEMPATH\Common.php(1137): CodeIgniter\View\View->render('v_template', [], true)
 9 APPPATH\Controllers\Home.php(39): view('v_template', [...])
10 SYSTEMPATH\CodeIgniter.php(904): App\Controllers\Home->index()
11 SYSTEMPATH\CodeIgniter.php(457): CodeIgniter\CodeIgniter->runController(Object(App\Controllers\Home))
12 SYSTEMPATH\CodeIgniter.php(340): CodeIgniter\CodeIgniter->handleRequest(null, Object(Config\Cache), false)
13 FCPATH\index.php(67): CodeIgniter\CodeIgniter->run()
CRITICAL - 2023-10-21 12:28:47 --> Undefined variable $kas_m
in APPPATH\Views\v_home.php on line 9.
 1 APPPATH\Views\v_home.php(9): CodeIgniter\Debug\Exceptions->errorHandler(2, 'Undefined variable $kas_m', 'APPPATH\\Views\\v_home.php', 9)
 2 SYSTEMPATH\View\View.php(213): include('APPPATH\\Views\\v_home.php')
 3 SYSTEMPATH\View\View.php(216): CodeIgniter\View\View->CodeIgniter\View\{closure}()
 4 SYSTEMPATH\Common.php(1137): CodeIgniter\View\View->render('v_home', [], true)
 5 APPPATH\Views\v_template.php(153): view('v_home')
 6 SYSTEMPATH\View\View.php(213): include('APPPATH\\Views\\v_template.php')
 7 SYSTEMPATH\View\View.php(216): CodeIgniter\View\View->CodeIgniter\View\{closure}()
 8 SYSTEMPATH\Common.php(1137): CodeIgniter\View\View->render('v_template', [], true)
 9 APPPATH\Controllers\Home.php(39): view('v_template', [...])
10 SYSTEMPATH\CodeIgniter.php(904): App\Controllers\Home->index()
11 SYSTEMPATH\CodeIgniter.php(457): CodeIgniter\CodeIgniter->runController(Object(App\Controllers\Home))
12 SYSTEMPATH\CodeIgniter.php(340): CodeIgniter\CodeIgniter->handleRequest(null, Object(Config\Cache), false)
13 FCPATH\index.php(67): CodeIgniter\CodeIgniter->run()
CRITICAL - 2023-10-21 12:28:48 --> Undefined variable $kas_m
in APPPATH\Views\v_home.php on line 9.
 1 APPPATH\Views\v_home.php(9): CodeIgniter\Debug\Exceptions->errorHandler(2, 'Undefined variable $kas_m', 'APPPATH\\Views\\v_home.php', 9)
 2 SYSTEMPATH\View\View.php(213): include('APPPATH\\Views\\v_home.php')
 3 SYSTEMPATH\View\View.php(216): CodeIgniter\View\View->CodeIgniter\View\{closure}()
 4 SYSTEMPATH\Common.php(1137): CodeIgniter\View\View->render('v_home', [], true)
 5 APPPATH\Views\v_template.php(153): view('v_home')
 6 SYSTEMPATH\View\View.php(213): include('APPPATH\\Views\\v_template.php')
 7 SYSTEMPATH\View\View.php(216): CodeIgniter\View\View->CodeIgniter\View\{closure}()
 8 SYSTEMPATH\Common.php(1137): CodeIgniter\View\View->render('v_template', [], true)
 9 APPPATH\Controllers\Home.php(39): view('v_template', [...])
10 SYSTEMPATH\CodeIgniter.php(904): App\Controllers\Home->index()
11 SYSTEMPATH\CodeIgniter.php(457): CodeIgniter\CodeIgniter->runController(Object(App\Controllers\Home))
12 SYSTEMPATH\CodeIgniter.php(340): CodeIgniter\CodeIgniter->handleRequest(null, Object(Config\Cache), false)
13 FCPATH\index.php(67): CodeIgniter\CodeIgniter->run()
CRITICAL - 2023-10-21 12:28:57 --> Undefined variable $kas_m
in APPPATH\Views\v_home.php on line 8.
 1 APPPATH\Views\v_home.php(8): CodeIgniter\Debug\Exceptions->errorHandler(2, 'Undefined variable $kas_m', 'APPPATH\\Views\\v_home.php', 8)
 2 SYSTEMPATH\View\View.php(213): include('APPPATH\\Views\\v_home.php')
 3 SYSTEMPATH\View\View.php(216): CodeIgniter\View\View->CodeIgniter\View\{closure}()
 4 SYSTEMPATH\Common.php(1137): CodeIgniter\View\View->render('v_home', [], true)
 5 APPPATH\Views\v_template.php(153): view('v_home')
 6 SYSTEMPATH\View\View.php(213): include('APPPATH\\Views\\v_template.php')
 7 SYSTEMPATH\View\View.php(216): CodeIgniter\View\View->CodeIgniter\View\{closure}()
 8 SYSTEMPATH\Common.php(1137): CodeIgniter\View\View->render('v_template', [], true)
 9 APPPATH\Controllers\Home.php(39): view('v_template', [...])
10 SYSTEMPATH\CodeIgniter.php(904): App\Controllers\Home->index()
11 SYSTEMPATH\CodeIgniter.php(457): CodeIgniter\CodeIgniter->runController(Object(App\Controllers\Home))
12 SYSTEMPATH\CodeIgniter.php(340): CodeIgniter\CodeIgniter->handleRequest(null, Object(Config\Cache), false)
13 FCPATH\index.php(67): CodeIgniter\CodeIgniter->run()
CRITICAL - 2023-10-21 12:28:58 --> Undefined variable $kas_m
in APPPATH\Views\v_home.php on line 8.
 1 APPPATH\Views\v_home.php(8): CodeIgniter\Debug\Exceptions->errorHandler(2, 'Undefined variable $kas_m', 'APPPATH\\Views\\v_home.php', 8)
 2 SYSTEMPATH\View\View.php(213): include('APPPATH\\Views\\v_home.php')
 3 SYSTEMPATH\View\View.php(216): CodeIgniter\View\View->CodeIgniter\View\{closure}()
 4 SYSTEMPATH\Common.php(1137): CodeIgniter\View\View->render('v_home', [], true)
 5 APPPATH\Views\v_template.php(153): view('v_home')
 6 SYSTEMPATH\View\View.php(213): include('APPPATH\\Views\\v_template.php')
 7 SYSTEMPATH\View\View.php(216): CodeIgniter\View\View->CodeIgniter\View\{closure}()
 8 SYSTEMPATH\Common.php(1137): CodeIgniter\View\View->render('v_template', [], true)
 9 APPPATH\Controllers\Home.php(39): view('v_template', [...])
10 SYSTEMPATH\CodeIgniter.php(904): App\Controllers\Home->index()
11 SYSTEMPATH\CodeIgniter.php(457): CodeIgniter\CodeIgniter->runController(Object(App\Controllers\Home))
12 SYSTEMPATH\CodeIgniter.php(340): CodeIgniter\CodeIgniter->handleRequest(null, Object(Config\Cache), false)
13 FCPATH\index.php(67): CodeIgniter\CodeIgniter->run()
CRITICAL - 2023-10-21 12:29:52 --> Undefined variable $saldo_m
in APPPATH\Views\v_home.php on line 37.
 1 APPPATH\Views\v_home.php(37): CodeIgniter\Debug\Exceptions->errorHandler(2, 'Undefined variable $saldo_m', 'APPPATH\\Views\\v_home.php', 37)
 2 SYSTEMPATH\View\View.php(213): include('APPPATH\\Views\\v_home.php')
 3 SYSTEMPATH\View\View.php(216): CodeIgniter\View\View->CodeIgniter\View\{closure}()
 4 SYSTEMPATH\Common.php(1137): CodeIgniter\View\View->render('v_home', [], true)
 5 APPPATH\Views\v_template.php(153): view('v_home')
 6 SYSTEMPATH\View\View.php(213): include('APPPATH\\Views\\v_template.php')
 7 SYSTEMPATH\View\View.php(216): CodeIgniter\View\View->CodeIgniter\View\{closure}()
 8 SYSTEMPATH\Common.php(1137): CodeIgniter\View\View->render('v_template', [], true)
 9 APPPATH\Controllers\Home.php(39): view('v_template', [...])
10 SYSTEMPATH\CodeIgniter.php(904): App\Controllers\Home->index()
11 SYSTEMPATH\CodeIgniter.php(457): CodeIgniter\CodeIgniter->runController(Object(App\Controllers\Home))
12 SYSTEMPATH\CodeIgniter.php(340): CodeIgniter\CodeIgniter->handleRequest(null, Object(Config\Cache), false)
13 FCPATH\index.php(67): CodeIgniter\CodeIgniter->run()
CRITICAL - 2023-10-21 12:31:19 --> Undefined variable $kas_m
in APPPATH\Views\v_home.php on line 11.
 1 APPPATH\Views\v_home.php(11): CodeIgniter\Debug\Exceptions->errorHandler(2, 'Undefined variable $kas_m', 'APPPATH\\Views\\v_home.php', 11)
 2 SYSTEMPATH\View\View.php(213): include('APPPATH\\Views\\v_home.php')
 3 SYSTEMPATH\View\View.php(216): CodeIgniter\View\View->CodeIgniter\View\{closure}()
 4 SYSTEMPATH\Common.php(1137): CodeIgniter\View\View->render('v_home', [], true)
 5 APPPATH\Views\v_template.php(153): view('v_home')
 6 SYSTEMPATH\View\View.php(213): include('APPPATH\\Views\\v_template.php')
 7 SYSTEMPATH\View\View.php(216): CodeIgniter\View\View->CodeIgniter\View\{closure}()
 8 SYSTEMPATH\Common.php(1137): CodeIgniter\View\View->render('v_template', [], true)
 9 APPPATH\Controllers\Home.php(39): view('v_template', [...])
10 SYSTEMPATH\CodeIgniter.php(904): App\Controllers\Home->index()
11 SYSTEMPATH\CodeIgniter.php(457): CodeIgniter\CodeIgniter->runController(Object(App\Controllers\Home))
12 SYSTEMPATH\CodeIgniter.php(340): CodeIgniter\CodeIgniter->handleRequest(null, Object(Config\Cache), false)
13 FCPATH\index.php(67): CodeIgniter\CodeIgniter->run()
CRITICAL - 2023-10-21 12:31:20 --> Undefined variable $kas_m
in APPPATH\Views\v_home.php on line 11.
 1 APPPATH\Views\v_home.php(11): CodeIgniter\Debug\Exceptions->errorHandler(2, 'Undefined variable $kas_m', 'APPPATH\\Views\\v_home.php', 11)
 2 SYSTEMPATH\View\View.php(213): include('APPPATH\\Views\\v_home.php')
 3 SYSTEMPATH\View\View.php(216): CodeIgniter\View\View->CodeIgniter\View\{closure}()
 4 SYSTEMPATH\Common.php(1137): CodeIgniter\View\View->render('v_home', [], true)
 5 APPPATH\Views\v_template.php(153): view('v_home')
 6 SYSTEMPATH\View\View.php(213): include('APPPATH\\Views\\v_template.php')
 7 SYSTEMPATH\View\View.php(216): CodeIgniter\View\View->CodeIgniter\View\{closure}()
 8 SYSTEMPATH\Common.php(1137): CodeIgniter\View\View->render('v_template', [], true)
 9 APPPATH\Controllers\Home.php(39): view('v_template', [...])
10 SYSTEMPATH\CodeIgniter.php(904): App\Controllers\Home->index()
11 SYSTEMPATH\CodeIgniter.php(457): CodeIgniter\CodeIgniter->runController(Object(App\Controllers\Home))
12 SYSTEMPATH\CodeIgniter.php(340): CodeIgniter\CodeIgniter->handleRequest(null, Object(Config\Cache), false)
13 FCPATH\index.php(67): CodeIgniter\CodeIgniter->run()
CRITICAL - 2023-10-21 12:31:20 --> Undefined variable $kas_m
in APPPATH\Views\v_home.php on line 11.
 1 APPPATH\Views\v_home.php(11): CodeIgniter\Debug\Exceptions->errorHandler(2, 'Undefined variable $kas_m', 'APPPATH\\Views\\v_home.php', 11)
 2 SYSTEMPATH\View\View.php(213): include('APPPATH\\Views\\v_home.php')
 3 SYSTEMPATH\View\View.php(216): CodeIgniter\View\View->CodeIgniter\View\{closure}()
 4 SYSTEMPATH\Common.php(1137): CodeIgniter\View\View->render('v_home', [], true)
 5 APPPATH\Views\v_template.php(153): view('v_home')
 6 SYSTEMPATH\View\View.php(213): include('APPPATH\\Views\\v_template.php')
 7 SYSTEMPATH\View\View.php(216): CodeIgniter\View\View->CodeIgniter\View\{closure}()
 8 SYSTEMPATH\Common.php(1137): CodeIgniter\View\View->render('v_template', [], true)
 9 APPPATH\Controllers\Home.php(39): view('v_template', [...])
10 SYSTEMPATH\CodeIgniter.php(904): App\Controllers\Home->index()
11 SYSTEMPATH\CodeIgniter.php(457): CodeIgniter\CodeIgniter->runController(Object(App\Controllers\Home))
12 SYSTEMPATH\CodeIgniter.php(340): CodeIgniter\CodeIgniter->handleRequest(null, Object(Config\Cache), false)
13 FCPATH\index.php(67): CodeIgniter\CodeIgniter->run()
CRITICAL - 2023-10-21 12:31:20 --> Undefined variable $kas_m
in APPPATH\Views\v_home.php on line 11.
 1 APPPATH\Views\v_home.php(11): CodeIgniter\Debug\Exceptions->errorHandler(2, 'Undefined variable $kas_m', 'APPPATH\\Views\\v_home.php', 11)
 2 SYSTEMPATH\View\View.php(213): include('APPPATH\\Views\\v_home.php')
 3 SYSTEMPATH\View\View.php(216): CodeIgniter\View\View->CodeIgniter\View\{closure}()
 4 SYSTEMPATH\Common.php(1137): CodeIgniter\View\View->render('v_home', [], true)
 5 APPPATH\Views\v_template.php(153): view('v_home')
 6 SYSTEMPATH\View\View.php(213): include('APPPATH\\Views\\v_template.php')
 7 SYSTEMPATH\View\View.php(216): CodeIgniter\View\View->CodeIgniter\View\{closure}()
 8 SYSTEMPATH\Common.php(1137): CodeIgniter\View\View->render('v_template', [], true)
 9 APPPATH\Controllers\Home.php(39): view('v_template', [...])
10 SYSTEMPATH\CodeIgniter.php(904): App\Controllers\Home->index()
11 SYSTEMPATH\CodeIgniter.php(457): CodeIgniter\CodeIgniter->runController(Object(App\Controllers\Home))
12 SYSTEMPATH\CodeIgniter.php(340): CodeIgniter\CodeIgniter->handleRequest(null, Object(Config\Cache), false)
13 FCPATH\index.php(67): CodeIgniter\CodeIgniter->run()
CRITICAL - 2023-10-21 12:31:20 --> Undefined variable $kas_m
in APPPATH\Views\v_home.php on line 11.
 1 APPPATH\Views\v_home.php(11): CodeIgniter\Debug\Exceptions->errorHandler(2, 'Undefined variable $kas_m', 'APPPATH\\Views\\v_home.php', 11)
 2 SYSTEMPATH\View\View.php(213): include('APPPATH\\Views\\v_home.php')
 3 SYSTEMPATH\View\View.php(216): CodeIgniter\View\View->CodeIgniter\View\{closure}()
 4 SYSTEMPATH\Common.php(1137): CodeIgniter\View\View->render('v_home', [], true)
 5 APPPATH\Views\v_template.php(153): view('v_home')
 6 SYSTEMPATH\View\View.php(213): include('APPPATH\\Views\\v_template.php')
 7 SYSTEMPATH\View\View.php(216): CodeIgniter\View\View->CodeIgniter\View\{closure}()
 8 SYSTEMPATH\Common.php(1137): CodeIgniter\View\View->render('v_template', [], true)
 9 APPPATH\Controllers\Home.php(39): view('v_template', [...])
10 SYSTEMPATH\CodeIgniter.php(904): App\Controllers\Home->index()
11 SYSTEMPATH\CodeIgniter.php(457): CodeIgniter\CodeIgniter->runController(Object(App\Controllers\Home))
12 SYSTEMPATH\CodeIgniter.php(340): CodeIgniter\CodeIgniter->handleRequest(null, Object(Config\Cache), false)
13 FCPATH\index.php(67): CodeIgniter\CodeIgniter->run()
CRITICAL - 2023-10-21 12:31:21 --> Undefined variable $kas_m
in APPPATH\Views\v_home.php on line 11.
 1 APPPATH\Views\v_home.php(11): CodeIgniter\Debug\Exceptions->errorHandler(2, 'Undefined variable $kas_m', 'APPPATH\\Views\\v_home.php', 11)
 2 SYSTEMPATH\View\View.php(213): include('APPPATH\\Views\\v_home.php')
 3 SYSTEMPATH\View\View.php(216): CodeIgniter\View\View->CodeIgniter\View\{closure}()
 4 SYSTEMPATH\Common.php(1137): CodeIgniter\View\View->render('v_home', [], true)
 5 APPPATH\Views\v_template.php(153): view('v_home')
 6 SYSTEMPATH\View\View.php(213): include('APPPATH\\Views\\v_template.php')
 7 SYSTEMPATH\View\View.php(216): CodeIgniter\View\View->CodeIgniter\View\{closure}()
 8 SYSTEMPATH\Common.php(1137): CodeIgniter\View\View->render('v_template', [], true)
 9 APPPATH\Controllers\Home.php(39): view('v_template', [...])
10 SYSTEMPATH\CodeIgniter.php(904): App\Controllers\Home->index()
11 SYSTEMPATH\CodeIgniter.php(457): CodeIgniter\CodeIgniter->runController(Object(App\Controllers\Home))
12 SYSTEMPATH\CodeIgniter.php(340): CodeIgniter\CodeIgniter->handleRequest(null, Object(Config\Cache), false)
13 FCPATH\index.php(67): CodeIgniter\CodeIgniter->run()
CRITICAL - 2023-10-21 12:32:20 --> Undefined variable $kas_m
in APPPATH\Views\v_template.php on line 138.
 1 APPPATH\Views\v_template.php(138): CodeIgniter\Debug\Exceptions->errorHandler(2, 'Undefined variable $kas_m', 'APPPATH\\Views\\v_template.php', 138)
 2 SYSTEMPATH\View\View.php(213): include('APPPATH\\Views\\v_template.php')
 3 SYSTEMPATH\View\View.php(216): CodeIgniter\View\View->CodeIgniter\View\{closure}()
 4 SYSTEMPATH\Common.php(1137): CodeIgniter\View\View->render('v_template', [], true)
 5 APPPATH\Controllers\Home.php(39): view('v_template', [...])
 6 SYSTEMPATH\CodeIgniter.php(904): App\Controllers\Home->index()
 7 SYSTEMPATH\CodeIgniter.php(457): CodeIgniter\CodeIgniter->runController(Object(App\Controllers\Home))
 8 SYSTEMPATH\CodeIgniter.php(340): CodeIgniter\CodeIgniter->handleRequest(null, Object(Config\Cache), false)
 9 FCPATH\index.php(67): CodeIgniter\CodeIgniter->run()
CRITICAL - 2023-10-21 12:32:25 --> Undefined variable $kas_m
in APPPATH\Views\v_template.php on line 138.
 1 APPPATH\Views\v_template.php(138): CodeIgniter\Debug\Exceptions->errorHandler(2, 'Undefined variable $kas_m', 'APPPATH\\Views\\v_template.php', 138)
 2 SYSTEMPATH\View\View.php(213): include('APPPATH\\Views\\v_template.php')
 3 SYSTEMPATH\View\View.php(216): CodeIgniter\View\View->CodeIgniter\View\{closure}()
 4 SYSTEMPATH\Common.php(1137): CodeIgniter\View\View->render('v_template', [], true)
 5 APPPATH\Controllers\Home.php(39): view('v_template', [...])
 6 SYSTEMPATH\CodeIgniter.php(904): App\Controllers\Home->index()
 7 SYSTEMPATH\CodeIgniter.php(457): CodeIgniter\CodeIgniter->runController(Object(App\Controllers\Home))
 8 SYSTEMPATH\CodeIgniter.php(340): CodeIgniter\CodeIgniter->handleRequest(null, Object(Config\Cache), false)
 9 FCPATH\index.php(67): CodeIgniter\CodeIgniter->run()
CRITICAL - 2023-10-21 12:32:27 --> Undefined variable $kas_m
in APPPATH\Views\v_template.php on line 138.
 1 APPPATH\Views\v_template.php(138): CodeIgniter\Debug\Exceptions->errorHandler(2, 'Undefined variable $kas_m', 'APPPATH\\Views\\v_template.php', 138)
 2 SYSTEMPATH\View\View.php(213): include('APPPATH\\Views\\v_template.php')
 3 SYSTEMPATH\View\View.php(216): CodeIgniter\View\View->CodeIgniter\View\{closure}()
 4 SYSTEMPATH\Common.php(1137): CodeIgniter\View\View->render('v_template', [], true)
 5 APPPATH\Controllers\Home.php(39): view('v_template', [...])
 6 SYSTEMPATH\CodeIgniter.php(904): App\Controllers\Home->index()
 7 SYSTEMPATH\CodeIgniter.php(457): CodeIgniter\CodeIgniter->runController(Object(App\Controllers\Home))
 8 SYSTEMPATH\CodeIgniter.php(340): CodeIgniter\CodeIgniter->handleRequest(null, Object(Config\Cache), false)
 9 FCPATH\index.php(67): CodeIgniter\CodeIgniter->run()
CRITICAL - 2023-10-21 12:33:17 --> Undefined variable $saldo_m
in APPPATH\Views\v_template.php on line 177.
 1 APPPATH\Views\v_template.php(177): CodeIgniter\Debug\Exceptions->errorHandler(2, 'Undefined variable $saldo_m', 'APPPATH\\Views\\v_template.php', 177)
 2 SYSTEMPATH\View\View.php(213): include('APPPATH\\Views\\v_template.php')
 3 SYSTEMPATH\View\View.php(216): CodeIgniter\View\View->CodeIgniter\View\{closure}()
 4 SYSTEMPATH\Common.php(1137): CodeIgniter\View\View->render('v_template', [], true)
 5 APPPATH\Controllers\Home.php(39): view('v_template', [...])
 6 SYSTEMPATH\CodeIgniter.php(904): App\Controllers\Home->index()
 7 SYSTEMPATH\CodeIgniter.php(457): CodeIgniter\CodeIgniter->runController(Object(App\Controllers\Home))
 8 SYSTEMPATH\CodeIgniter.php(340): CodeIgniter\CodeIgniter->handleRequest(null, Object(Config\Cache), false)
 9 FCPATH\index.php(67): CodeIgniter\CodeIgniter->run()
CRITICAL - 2023-10-21 12:33:19 --> Undefined variable $saldo_m
in APPPATH\Views\v_template.php on line 177.
 1 APPPATH\Views\v_template.php(177): CodeIgniter\Debug\Exceptions->errorHandler(2, 'Undefined variable $saldo_m', 'APPPATH\\Views\\v_template.php', 177)
 2 SYSTEMPATH\View\View.php(213): include('APPPATH\\Views\\v_template.php')
 3 SYSTEMPATH\View\View.php(216): CodeIgniter\View\View->CodeIgniter\View\{closure}()
 4 SYSTEMPATH\Common.php(1137): CodeIgniter\View\View->render('v_template', [], true)
 5 APPPATH\Controllers\Home.php(39): view('v_template', [...])
 6 SYSTEMPATH\CodeIgniter.php(904): App\Controllers\Home->index()
 7 SYSTEMPATH\CodeIgniter.php(457): CodeIgniter\CodeIgniter->runController(Object(App\Controllers\Home))
 8 SYSTEMPATH\CodeIgniter.php(340): CodeIgniter\CodeIgniter->handleRequest(null, Object(Config\Cache), false)
 9 FCPATH\index.php(67): CodeIgniter\CodeIgniter->run()
CRITICAL - 2023-10-21 12:34:24 --> Undefined variable $kas_m
in APPPATH\Views\v_template.php on line 142.
 1 APPPATH\Views\v_template.php(142): CodeIgniter\Debug\Exceptions->errorHandler(2, 'Undefined variable $kas_m', 'APPPATH\\Views\\v_template.php', 142)
 2 SYSTEMPATH\View\View.php(213): include('APPPATH\\Views\\v_template.php')
 3 SYSTEMPATH\View\View.php(216): CodeIgniter\View\View->CodeIgniter\View\{closure}()
 4 SYSTEMPATH\Common.php(1137): CodeIgniter\View\View->render('v_template', [], true)
 5 APPPATH\Controllers\Home.php(39): view('v_template', [...])
 6 SYSTEMPATH\CodeIgniter.php(904): App\Controllers\Home->index()
 7 SYSTEMPATH\CodeIgniter.php(457): CodeIgniter\CodeIgniter->runController(Object(App\Controllers\Home))
 8 SYSTEMPATH\CodeIgniter.php(340): CodeIgniter\CodeIgniter->handleRequest(null, Object(Config\Cache), false)
 9 FCPATH\index.php(67): CodeIgniter\CodeIgniter->run()
CRITICAL - 2023-10-21 12:35:58 --> number_format(): Argument #1 ($num) must be of type float, array given
in APPPATH\Views\v_template.php on line 157.
 1 APPPATH\Views\v_template.php(157): number_format([...], 0)
 2 SYSTEMPATH\View\View.php(213): include('APPPATH\\Views\\v_template.php')
 3 SYSTEMPATH\View\View.php(216): CodeIgniter\View\View->CodeIgniter\View\{closure}()
 4 SYSTEMPATH\Common.php(1137): CodeIgniter\View\View->render('v_template', [], true)
 5 APPPATH\Controllers\Home.php(39): view('v_template', [...])
 6 SYSTEMPATH\CodeIgniter.php(904): App\Controllers\Home->index()
 7 SYSTEMPATH\CodeIgniter.php(457): CodeIgniter\CodeIgniter->runController(Object(App\Controllers\Home))
 8 SYSTEMPATH\CodeIgniter.php(340): CodeIgniter\CodeIgniter->handleRequest(null, Object(Config\Cache), false)
 9 FCPATH\index.php(67): CodeIgniter\CodeIgniter->run()
CRITICAL - 2023-10-21 12:36:16 --> number_format(): Argument #1 ($num) must be of type float, array given
in APPPATH\Views\v_template.php on line 157.
 1 APPPATH\Views\v_template.php(157): number_format([...], 0)
 2 SYSTEMPATH\View\View.php(213): include('APPPATH\\Views\\v_template.php')
 3 SYSTEMPATH\View\View.php(216): CodeIgniter\View\View->CodeIgniter\View\{closure}()
 4 SYSTEMPATH\Common.php(1137): CodeIgniter\View\View->render('v_template', [], true)
 5 APPPATH\Controllers\Home.php(39): view('v_template', [...])
 6 SYSTEMPATH\CodeIgniter.php(904): App\Controllers\Home->index()
 7 SYSTEMPATH\CodeIgniter.php(457): CodeIgniter\CodeIgniter->runController(Object(App\Controllers\Home))
 8 SYSTEMPATH\CodeIgniter.php(340): CodeIgniter\CodeIgniter->handleRequest(null, Object(Config\Cache), false)
 9 FCPATH\index.php(67): CodeIgniter\CodeIgniter->run()
CRITICAL - 2023-10-21 12:43:13 --> Undefined variable $saldo_m
in APPPATH\Views\v_dashboard.php on line 21.
 1 APPPATH\Views\v_dashboard.php(21): CodeIgniter\Debug\Exceptions->errorHandler(2, 'Undefined variable $saldo_m', 'APPPATH\\Views\\v_dashboard.php', 21)
 2 SYSTEMPATH\View\View.php(213): include('APPPATH\\Views\\v_dashboard.php')
 3 SYSTEMPATH\View\View.php(216): CodeIgniter\View\View->CodeIgniter\View\{closure}()
 4 SYSTEMPATH\Common.php(1137): CodeIgniter\View\View->render('v_dashboard', [], true)
 5 APPPATH\Views\v_template_admin.php(261): view('v_dashboard')
 6 SYSTEMPATH\View\View.php(213): include('APPPATH\\Views\\v_template_admin.php')
 7 SYSTEMPATH\View\View.php(216): CodeIgniter\View\View->CodeIgniter\View\{closure}()
 8 SYSTEMPATH\Common.php(1137): CodeIgniter\View\View->render('v_template_admin', [], true)
 9 APPPATH\Controllers\Admin.php(28): view('v_template_admin', [...])
10 SYSTEMPATH\CodeIgniter.php(904): App\Controllers\Admin->index()
11 SYSTEMPATH\CodeIgniter.php(457): CodeIgniter\CodeIgniter->runController(Object(App\Controllers\Admin))
12 SYSTEMPATH\CodeIgniter.php(340): CodeIgniter\CodeIgniter->handleRequest(null, Object(Config\Cache), false)
13 FCPATH\index.php(67): CodeIgniter\CodeIgniter->run()
