CRITICAL - 2024-03-24 18:49:43 --> Creation of dynamic property App\Controllers\Home::$ModelHome is deprecated
in APPPATH\Controllers\Home.php on line 16.
 1 APPPATH\Controllers\Home.php(16): CodeIgniter\Debug\Exceptions->errorHandler(8192, 'Creation of dynamic property App\\Controllers\\Home::$ModelHome is deprecated', 'APPPATH\\Controllers\\Home.php', 16)
 2 SYSTEMPATH\CodeIgniter.php(866): App\Controllers\Home->__construct()
 3 SYSTEMPATH\CodeIgniter.php(448): CodeIgniter\CodeIgniter->createController()
 4 SYSTEMPATH\CodeIgniter.php(340): CodeIgniter\CodeIgniter->handleRequest(null, Object(Config\Cache), false)
 5 FCPATH\index.php(67): CodeIgniter\CodeIgniter->run()
 6 SYSTEMPATH\Commands\Server\rewrite.php(43): require_once('FCPATH\\index.php')
CRITICAL - 2024-03-24 18:51:03 --> Creation of dynamic property App\Controllers\Home::$ModelHome is deprecated
in APPPATH\Controllers\Home.php on line 16.
 1 APPPATH\Controllers\Home.php(16): CodeIgniter\Debug\Exceptions->errorHandler(8192, 'Creation of dynamic property App\\Controllers\\Home::$ModelHome is deprecated', 'APPPATH\\Controllers\\Home.php', 16)
 2 SYSTEMPATH\CodeIgniter.php(866): App\Controllers\Home->__construct()
 3 SYSTEMPATH\CodeIgniter.php(448): CodeIgniter\CodeIgniter->createController()
 4 SYSTEMPATH\CodeIgniter.php(340): CodeIgniter\CodeIgniter->handleRequest(null, Object(Config\Cache), false)
 5 FCPATH\index.php(67): CodeIgniter\CodeIgniter->run()
 6 SYSTEMPATH\Commands\Server\rewrite.php(43): require_once('FCPATH\\index.php')
CRITICAL - 2024-03-24 18:51:58 --> Creation of dynamic property App\Controllers\Home::$ModelHome is deprecated
in APPPATH\Controllers\Home.php on line 16.
 1 APPPATH\Controllers\Home.php(16): CodeIgniter\Debug\Exceptions->errorHandler(8192, 'Creation of dynamic property App\\Controllers\\Home::$ModelHome is deprecated', 'APPPATH\\Controllers\\Home.php', 16)
 2 SYSTEMPATH\CodeIgniter.php(866): App\Controllers\Home->__construct()
 3 SYSTEMPATH\CodeIgniter.php(448): CodeIgniter\CodeIgniter->createController()
 4 SYSTEMPATH\CodeIgniter.php(340): CodeIgniter\CodeIgniter->handleRequest(null, Object(Config\Cache), false)
 5 FCPATH\index.php(67): CodeIgniter\CodeIgniter->run()
 6 SYSTEMPATH\Commands\Server\rewrite.php(43): require_once('FCPATH\\index.php')
CRITICAL - 2024-03-24 18:52:25 --> Creation of dynamic property App\Controllers\Home::$ModelHome is deprecated
in APPPATH\Controllers\Home.php on line 16.
 1 APPPATH\Controllers\Home.php(16): CodeIgniter\Debug\Exceptions->errorHandler(8192, 'Creation of dynamic property App\\Controllers\\Home::$ModelHome is deprecated', 'APPPATH\\Controllers\\Home.php', 16)
 2 SYSTEMPATH\CodeIgniter.php(866): App\Controllers\Home->__construct()
 3 SYSTEMPATH\CodeIgniter.php(448): CodeIgniter\CodeIgniter->createController()
 4 SYSTEMPATH\CodeIgniter.php(340): CodeIgniter\CodeIgniter->handleRequest(null, Object(Config\Cache), false)
 5 FCPATH\index.php(67): CodeIgniter\CodeIgniter->run()
 6 SYSTEMPATH\Commands\Server\rewrite.php(43): require_once('FCPATH\\index.php')
CRITICAL - 2024-03-24 18:52:53 --> Creation of dynamic property App\Controllers\Home::$ModelAdmin is deprecated
in APPPATH\Controllers\Home.php on line 17.
 1 APPPATH\Controllers\Home.php(17): CodeIgniter\Debug\Exceptions->errorHandler(8192, 'Creation of dynamic property App\\Controllers\\Home::$ModelAdmin is deprecated', 'APPPATH\\Controllers\\Home.php', 17)
 2 SYSTEMPATH\CodeIgniter.php(866): App\Controllers\Home->__construct()
 3 SYSTEMPATH\CodeIgniter.php(448): CodeIgniter\CodeIgniter->createController()
 4 SYSTEMPATH\CodeIgniter.php(340): CodeIgniter\CodeIgniter->handleRequest(null, Object(Config\Cache), false)
 5 FCPATH\index.php(67): CodeIgniter\CodeIgniter->run()
 6 SYSTEMPATH\Commands\Server\rewrite.php(43): require_once('FCPATH\\index.php')
CRITICAL - 2024-03-24 18:53:15 --> Creation of dynamic property App\Controllers\Home::$ModelHome is deprecated
in APPPATH\Controllers\Home.php on line 16.
 1 APPPATH\Controllers\Home.php(16): CodeIgniter\Debug\Exceptions->errorHandler(8192, 'Creation of dynamic property App\\Controllers\\Home::$ModelHome is deprecated', 'APPPATH\\Controllers\\Home.php', 16)
 2 SYSTEMPATH\CodeIgniter.php(866): App\Controllers\Home->__construct()
 3 SYSTEMPATH\CodeIgniter.php(448): CodeIgniter\CodeIgniter->createController()
 4 SYSTEMPATH\CodeIgniter.php(340): CodeIgniter\CodeIgniter->handleRequest(null, Object(Config\Cache), false)
 5 FCPATH\index.php(67): CodeIgniter\CodeIgniter->run()
 6 SYSTEMPATH\Commands\Server\rewrite.php(43): require_once('FCPATH\\index.php')
CRITICAL - 2024-03-24 18:54:05 --> Creation of dynamic property App\Controllers\Home::$ModelHome is deprecated
in APPPATH\Controllers\Home.php on line 16.
 1 APPPATH\Controllers\Home.php(16): CodeIgniter\Debug\Exceptions->errorHandler(8192, 'Creation of dynamic property App\\Controllers\\Home::$ModelHome is deprecated', 'APPPATH\\Controllers\\Home.php', 16)
 2 SYSTEMPATH\CodeIgniter.php(866): App\Controllers\Home->__construct()
 3 SYSTEMPATH\CodeIgniter.php(448): CodeIgniter\CodeIgniter->createController()
 4 SYSTEMPATH\CodeIgniter.php(340): CodeIgniter\CodeIgniter->handleRequest(null, Object(Config\Cache), false)
 5 FCPATH\index.php(67): CodeIgniter\CodeIgniter->run()
 6 SYSTEMPATH\Commands\Server\rewrite.php(43): require_once('FCPATH\\index.php')
CRITICAL - 2024-03-24 18:54:06 --> Creation of dynamic property App\Controllers\Home::$ModelHome is deprecated
in APPPATH\Controllers\Home.php on line 16.
 1 APPPATH\Controllers\Home.php(16): CodeIgniter\Debug\Exceptions->errorHandler(8192, 'Creation of dynamic property App\\Controllers\\Home::$ModelHome is deprecated', 'APPPATH\\Controllers\\Home.php', 16)
 2 SYSTEMPATH\CodeIgniter.php(866): App\Controllers\Home->__construct()
 3 SYSTEMPATH\CodeIgniter.php(448): CodeIgniter\CodeIgniter->createController()
 4 SYSTEMPATH\CodeIgniter.php(340): CodeIgniter\CodeIgniter->handleRequest(null, Object(Config\Cache), false)
 5 FCPATH\index.php(67): CodeIgniter\CodeIgniter->run()
 6 SYSTEMPATH\Commands\Server\rewrite.php(43): require_once('FCPATH\\index.php')
CRITICAL - 2024-03-24 18:54:06 --> Creation of dynamic property App\Controllers\Home::$ModelHome is deprecated
in APPPATH\Controllers\Home.php on line 16.
 1 APPPATH\Controllers\Home.php(16): CodeIgniter\Debug\Exceptions->errorHandler(8192, 'Creation of dynamic property App\\Controllers\\Home::$ModelHome is deprecated', 'APPPATH\\Controllers\\Home.php', 16)
 2 SYSTEMPATH\CodeIgniter.php(866): App\Controllers\Home->__construct()
 3 SYSTEMPATH\CodeIgniter.php(448): CodeIgniter\CodeIgniter->createController()
 4 SYSTEMPATH\CodeIgniter.php(340): CodeIgniter\CodeIgniter->handleRequest(null, Object(Config\Cache), false)
 5 FCPATH\index.php(67): CodeIgniter\CodeIgniter->run()
 6 SYSTEMPATH\Commands\Server\rewrite.php(43): require_once('FCPATH\\index.php')
CRITICAL - 2024-03-24 18:55:03 --> Creation of dynamic property App\Controllers\Home::$ModelHome is deprecated
in APPPATH\Controllers\Home.php on line 16.
 1 APPPATH\Controllers\Home.php(16): CodeIgniter\Debug\Exceptions->errorHandler(8192, 'Creation of dynamic property App\\Controllers\\Home::$ModelHome is deprecated', 'APPPATH\\Controllers\\Home.php', 16)
 2 SYSTEMPATH\CodeIgniter.php(866): App\Controllers\Home->__construct()
 3 SYSTEMPATH\CodeIgniter.php(448): CodeIgniter\CodeIgniter->createController()
 4 SYSTEMPATH\CodeIgniter.php(340): CodeIgniter\CodeIgniter->handleRequest(null, Object(Config\Cache), false)
 5 FCPATH\index.php(67): CodeIgniter\CodeIgniter->run()
 6 SYSTEMPATH\Commands\Server\rewrite.php(43): require_once('FCPATH\\index.php')
CRITICAL - 2024-03-24 18:55:31 --> Creation of dynamic property App\Controllers\Home::$ModelHome is deprecated
in APPPATH\Controllers\Home.php on line 16.
 1 APPPATH\Controllers\Home.php(16): CodeIgniter\Debug\Exceptions->errorHandler(8192, 'Creation of dynamic property App\\Controllers\\Home::$ModelHome is deprecated', 'APPPATH\\Controllers\\Home.php', 16)
 2 SYSTEMPATH\CodeIgniter.php(866): App\Controllers\Home->__construct()
 3 SYSTEMPATH\CodeIgniter.php(448): CodeIgniter\CodeIgniter->createController()
 4 SYSTEMPATH\CodeIgniter.php(340): CodeIgniter\CodeIgniter->handleRequest(null, Object(Config\Cache), false)
 5 FCPATH\index.php(67): CodeIgniter\CodeIgniter->run()
 6 SYSTEMPATH\Commands\Server\rewrite.php(43): require_once('FCPATH\\index.php')
CRITICAL - 2024-03-24 18:55:31 --> Creation of dynamic property App\Controllers\Home::$ModelHome is deprecated
in APPPATH\Controllers\Home.php on line 16.
 1 APPPATH\Controllers\Home.php(16): CodeIgniter\Debug\Exceptions->errorHandler(8192, 'Creation of dynamic property App\\Controllers\\Home::$ModelHome is deprecated', 'APPPATH\\Controllers\\Home.php', 16)
 2 SYSTEMPATH\CodeIgniter.php(866): App\Controllers\Home->__construct()
 3 SYSTEMPATH\CodeIgniter.php(448): CodeIgniter\CodeIgniter->createController()
 4 SYSTEMPATH\CodeIgniter.php(340): CodeIgniter\CodeIgniter->handleRequest(null, Object(Config\Cache), false)
 5 FCPATH\index.php(67): CodeIgniter\CodeIgniter->run()
 6 SYSTEMPATH\Commands\Server\rewrite.php(43): require_once('FCPATH\\index.php')
CRITICAL - 2024-03-24 18:55:53 --> Cannot call constructor
in APPPATH\Controllers\Home.php on line 16.
 1 SYSTEMPATH\CodeIgniter.php(866): App\Controllers\Home->__construct()
 2 SYSTEMPATH\CodeIgniter.php(448): CodeIgniter\CodeIgniter->createController()
 3 SYSTEMPATH\CodeIgniter.php(340): CodeIgniter\CodeIgniter->handleRequest(null, Object(Config\Cache), false)
 4 FCPATH\index.php(67): CodeIgniter\CodeIgniter->run()
 5 SYSTEMPATH\Commands\Server\rewrite.php(43): require_once('FCPATH\\index.php')
CRITICAL - 2024-03-24 18:58:21 --> Creation of dynamic property App\Controllers\Home::$ModelHome is deprecated
in APPPATH\Controllers\Home.php on line 16.
 1 APPPATH\Controllers\Home.php(16): CodeIgniter\Debug\Exceptions->errorHandler(8192, 'Creation of dynamic property App\\Controllers\\Home::$ModelHome is deprecated', 'APPPATH\\Controllers\\Home.php', 16)
 2 SYSTEMPATH\CodeIgniter.php(866): App\Controllers\Home->__construct()
 3 SYSTEMPATH\CodeIgniter.php(448): CodeIgniter\CodeIgniter->createController()
 4 SYSTEMPATH\CodeIgniter.php(340): CodeIgniter\CodeIgniter->handleRequest(null, Object(Config\Cache), false)
 5 FCPATH\index.php(67): CodeIgniter\CodeIgniter->run()
 6 SYSTEMPATH\Commands\Server\rewrite.php(43): require_once('FCPATH\\index.php')
CRITICAL - 2024-03-24 18:58:33 --> Creation of dynamic property App\Controllers\Home::$ModelHome is deprecated
in APPPATH\Controllers\Home.php on line 24.
 1 APPPATH\Controllers\Home.php(24): CodeIgniter\Debug\Exceptions->errorHandler(8192, 'Creation of dynamic property App\\Controllers\\Home::$ModelHome is deprecated', 'APPPATH\\Controllers\\Home.php', 24)
 2 SYSTEMPATH\CodeIgniter.php(904): App\Controllers\Home->index()
 3 SYSTEMPATH\CodeIgniter.php(457): CodeIgniter\CodeIgniter->runController(Object(App\Controllers\Home))
 4 SYSTEMPATH\CodeIgniter.php(340): CodeIgniter\CodeIgniter->handleRequest(null, Object(Config\Cache), false)
 5 FCPATH\index.php(67): CodeIgniter\CodeIgniter->run()
 6 SYSTEMPATH\Commands\Server\rewrite.php(43): require_once('FCPATH\\index.php')
CRITICAL - 2024-03-24 19:00:07 --> Creation of dynamic property App\Controllers\Home::$ModelHome is deprecated
in APPPATH\Controllers\Home.php on line 16.
 1 APPPATH\Controllers\Home.php(16): CodeIgniter\Debug\Exceptions->errorHandler(8192, 'Creation of dynamic property App\\Controllers\\Home::$ModelHome is deprecated', 'APPPATH\\Controllers\\Home.php', 16)
 2 SYSTEMPATH\CodeIgniter.php(866): App\Controllers\Home->__construct()
 3 SYSTEMPATH\CodeIgniter.php(448): CodeIgniter\CodeIgniter->createController()
 4 SYSTEMPATH\CodeIgniter.php(340): CodeIgniter\CodeIgniter->handleRequest(null, Object(Config\Cache), false)
 5 FCPATH\index.php(67): CodeIgniter\CodeIgniter->run()
 6 SYSTEMPATH\Commands\Server\rewrite.php(43): require_once('FCPATH\\index.php')
CRITICAL - 2024-03-24 19:00:08 --> Creation of dynamic property App\Controllers\Home::$ModelHome is deprecated
in APPPATH\Controllers\Home.php on line 16.
 1 APPPATH\Controllers\Home.php(16): CodeIgniter\Debug\Exceptions->errorHandler(8192, 'Creation of dynamic property App\\Controllers\\Home::$ModelHome is deprecated', 'APPPATH\\Controllers\\Home.php', 16)
 2 SYSTEMPATH\CodeIgniter.php(866): App\Controllers\Home->__construct()
 3 SYSTEMPATH\CodeIgniter.php(448): CodeIgniter\CodeIgniter->createController()
 4 SYSTEMPATH\CodeIgniter.php(340): CodeIgniter\CodeIgniter->handleRequest(null, Object(Config\Cache), false)
 5 FCPATH\index.php(67): CodeIgniter\CodeIgniter->run()
 6 SYSTEMPATH\Commands\Server\rewrite.php(43): require_once('FCPATH\\index.php')
CRITICAL - 2024-03-24 19:02:35 --> Creation of dynamic property App\Controllers\Home::$home is deprecated
in APPPATH\Controllers\Home.php on line 16.
 1 APPPATH\Controllers\Home.php(16): CodeIgniter\Debug\Exceptions->errorHandler(8192, 'Creation of dynamic property App\\Controllers\\Home::$home is deprecated', 'APPPATH\\Controllers\\Home.php', 16)
 2 SYSTEMPATH\CodeIgniter.php(866): App\Controllers\Home->__construct()
 3 SYSTEMPATH\CodeIgniter.php(448): CodeIgniter\CodeIgniter->createController()
 4 SYSTEMPATH\CodeIgniter.php(340): CodeIgniter\CodeIgniter->handleRequest(null, Object(Config\Cache), false)
 5 FCPATH\index.php(67): CodeIgniter\CodeIgniter->run()
 6 SYSTEMPATH\Commands\Server\rewrite.php(43): require_once('FCPATH\\index.php')
CRITICAL - 2024-03-24 19:02:37 --> Creation of dynamic property App\Controllers\Home::$home is deprecated
in APPPATH\Controllers\Home.php on line 16.
 1 APPPATH\Controllers\Home.php(16): CodeIgniter\Debug\Exceptions->errorHandler(8192, 'Creation of dynamic property App\\Controllers\\Home::$home is deprecated', 'APPPATH\\Controllers\\Home.php', 16)
 2 SYSTEMPATH\CodeIgniter.php(866): App\Controllers\Home->__construct()
 3 SYSTEMPATH\CodeIgniter.php(448): CodeIgniter\CodeIgniter->createController()
 4 SYSTEMPATH\CodeIgniter.php(340): CodeIgniter\CodeIgniter->handleRequest(null, Object(Config\Cache), false)
 5 FCPATH\index.php(67): CodeIgniter\CodeIgniter->run()
 6 SYSTEMPATH\Commands\Server\rewrite.php(43): require_once('FCPATH\\index.php')
CRITICAL - 2024-03-24 19:02:37 --> Creation of dynamic property App\Controllers\Home::$home is deprecated
in APPPATH\Controllers\Home.php on line 16.
 1 APPPATH\Controllers\Home.php(16): CodeIgniter\Debug\Exceptions->errorHandler(8192, 'Creation of dynamic property App\\Controllers\\Home::$home is deprecated', 'APPPATH\\Controllers\\Home.php', 16)
 2 SYSTEMPATH\CodeIgniter.php(866): App\Controllers\Home->__construct()
 3 SYSTEMPATH\CodeIgniter.php(448): CodeIgniter\CodeIgniter->createController()
 4 SYSTEMPATH\CodeIgniter.php(340): CodeIgniter\CodeIgniter->handleRequest(null, Object(Config\Cache), false)
 5 FCPATH\index.php(67): CodeIgniter\CodeIgniter->run()
 6 SYSTEMPATH\Commands\Server\rewrite.php(43): require_once('FCPATH\\index.php')
CRITICAL - 2024-03-24 19:05:43 --> Creation of dynamic property App\Controllers\Home::$ModelAdmin is deprecated
in APPPATH\Controllers\Home.php on line 19.
 1 APPPATH\Controllers\Home.php(19): CodeIgniter\Debug\Exceptions->errorHandler(8192, 'Creation of dynamic property App\\Controllers\\Home::$ModelAdmin is deprecated', 'APPPATH\\Controllers\\Home.php', 19)
 2 SYSTEMPATH\CodeIgniter.php(866): App\Controllers\Home->__construct()
 3 SYSTEMPATH\CodeIgniter.php(448): CodeIgniter\CodeIgniter->createController()
 4 SYSTEMPATH\CodeIgniter.php(340): CodeIgniter\CodeIgniter->handleRequest(null, Object(Config\Cache), false)
 5 FCPATH\index.php(67): CodeIgniter\CodeIgniter->run()
 6 SYSTEMPATH\Commands\Server\rewrite.php(43): require_once('FCPATH\\index.php')
ERROR - 2024-03-24 19:06:15 --> mysqli_sql_exception: Table 'ta_henny.tbl_ibadah' doesn't exist in D:\Project-Freelancer\henny\henny\ta-eben-ikt\system\Database\MySQLi\Connection.php:292
Stack trace:
#0 D:\Project-Freelancer\henny\henny\ta-eben-ikt\system\Database\MySQLi\Connection.php(292): mysqli->query('SELECT *\nFROM `...', 0)
#1 D:\Project-Freelancer\henny\henny\ta-eben-ikt\system\Database\BaseConnection.php(693): CodeIgniter\Database\MySQLi\Connection->execute('SELECT *\nFROM `...')
#2 D:\Project-Freelancer\henny\henny\ta-eben-ikt\system\Database\BaseConnection.php(620): CodeIgniter\Database\BaseConnection->simpleQuery('SELECT *\nFROM `...')
#3 D:\Project-Freelancer\henny\henny\ta-eben-ikt\system\Database\BaseBuilder.php(1585): CodeIgniter\Database\BaseConnection->query('SELECT *\nFROM `...', Array, false)
#4 D:\Project-Freelancer\henny\henny\ta-eben-ikt\app\Models\ModelHome.php(44): CodeIgniter\Database\BaseBuilder->get()
#5 D:\Project-Freelancer\henny\henny\ta-eben-ikt\app\Controllers\Home.php(39): App\Models\ModelHome->Ibadah()
#6 D:\Project-Freelancer\henny\henny\ta-eben-ikt\system\CodeIgniter.php(904): App\Controllers\Home->index()
#7 D:\Project-Freelancer\henny\henny\ta-eben-ikt\system\CodeIgniter.php(457): CodeIgniter\CodeIgniter->runController(Object(App\Controllers\Home))
#8 D:\Project-Freelancer\henny\henny\ta-eben-ikt\system\CodeIgniter.php(340): CodeIgniter\CodeIgniter->handleRequest(NULL, Object(Config\Cache), false)
#9 D:\Project-Freelancer\henny\henny\ta-eben-ikt\public\index.php(67): CodeIgniter\CodeIgniter->run()
#10 D:\Project-Freelancer\henny\henny\ta-eben-ikt\system\Commands\Server\rewrite.php(43): require_once('D:\\Project-Free...')
#11 {main}
CRITICAL - 2024-03-24 19:06:15 --> Table 'ta_henny.tbl_ibadah' doesn't exist
in SYSTEMPATH\Database\MySQLi\Connection.php on line 292.
 1 SYSTEMPATH\Database\MySQLi\Connection.php(292): mysqli->query('SELECT *
FROM `tbl_ibadah`
WHERE month(tanggal) = \'03\'
AND year(tanggal) = \'2024\'
ORDER BY `tanggal` ASC', 0)
 2 SYSTEMPATH\Database\BaseConnection.php(693): CodeIgniter\Database\MySQLi\Connection->execute('SELECT *
FROM `tbl_ibadah`
WHERE month(tanggal) = \'03\'
AND year(tanggal) = \'2024\'
ORDER BY `tanggal` ASC')
 3 SYSTEMPATH\Database\BaseConnection.php(620): CodeIgniter\Database\BaseConnection->simpleQuery('SELECT *
FROM `tbl_ibadah`
WHERE month(tanggal) = \'03\'
AND year(tanggal) = \'2024\'
ORDER BY `tanggal` ASC')
 4 SYSTEMPATH\Database\BaseBuilder.php(1585): CodeIgniter\Database\BaseConnection->query('SELECT *
FROM `tbl_ibadah`
WHERE month(tanggal) = :month(tanggal):
AND year(tanggal) = :year(tanggal):
ORDER BY `tanggal` ASC', [...], false)
 5 APPPATH\Models\ModelHome.php(44): CodeIgniter\Database\BaseBuilder->get()
 6 APPPATH\Controllers\Home.php(39): App\Models\ModelHome->Ibadah()
 7 SYSTEMPATH\CodeIgniter.php(904): App\Controllers\Home->index()
 8 SYSTEMPATH\CodeIgniter.php(457): CodeIgniter\CodeIgniter->runController(Object(App\Controllers\Home))
 9 SYSTEMPATH\CodeIgniter.php(340): CodeIgniter\CodeIgniter->handleRequest(null, Object(Config\Cache), false)
10 FCPATH\index.php(67): CodeIgniter\CodeIgniter->run()
11 SYSTEMPATH\Commands\Server\rewrite.php(43): require_once('FCPATH\\index.php')
ERROR - 2024-03-24 19:08:26 --> mysqli_sql_exception: Table 'ta_henny.tbl_kas_ikt' doesn't exist in D:\Project-Freelancer\henny\henny\ta-eben-ikt\system\Database\MySQLi\Connection.php:292
Stack trace:
#0 D:\Project-Freelancer\henny\henny\ta-eben-ikt\system\Database\MySQLi\Connection.php(292): mysqli->query('SELECT *\nFROM `...', 0)
#1 D:\Project-Freelancer\henny\henny\ta-eben-ikt\system\Database\BaseConnection.php(693): CodeIgniter\Database\MySQLi\Connection->execute('SELECT *\nFROM `...')
#2 D:\Project-Freelancer\henny\henny\ta-eben-ikt\system\Database\BaseConnection.php(620): CodeIgniter\Database\BaseConnection->simpleQuery('SELECT *\nFROM `...')
#3 D:\Project-Freelancer\henny\henny\ta-eben-ikt\system\Database\BaseBuilder.php(1585): CodeIgniter\Database\BaseConnection->query('SELECT *\nFROM `...', Array, false)
#4 D:\Project-Freelancer\henny\henny\ta-eben-ikt\app\Models\ModelKasIkt.php(12): CodeIgniter\Database\BaseBuilder->get()
#5 D:\Project-Freelancer\henny\henny\ta-eben-ikt\app\Controllers\Home.php(40): App\Models\ModelKasIkt->AllData()
#6 D:\Project-Freelancer\henny\henny\ta-eben-ikt\system\CodeIgniter.php(904): App\Controllers\Home->index()
#7 D:\Project-Freelancer\henny\henny\ta-eben-ikt\system\CodeIgniter.php(457): CodeIgniter\CodeIgniter->runController(Object(App\Controllers\Home))
#8 D:\Project-Freelancer\henny\henny\ta-eben-ikt\system\CodeIgniter.php(340): CodeIgniter\CodeIgniter->handleRequest(NULL, Object(Config\Cache), false)
#9 D:\Project-Freelancer\henny\henny\ta-eben-ikt\public\index.php(67): CodeIgniter\CodeIgniter->run()
#10 D:\Project-Freelancer\henny\henny\ta-eben-ikt\system\Commands\Server\rewrite.php(43): require_once('D:\\Project-Free...')
#11 {main}
CRITICAL - 2024-03-24 19:08:26 --> Table 'ta_henny.tbl_kas_ikt' doesn't exist
in SYSTEMPATH\Database\MySQLi\Connection.php on line 292.
 1 SYSTEMPATH\Database\MySQLi\Connection.php(292): mysqli->query('SELECT *
FROM `tbl_kas_ikt`', 0)
 2 SYSTEMPATH\Database\BaseConnection.php(693): CodeIgniter\Database\MySQLi\Connection->execute('SELECT *
FROM `tbl_kas_ikt`')
 3 SYSTEMPATH\Database\BaseConnection.php(620): CodeIgniter\Database\BaseConnection->simpleQuery('SELECT *
FROM `tbl_kas_ikt`')
 4 SYSTEMPATH\Database\BaseBuilder.php(1585): CodeIgniter\Database\BaseConnection->query('SELECT *
FROM `tbl_kas_ikt`', [], false)
 5 APPPATH\Models\ModelKasIkt.php(12): CodeIgniter\Database\BaseBuilder->get()
 6 APPPATH\Controllers\Home.php(40): App\Models\ModelKasIkt->AllData()
 7 SYSTEMPATH\CodeIgniter.php(904): App\Controllers\Home->index()
 8 SYSTEMPATH\CodeIgniter.php(457): CodeIgniter\CodeIgniter->runController(Object(App\Controllers\Home))
 9 SYSTEMPATH\CodeIgniter.php(340): CodeIgniter\CodeIgniter->handleRequest(null, Object(Config\Cache), false)
10 FCPATH\index.php(67): CodeIgniter\CodeIgniter->run()
11 SYSTEMPATH\Commands\Server\rewrite.php(43): require_once('FCPATH\\index.php')
ERROR - 2024-03-24 19:08:27 --> mysqli_sql_exception: Table 'ta_henny.tbl_kas_ikt' doesn't exist in D:\Project-Freelancer\henny\henny\ta-eben-ikt\system\Database\MySQLi\Connection.php:292
Stack trace:
#0 D:\Project-Freelancer\henny\henny\ta-eben-ikt\system\Database\MySQLi\Connection.php(292): mysqli->query('SELECT *\nFROM `...', 0)
#1 D:\Project-Freelancer\henny\henny\ta-eben-ikt\system\Database\BaseConnection.php(693): CodeIgniter\Database\MySQLi\Connection->execute('SELECT *\nFROM `...')
#2 D:\Project-Freelancer\henny\henny\ta-eben-ikt\system\Database\BaseConnection.php(620): CodeIgniter\Database\BaseConnection->simpleQuery('SELECT *\nFROM `...')
#3 D:\Project-Freelancer\henny\henny\ta-eben-ikt\system\Database\BaseBuilder.php(1585): CodeIgniter\Database\BaseConnection->query('SELECT *\nFROM `...', Array, false)
#4 D:\Project-Freelancer\henny\henny\ta-eben-ikt\app\Models\ModelKasIkt.php(12): CodeIgniter\Database\BaseBuilder->get()
#5 D:\Project-Freelancer\henny\henny\ta-eben-ikt\app\Controllers\Home.php(40): App\Models\ModelKasIkt->AllData()
#6 D:\Project-Freelancer\henny\henny\ta-eben-ikt\system\CodeIgniter.php(904): App\Controllers\Home->index()
#7 D:\Project-Freelancer\henny\henny\ta-eben-ikt\system\CodeIgniter.php(457): CodeIgniter\CodeIgniter->runController(Object(App\Controllers\Home))
#8 D:\Project-Freelancer\henny\henny\ta-eben-ikt\system\CodeIgniter.php(340): CodeIgniter\CodeIgniter->handleRequest(NULL, Object(Config\Cache), false)
#9 D:\Project-Freelancer\henny\henny\ta-eben-ikt\public\index.php(67): CodeIgniter\CodeIgniter->run()
#10 D:\Project-Freelancer\henny\henny\ta-eben-ikt\system\Commands\Server\rewrite.php(43): require_once('D:\\Project-Free...')
#11 {main}
CRITICAL - 2024-03-24 19:08:27 --> Table 'ta_henny.tbl_kas_ikt' doesn't exist
in SYSTEMPATH\Database\MySQLi\Connection.php on line 292.
 1 SYSTEMPATH\Database\MySQLi\Connection.php(292): mysqli->query('SELECT *
FROM `tbl_kas_ikt`', 0)
 2 SYSTEMPATH\Database\BaseConnection.php(693): CodeIgniter\Database\MySQLi\Connection->execute('SELECT *
FROM `tbl_kas_ikt`')
 3 SYSTEMPATH\Database\BaseConnection.php(620): CodeIgniter\Database\BaseConnection->simpleQuery('SELECT *
FROM `tbl_kas_ikt`')
 4 SYSTEMPATH\Database\BaseBuilder.php(1585): CodeIgniter\Database\BaseConnection->query('SELECT *
FROM `tbl_kas_ikt`', [], false)
 5 APPPATH\Models\ModelKasIkt.php(12): CodeIgniter\Database\BaseBuilder->get()
 6 APPPATH\Controllers\Home.php(40): App\Models\ModelKasIkt->AllData()
 7 SYSTEMPATH\CodeIgniter.php(904): App\Controllers\Home->index()
 8 SYSTEMPATH\CodeIgniter.php(457): CodeIgniter\CodeIgniter->runController(Object(App\Controllers\Home))
 9 SYSTEMPATH\CodeIgniter.php(340): CodeIgniter\CodeIgniter->handleRequest(null, Object(Config\Cache), false)
10 FCPATH\index.php(67): CodeIgniter\CodeIgniter->run()
11 SYSTEMPATH\Commands\Server\rewrite.php(43): require_once('FCPATH\\index.php')
ERROR - 2024-03-24 19:09:12 --> mysqli_sql_exception: Table 'ta_henny.tbl_kas_ikt' doesn't exist in D:\Project-Freelancer\henny\henny\ta-eben-ikt\system\Database\MySQLi\Connection.php:292
Stack trace:
#0 D:\Project-Freelancer\henny\henny\ta-eben-ikt\system\Database\MySQLi\Connection.php(292): mysqli->query('SELECT *\nFROM `...', 0)
#1 D:\Project-Freelancer\henny\henny\ta-eben-ikt\system\Database\BaseConnection.php(693): CodeIgniter\Database\MySQLi\Connection->execute('SELECT *\nFROM `...')
#2 D:\Project-Freelancer\henny\henny\ta-eben-ikt\system\Database\BaseConnection.php(620): CodeIgniter\Database\BaseConnection->simpleQuery('SELECT *\nFROM `...')
#3 D:\Project-Freelancer\henny\henny\ta-eben-ikt\system\Database\BaseBuilder.php(1585): CodeIgniter\Database\BaseConnection->query('SELECT *\nFROM `...', Array, false)
#4 D:\Project-Freelancer\henny\henny\ta-eben-ikt\app\Models\ModelKasIkt.php(12): CodeIgniter\Database\BaseBuilder->get()
#5 D:\Project-Freelancer\henny\henny\ta-eben-ikt\app\Controllers\Home.php(40): App\Models\ModelKasIkt->AllData()
#6 D:\Project-Freelancer\henny\henny\ta-eben-ikt\system\CodeIgniter.php(904): App\Controllers\Home->index()
#7 D:\Project-Freelancer\henny\henny\ta-eben-ikt\system\CodeIgniter.php(457): CodeIgniter\CodeIgniter->runController(Object(App\Controllers\Home))
#8 D:\Project-Freelancer\henny\henny\ta-eben-ikt\system\CodeIgniter.php(340): CodeIgniter\CodeIgniter->handleRequest(NULL, Object(Config\Cache), false)
#9 D:\Project-Freelancer\henny\henny\ta-eben-ikt\public\index.php(67): CodeIgniter\CodeIgniter->run()
#10 D:\Project-Freelancer\henny\henny\ta-eben-ikt\system\Commands\Server\rewrite.php(43): require_once('D:\\Project-Free...')
#11 {main}
CRITICAL - 2024-03-24 19:09:12 --> Table 'ta_henny.tbl_kas_ikt' doesn't exist
in SYSTEMPATH\Database\MySQLi\Connection.php on line 292.
 1 SYSTEMPATH\Database\MySQLi\Connection.php(292): mysqli->query('SELECT *
FROM `tbl_kas_ikt`', 0)
 2 SYSTEMPATH\Database\BaseConnection.php(693): CodeIgniter\Database\MySQLi\Connection->execute('SELECT *
FROM `tbl_kas_ikt`')
 3 SYSTEMPATH\Database\BaseConnection.php(620): CodeIgniter\Database\BaseConnection->simpleQuery('SELECT *
FROM `tbl_kas_ikt`')
 4 SYSTEMPATH\Database\BaseBuilder.php(1585): CodeIgniter\Database\BaseConnection->query('SELECT *
FROM `tbl_kas_ikt`', [], false)
 5 APPPATH\Models\ModelKasIkt.php(12): CodeIgniter\Database\BaseBuilder->get()
 6 APPPATH\Controllers\Home.php(40): App\Models\ModelKasIkt->AllData()
 7 SYSTEMPATH\CodeIgniter.php(904): App\Controllers\Home->index()
 8 SYSTEMPATH\CodeIgniter.php(457): CodeIgniter\CodeIgniter->runController(Object(App\Controllers\Home))
 9 SYSTEMPATH\CodeIgniter.php(340): CodeIgniter\CodeIgniter->handleRequest(null, Object(Config\Cache), false)
10 FCPATH\index.php(67): CodeIgniter\CodeIgniter->run()
11 SYSTEMPATH\Commands\Server\rewrite.php(43): require_once('FCPATH\\index.php')
ERROR - 2024-03-24 19:09:58 --> mysqli_sql_exception: Table 'ta_henny.tbl_kerukunan' doesn't exist in D:\Project-Freelancer\henny\henny\ta-eben-ikt\system\Database\MySQLi\Connection.php:292
Stack trace:
#0 D:\Project-Freelancer\henny\henny\ta-eben-ikt\system\Database\MySQLi\Connection.php(292): mysqli->query('SELECT *\nFROM `...', 0)
#1 D:\Project-Freelancer\henny\henny\ta-eben-ikt\system\Database\BaseConnection.php(693): CodeIgniter\Database\MySQLi\Connection->execute('SELECT *\nFROM `...')
#2 D:\Project-Freelancer\henny\henny\ta-eben-ikt\system\Database\BaseConnection.php(620): CodeIgniter\Database\BaseConnection->simpleQuery('SELECT *\nFROM `...')
#3 D:\Project-Freelancer\henny\henny\ta-eben-ikt\system\Database\BaseBuilder.php(1585): CodeIgniter\Database\BaseConnection->query('SELECT *\nFROM `...', Array, false)
#4 D:\Project-Freelancer\henny\henny\ta-eben-ikt\app\Models\ModelHome.php(68): CodeIgniter\Database\BaseBuilder->get()
#5 D:\Project-Freelancer\henny\henny\ta-eben-ikt\app\Controllers\Home.php(41): App\Models\ModelHome->AllDataKerukunan()
#6 D:\Project-Freelancer\henny\henny\ta-eben-ikt\system\CodeIgniter.php(904): App\Controllers\Home->index()
#7 D:\Project-Freelancer\henny\henny\ta-eben-ikt\system\CodeIgniter.php(457): CodeIgniter\CodeIgniter->runController(Object(App\Controllers\Home))
#8 D:\Project-Freelancer\henny\henny\ta-eben-ikt\system\CodeIgniter.php(340): CodeIgniter\CodeIgniter->handleRequest(NULL, Object(Config\Cache), false)
#9 D:\Project-Freelancer\henny\henny\ta-eben-ikt\public\index.php(67): CodeIgniter\CodeIgniter->run()
#10 D:\Project-Freelancer\henny\henny\ta-eben-ikt\system\Commands\Server\rewrite.php(43): require_once('D:\\Project-Free...')
#11 {main}
CRITICAL - 2024-03-24 19:09:58 --> Table 'ta_henny.tbl_kerukunan' doesn't exist
in SYSTEMPATH\Database\MySQLi\Connection.php on line 292.
 1 SYSTEMPATH\Database\MySQLi\Connection.php(292): mysqli->query('SELECT *
FROM `tbl_kerukunan`
LEFT JOIN `tahun_tbl` ON `tahun_tbl`.`id_tahun` = `tbl_kerukunan`.`id_tahun`
WHERE `tahun` = \'2024\'', 0)
 2 SYSTEMPATH\Database\BaseConnection.php(693): CodeIgniter\Database\MySQLi\Connection->execute('SELECT *
FROM `tbl_kerukunan`
LEFT JOIN `tahun_tbl` ON `tahun_tbl`.`id_tahun` = `tbl_kerukunan`.`id_tahun`
WHERE `tahun` = \'2024\'')
 3 SYSTEMPATH\Database\BaseConnection.php(620): CodeIgniter\Database\BaseConnection->simpleQuery('SELECT *
FROM `tbl_kerukunan`
LEFT JOIN `tahun_tbl` ON `tahun_tbl`.`id_tahun` = `tbl_kerukunan`.`id_tahun`
WHERE `tahun` = \'2024\'')
 4 SYSTEMPATH\Database\BaseBuilder.php(1585): CodeIgniter\Database\BaseConnection->query('SELECT *
FROM `tbl_kerukunan`
LEFT JOIN `tahun_tbl` ON `tahun_tbl`.`id_tahun` = `tbl_kerukunan`.`id_tahun`
WHERE `tahun` = :tahun:', [...], false)
 5 APPPATH\Models\ModelHome.php(68): CodeIgniter\Database\BaseBuilder->get()
 6 APPPATH\Controllers\Home.php(41): App\Models\ModelHome->AllDataKerukunan()
 7 SYSTEMPATH\CodeIgniter.php(904): App\Controllers\Home->index()
 8 SYSTEMPATH\CodeIgniter.php(457): CodeIgniter\CodeIgniter->runController(Object(App\Controllers\Home))
 9 SYSTEMPATH\CodeIgniter.php(340): CodeIgniter\CodeIgniter->handleRequest(null, Object(Config\Cache), false)
10 FCPATH\index.php(67): CodeIgniter\CodeIgniter->run()
11 SYSTEMPATH\Commands\Server\rewrite.php(43): require_once('FCPATH\\index.php')
ERROR - 2024-03-24 19:11:16 --> mysqli_sql_exception: Table 'ta_henny.tahun_tbl' doesn't exist in D:\Project-Freelancer\henny\henny\ta-eben-ikt\system\Database\MySQLi\Connection.php:292
Stack trace:
#0 D:\Project-Freelancer\henny\henny\ta-eben-ikt\system\Database\MySQLi\Connection.php(292): mysqli->query('SELECT *\nFROM `...', 0)
#1 D:\Project-Freelancer\henny\henny\ta-eben-ikt\system\Database\BaseConnection.php(693): CodeIgniter\Database\MySQLi\Connection->execute('SELECT *\nFROM `...')
#2 D:\Project-Freelancer\henny\henny\ta-eben-ikt\system\Database\BaseConnection.php(620): CodeIgniter\Database\BaseConnection->simpleQuery('SELECT *\nFROM `...')
#3 D:\Project-Freelancer\henny\henny\ta-eben-ikt\system\Database\BaseBuilder.php(1585): CodeIgniter\Database\BaseConnection->query('SELECT *\nFROM `...', Array, false)
#4 D:\Project-Freelancer\henny\henny\ta-eben-ikt\app\Models\ModelHome.php(68): CodeIgniter\Database\BaseBuilder->get()
#5 D:\Project-Freelancer\henny\henny\ta-eben-ikt\app\Controllers\Home.php(41): App\Models\ModelHome->AllDataKerukunan()
#6 D:\Project-Freelancer\henny\henny\ta-eben-ikt\system\CodeIgniter.php(904): App\Controllers\Home->index()
#7 D:\Project-Freelancer\henny\henny\ta-eben-ikt\system\CodeIgniter.php(457): CodeIgniter\CodeIgniter->runController(Object(App\Controllers\Home))
#8 D:\Project-Freelancer\henny\henny\ta-eben-ikt\system\CodeIgniter.php(340): CodeIgniter\CodeIgniter->handleRequest(NULL, Object(Config\Cache), false)
#9 D:\Project-Freelancer\henny\henny\ta-eben-ikt\public\index.php(67): CodeIgniter\CodeIgniter->run()
#10 D:\Project-Freelancer\henny\henny\ta-eben-ikt\system\Commands\Server\rewrite.php(43): require_once('D:\\Project-Free...')
#11 {main}
CRITICAL - 2024-03-24 19:11:16 --> Table 'ta_henny.tahun_tbl' doesn't exist
in SYSTEMPATH\Database\MySQLi\Connection.php on line 292.
 1 SYSTEMPATH\Database\MySQLi\Connection.php(292): mysqli->query('SELECT *
FROM `tbl_kerukunan`
LEFT JOIN `tahun_tbl` ON `tahun_tbl`.`id_tahun` = `tbl_kerukunan`.`id_tahun`
WHERE `tahun` = \'2024\'', 0)
 2 SYSTEMPATH\Database\BaseConnection.php(693): CodeIgniter\Database\MySQLi\Connection->execute('SELECT *
FROM `tbl_kerukunan`
LEFT JOIN `tahun_tbl` ON `tahun_tbl`.`id_tahun` = `tbl_kerukunan`.`id_tahun`
WHERE `tahun` = \'2024\'')
 3 SYSTEMPATH\Database\BaseConnection.php(620): CodeIgniter\Database\BaseConnection->simpleQuery('SELECT *
FROM `tbl_kerukunan`
LEFT JOIN `tahun_tbl` ON `tahun_tbl`.`id_tahun` = `tbl_kerukunan`.`id_tahun`
WHERE `tahun` = \'2024\'')
 4 SYSTEMPATH\Database\BaseBuilder.php(1585): CodeIgniter\Database\BaseConnection->query('SELECT *
FROM `tbl_kerukunan`
LEFT JOIN `tahun_tbl` ON `tahun_tbl`.`id_tahun` = `tbl_kerukunan`.`id_tahun`
WHERE `tahun` = :tahun:', [...], false)
 5 APPPATH\Models\ModelHome.php(68): CodeIgniter\Database\BaseBuilder->get()
 6 APPPATH\Controllers\Home.php(41): App\Models\ModelHome->AllDataKerukunan()
 7 SYSTEMPATH\CodeIgniter.php(904): App\Controllers\Home->index()
 8 SYSTEMPATH\CodeIgniter.php(457): CodeIgniter\CodeIgniter->runController(Object(App\Controllers\Home))
 9 SYSTEMPATH\CodeIgniter.php(340): CodeIgniter\CodeIgniter->handleRequest(null, Object(Config\Cache), false)
10 FCPATH\index.php(67): CodeIgniter\CodeIgniter->run()
11 SYSTEMPATH\Commands\Server\rewrite.php(43): require_once('FCPATH\\index.php')
ERROR - 2024-03-24 19:13:03 --> mysqli_sql_exception: Table 'ta_henny.tbl_wilayah' doesn't exist in D:\Project-Freelancer\henny\henny\ta-eben-ikt\system\Database\MySQLi\Connection.php:292
Stack trace:
#0 D:\Project-Freelancer\henny\henny\ta-eben-ikt\system\Database\MySQLi\Connection.php(292): mysqli->query('SELECT *\nFROM `...', 0)
#1 D:\Project-Freelancer\henny\henny\ta-eben-ikt\system\Database\BaseConnection.php(693): CodeIgniter\Database\MySQLi\Connection->execute('SELECT *\nFROM `...')
#2 D:\Project-Freelancer\henny\henny\ta-eben-ikt\system\Database\BaseConnection.php(620): CodeIgniter\Database\BaseConnection->simpleQuery('SELECT *\nFROM `...')
#3 D:\Project-Freelancer\henny\henny\ta-eben-ikt\system\Database\BaseBuilder.php(1585): CodeIgniter\Database\BaseConnection->query('SELECT *\nFROM `...', Array, false)
#4 D:\Project-Freelancer\henny\henny\ta-eben-ikt\app\Models\ModelHome.php(76): CodeIgniter\Database\BaseBuilder->get()
#5 D:\Project-Freelancer\henny\henny\ta-eben-ikt\app\Controllers\Home.php(42): App\Models\ModelHome->AllDataWilayah()
#6 D:\Project-Freelancer\henny\henny\ta-eben-ikt\system\CodeIgniter.php(904): App\Controllers\Home->index()
#7 D:\Project-Freelancer\henny\henny\ta-eben-ikt\system\CodeIgniter.php(457): CodeIgniter\CodeIgniter->runController(Object(App\Controllers\Home))
#8 D:\Project-Freelancer\henny\henny\ta-eben-ikt\system\CodeIgniter.php(340): CodeIgniter\CodeIgniter->handleRequest(NULL, Object(Config\Cache), false)
#9 D:\Project-Freelancer\henny\henny\ta-eben-ikt\public\index.php(67): CodeIgniter\CodeIgniter->run()
#10 D:\Project-Freelancer\henny\henny\ta-eben-ikt\system\Commands\Server\rewrite.php(43): require_once('D:\\Project-Free...')
#11 {main}
CRITICAL - 2024-03-24 19:13:03 --> Table 'ta_henny.tbl_wilayah' doesn't exist
in SYSTEMPATH\Database\MySQLi\Connection.php on line 292.
 1 SYSTEMPATH\Database\MySQLi\Connection.php(292): mysqli->query('SELECT *
FROM `tbl_wilayah`
LEFT JOIN `tahun_tbl` ON `tahun_tbl`.`id_tahun` = `tbl_wilayah`.`id_tahun`
WHERE `tahun` = \'2024\'', 0)
 2 SYSTEMPATH\Database\BaseConnection.php(693): CodeIgniter\Database\MySQLi\Connection->execute('SELECT *
FROM `tbl_wilayah`
LEFT JOIN `tahun_tbl` ON `tahun_tbl`.`id_tahun` = `tbl_wilayah`.`id_tahun`
WHERE `tahun` = \'2024\'')
 3 SYSTEMPATH\Database\BaseConnection.php(620): CodeIgniter\Database\BaseConnection->simpleQuery('SELECT *
FROM `tbl_wilayah`
LEFT JOIN `tahun_tbl` ON `tahun_tbl`.`id_tahun` = `tbl_wilayah`.`id_tahun`
WHERE `tahun` = \'2024\'')
 4 SYSTEMPATH\Database\BaseBuilder.php(1585): CodeIgniter\Database\BaseConnection->query('SELECT *
FROM `tbl_wilayah`
LEFT JOIN `tahun_tbl` ON `tahun_tbl`.`id_tahun` = `tbl_wilayah`.`id_tahun`
WHERE `tahun` = :tahun:', [...], false)
 5 APPPATH\Models\ModelHome.php(76): CodeIgniter\Database\BaseBuilder->get()
 6 APPPATH\Controllers\Home.php(42): App\Models\ModelHome->AllDataWilayah()
 7 SYSTEMPATH\CodeIgniter.php(904): App\Controllers\Home->index()
 8 SYSTEMPATH\CodeIgniter.php(457): CodeIgniter\CodeIgniter->runController(Object(App\Controllers\Home))
 9 SYSTEMPATH\CodeIgniter.php(340): CodeIgniter\CodeIgniter->handleRequest(null, Object(Config\Cache), false)
10 FCPATH\index.php(67): CodeIgniter\CodeIgniter->run()
11 SYSTEMPATH\Commands\Server\rewrite.php(43): require_once('FCPATH\\index.php')
CRITICAL - 2024-03-24 19:20:59 --> Creation of dynamic property App\Controllers\Login::$ModelLogin is deprecated
in APPPATH\Controllers\Login.php on line 13.
 1 APPPATH\Controllers\Login.php(13): CodeIgniter\Debug\Exceptions->errorHandler(8192, 'Creation of dynamic property App\\Controllers\\Login::$ModelLogin is deprecated', 'APPPATH\\Controllers\\Login.php', 13)
 2 SYSTEMPATH\CodeIgniter.php(866): App\Controllers\Login->__construct()
 3 SYSTEMPATH\CodeIgniter.php(448): CodeIgniter\CodeIgniter->createController()
 4 SYSTEMPATH\CodeIgniter.php(340): CodeIgniter\CodeIgniter->handleRequest(null, Object(Config\Cache), false)
 5 FCPATH\index.php(67): CodeIgniter\CodeIgniter->run()
 6 SYSTEMPATH\Commands\Server\rewrite.php(43): require_once('FCPATH\\index.php')
CRITICAL - 2024-03-24 19:23:27 --> Creation of dynamic property App\Controllers\Admin::$ModelAdmin is deprecated
in APPPATH\Controllers\Admin.php on line 16.
 1 APPPATH\Controllers\Admin.php(16): CodeIgniter\Debug\Exceptions->errorHandler(8192, 'Creation of dynamic property App\\Controllers\\Admin::$ModelAdmin is deprecated', 'APPPATH\\Controllers\\Admin.php', 16)
 2 SYSTEMPATH\CodeIgniter.php(866): App\Controllers\Admin->__construct()
 3 SYSTEMPATH\CodeIgniter.php(448): CodeIgniter\CodeIgniter->createController()
 4 SYSTEMPATH\CodeIgniter.php(340): CodeIgniter\CodeIgniter->handleRequest(null, Object(Config\Cache), false)
 5 FCPATH\index.php(67): CodeIgniter\CodeIgniter->run()
 6 SYSTEMPATH\Commands\Server\rewrite.php(43): require_once('FCPATH\\index.php')
CRITICAL - 2024-03-24 19:23:46 --> Creation of dynamic property App\Controllers\Admin::$ModelKasIkt is deprecated
in APPPATH\Controllers\Admin.php on line 17.
 1 APPPATH\Controllers\Admin.php(17): CodeIgniter\Debug\Exceptions->errorHandler(8192, 'Creation of dynamic property App\\Controllers\\Admin::$ModelKasIkt is deprecated', 'APPPATH\\Controllers\\Admin.php', 17)
 2 SYSTEMPATH\CodeIgniter.php(866): App\Controllers\Admin->__construct()
 3 SYSTEMPATH\CodeIgniter.php(448): CodeIgniter\CodeIgniter->createController()
 4 SYSTEMPATH\CodeIgniter.php(340): CodeIgniter\CodeIgniter->handleRequest(null, Object(Config\Cache), false)
 5 FCPATH\index.php(67): CodeIgniter\CodeIgniter->run()
 6 SYSTEMPATH\Commands\Server\rewrite.php(43): require_once('FCPATH\\index.php')
CRITICAL - 2024-03-24 19:24:00 --> Creation of dynamic property App\Controllers\Admin::$ModelKasIbadah is deprecated
in APPPATH\Controllers\Admin.php on line 19.
 1 APPPATH\Controllers\Admin.php(19): CodeIgniter\Debug\Exceptions->errorHandler(8192, 'Creation of dynamic property App\\Controllers\\Admin::$ModelKasIbadah is deprecated', 'APPPATH\\Controllers\\Admin.php', 19)
 2 SYSTEMPATH\CodeIgniter.php(866): App\Controllers\Admin->__construct()
 3 SYSTEMPATH\CodeIgniter.php(448): CodeIgniter\CodeIgniter->createController()
 4 SYSTEMPATH\CodeIgniter.php(340): CodeIgniter\CodeIgniter->handleRequest(null, Object(Config\Cache), false)
 5 FCPATH\index.php(67): CodeIgniter\CodeIgniter->run()
 6 SYSTEMPATH\Commands\Server\rewrite.php(43): require_once('FCPATH\\index.php')
CRITICAL - 2024-03-24 19:24:16 --> Creation of dynamic property App\Controllers\Admin::$ModelKasIm is deprecated
in APPPATH\Controllers\Admin.php on line 21.
 1 APPPATH\Controllers\Admin.php(21): CodeIgniter\Debug\Exceptions->errorHandler(8192, 'Creation of dynamic property App\\Controllers\\Admin::$ModelKasIm is deprecated', 'APPPATH\\Controllers\\Admin.php', 21)
 2 SYSTEMPATH\CodeIgniter.php(866): App\Controllers\Admin->__construct()
 3 SYSTEMPATH\CodeIgniter.php(448): CodeIgniter\CodeIgniter->createController()
 4 SYSTEMPATH\CodeIgniter.php(340): CodeIgniter\CodeIgniter->handleRequest(null, Object(Config\Cache), false)
 5 FCPATH\index.php(67): CodeIgniter\CodeIgniter->run()
 6 SYSTEMPATH\Commands\Server\rewrite.php(43): require_once('FCPATH\\index.php')
ERROR - 2024-03-24 19:24:36 --> mysqli_sql_exception: Table 'ta_henny.tbl_kas_ibadah_mingguan' doesn't exist in D:\Project-Freelancer\henny\henny\ta-eben-ikt\system\Database\MySQLi\Connection.php:292
Stack trace:
#0 D:\Project-Freelancer\henny\henny\ta-eben-ikt\system\Database\MySQLi\Connection.php(292): mysqli->query('SELECT *\nFROM `...', 0)
#1 D:\Project-Freelancer\henny\henny\ta-eben-ikt\system\Database\BaseConnection.php(693): CodeIgniter\Database\MySQLi\Connection->execute('SELECT *\nFROM `...')
#2 D:\Project-Freelancer\henny\henny\ta-eben-ikt\system\Database\BaseConnection.php(620): CodeIgniter\Database\BaseConnection->simpleQuery('SELECT *\nFROM `...')
#3 D:\Project-Freelancer\henny\henny\ta-eben-ikt\system\Database\BaseBuilder.php(1585): CodeIgniter\Database\BaseConnection->query('SELECT *\nFROM `...', Array, false)
#4 D:\Project-Freelancer\henny\henny\ta-eben-ikt\app\Models\ModelAdmin.php(44): CodeIgniter\Database\BaseBuilder->get()
#5 D:\Project-Freelancer\henny\henny\ta-eben-ikt\app\Controllers\Admin.php(36): App\Models\ModelAdmin->AllDataKasIm()
#6 D:\Project-Freelancer\henny\henny\ta-eben-ikt\system\CodeIgniter.php(904): App\Controllers\Admin->index()
#7 D:\Project-Freelancer\henny\henny\ta-eben-ikt\system\CodeIgniter.php(457): CodeIgniter\CodeIgniter->runController(Object(App\Controllers\Admin))
#8 D:\Project-Freelancer\henny\henny\ta-eben-ikt\system\CodeIgniter.php(340): CodeIgniter\CodeIgniter->handleRequest(NULL, Object(Config\Cache), false)
#9 D:\Project-Freelancer\henny\henny\ta-eben-ikt\public\index.php(67): CodeIgniter\CodeIgniter->run()
#10 D:\Project-Freelancer\henny\henny\ta-eben-ikt\system\Commands\Server\rewrite.php(43): require_once('D:\\Project-Free...')
#11 {main}
CRITICAL - 2024-03-24 19:24:36 --> Table 'ta_henny.tbl_kas_ibadah_mingguan' doesn't exist
in SYSTEMPATH\Database\MySQLi\Connection.php on line 292.
 1 SYSTEMPATH\Database\MySQLi\Connection.php(292): mysqli->query('SELECT *
FROM `tbl_kas_ibadah_mingguan`
WHERE month(tanggal) = \'03\'
AND year(tanggal) = \'2024\'', 0)
 2 SYSTEMPATH\Database\BaseConnection.php(693): CodeIgniter\Database\MySQLi\Connection->execute('SELECT *
FROM `tbl_kas_ibadah_mingguan`
WHERE month(tanggal) = \'03\'
AND year(tanggal) = \'2024\'')
 3 SYSTEMPATH\Database\BaseConnection.php(620): CodeIgniter\Database\BaseConnection->simpleQuery('SELECT *
FROM `tbl_kas_ibadah_mingguan`
WHERE month(tanggal) = \'03\'
AND year(tanggal) = \'2024\'')
 4 SYSTEMPATH\Database\BaseBuilder.php(1585): CodeIgniter\Database\BaseConnection->query('SELECT *
FROM `tbl_kas_ibadah_mingguan`
WHERE month(tanggal) = :month(tanggal):
AND year(tanggal) = :year(tanggal):', [...], false)
 5 APPPATH\Models\ModelAdmin.php(44): CodeIgniter\Database\BaseBuilder->get()
 6 APPPATH\Controllers\Admin.php(36): App\Models\ModelAdmin->AllDataKasIm()
 7 SYSTEMPATH\CodeIgniter.php(904): App\Controllers\Admin->index()
 8 SYSTEMPATH\CodeIgniter.php(457): CodeIgniter\CodeIgniter->runController(Object(App\Controllers\Admin))
 9 SYSTEMPATH\CodeIgniter.php(340): CodeIgniter\CodeIgniter->handleRequest(null, Object(Config\Cache), false)
10 FCPATH\index.php(67): CodeIgniter\CodeIgniter->run()
11 SYSTEMPATH\Commands\Server\rewrite.php(43): require_once('FCPATH\\index.php')
CRITICAL - 2024-03-24 19:26:11 --> You must set the database table to be used with your query.
in SYSTEMPATH\Database\BaseConnection.php on line 872.
 1 SYSTEMPATH\Model.php(586): CodeIgniter\Database\BaseConnection->table(null)
 2 SYSTEMPATH\Model.php(763): CodeIgniter\Model->builder()
 3 APPPATH\Controllers\Admin.php(36): CodeIgniter\Model->__call('AllDataKasIm', [])
 4 SYSTEMPATH\CodeIgniter.php(904): App\Controllers\Admin->index()
 5 SYSTEMPATH\CodeIgniter.php(457): CodeIgniter\CodeIgniter->runController(Object(App\Controllers\Admin))
 6 SYSTEMPATH\CodeIgniter.php(340): CodeIgniter\CodeIgniter->handleRequest(null, Object(Config\Cache), false)
 7 FCPATH\index.php(67): CodeIgniter\CodeIgniter->run()
 8 SYSTEMPATH\Commands\Server\rewrite.php(43): require_once('FCPATH\\index.php')
ERROR - 2024-03-24 19:26:33 --> mysqli_sql_exception: Table 'ta_henny.tbl_kas_ibadah_mingguan' doesn't exist in D:\Project-Freelancer\henny\henny\ta-eben-ikt\system\Database\MySQLi\Connection.php:292
Stack trace:
#0 D:\Project-Freelancer\henny\henny\ta-eben-ikt\system\Database\MySQLi\Connection.php(292): mysqli->query('SELECT *\nFROM `...', 0)
#1 D:\Project-Freelancer\henny\henny\ta-eben-ikt\system\Database\BaseConnection.php(693): CodeIgniter\Database\MySQLi\Connection->execute('SELECT *\nFROM `...')
#2 D:\Project-Freelancer\henny\henny\ta-eben-ikt\system\Database\BaseConnection.php(620): CodeIgniter\Database\BaseConnection->simpleQuery('SELECT *\nFROM `...')
#3 D:\Project-Freelancer\henny\henny\ta-eben-ikt\system\Database\BaseBuilder.php(1585): CodeIgniter\Database\BaseConnection->query('SELECT *\nFROM `...', Array, false)
#4 D:\Project-Freelancer\henny\henny\ta-eben-ikt\app\Models\ModelAdmin.php(44): CodeIgniter\Database\BaseBuilder->get()
#5 D:\Project-Freelancer\henny\henny\ta-eben-ikt\app\Controllers\Admin.php(36): App\Models\ModelAdmin->AllDataKasIm()
#6 D:\Project-Freelancer\henny\henny\ta-eben-ikt\system\CodeIgniter.php(904): App\Controllers\Admin->index()
#7 D:\Project-Freelancer\henny\henny\ta-eben-ikt\system\CodeIgniter.php(457): CodeIgniter\CodeIgniter->runController(Object(App\Controllers\Admin))
#8 D:\Project-Freelancer\henny\henny\ta-eben-ikt\system\CodeIgniter.php(340): CodeIgniter\CodeIgniter->handleRequest(NULL, Object(Config\Cache), false)
#9 D:\Project-Freelancer\henny\henny\ta-eben-ikt\public\index.php(67): CodeIgniter\CodeIgniter->run()
#10 D:\Project-Freelancer\henny\henny\ta-eben-ikt\system\Commands\Server\rewrite.php(43): require_once('D:\\Project-Free...')
#11 {main}
CRITICAL - 2024-03-24 19:26:33 --> Table 'ta_henny.tbl_kas_ibadah_mingguan' doesn't exist
in SYSTEMPATH\Database\MySQLi\Connection.php on line 292.
 1 SYSTEMPATH\Database\MySQLi\Connection.php(292): mysqli->query('SELECT *
FROM `tbl_kas_ibadah_mingguan`
WHERE month(tanggal) = \'03\'
AND year(tanggal) = \'2024\'', 0)
 2 SYSTEMPATH\Database\BaseConnection.php(693): CodeIgniter\Database\MySQLi\Connection->execute('SELECT *
FROM `tbl_kas_ibadah_mingguan`
WHERE month(tanggal) = \'03\'
AND year(tanggal) = \'2024\'')
 3 SYSTEMPATH\Database\BaseConnection.php(620): CodeIgniter\Database\BaseConnection->simpleQuery('SELECT *
FROM `tbl_kas_ibadah_mingguan`
WHERE month(tanggal) = \'03\'
AND year(tanggal) = \'2024\'')
 4 SYSTEMPATH\Database\BaseBuilder.php(1585): CodeIgniter\Database\BaseConnection->query('SELECT *
FROM `tbl_kas_ibadah_mingguan`
WHERE month(tanggal) = :month(tanggal):
AND year(tanggal) = :year(tanggal):', [...], false)
 5 APPPATH\Models\ModelAdmin.php(44): CodeIgniter\Database\BaseBuilder->get()
 6 APPPATH\Controllers\Admin.php(36): App\Models\ModelAdmin->AllDataKasIm()
 7 SYSTEMPATH\CodeIgniter.php(904): App\Controllers\Admin->index()
 8 SYSTEMPATH\CodeIgniter.php(457): CodeIgniter\CodeIgniter->runController(Object(App\Controllers\Admin))
 9 SYSTEMPATH\CodeIgniter.php(340): CodeIgniter\CodeIgniter->handleRequest(null, Object(Config\Cache), false)
10 FCPATH\index.php(67): CodeIgniter\CodeIgniter->run()
11 SYSTEMPATH\Commands\Server\rewrite.php(43): require_once('FCPATH\\index.php')
ERROR - 2024-03-24 19:28:24 --> mysqli_sql_exception: Unknown column 'tanggal' in 'where clause' in D:\Project-Freelancer\henny\henny\ta-eben-ikt\system\Database\MySQLi\Connection.php:292
Stack trace:
#0 D:\Project-Freelancer\henny\henny\ta-eben-ikt\system\Database\MySQLi\Connection.php(292): mysqli->query('SELECT *\nFROM `...', 0)
#1 D:\Project-Freelancer\henny\henny\ta-eben-ikt\system\Database\BaseConnection.php(693): CodeIgniter\Database\MySQLi\Connection->execute('SELECT *\nFROM `...')
#2 D:\Project-Freelancer\henny\henny\ta-eben-ikt\system\Database\BaseConnection.php(620): CodeIgniter\Database\BaseConnection->simpleQuery('SELECT *\nFROM `...')
#3 D:\Project-Freelancer\henny\henny\ta-eben-ikt\system\Database\BaseBuilder.php(1585): CodeIgniter\Database\BaseConnection->query('SELECT *\nFROM `...', Array, false)
#4 D:\Project-Freelancer\henny\henny\ta-eben-ikt\app\Models\ModelAdmin.php(44): CodeIgniter\Database\BaseBuilder->get()
#5 D:\Project-Freelancer\henny\henny\ta-eben-ikt\app\Controllers\Admin.php(36): App\Models\ModelAdmin->AllDataKasIm()
#6 D:\Project-Freelancer\henny\henny\ta-eben-ikt\system\CodeIgniter.php(904): App\Controllers\Admin->index()
#7 D:\Project-Freelancer\henny\henny\ta-eben-ikt\system\CodeIgniter.php(457): CodeIgniter\CodeIgniter->runController(Object(App\Controllers\Admin))
#8 D:\Project-Freelancer\henny\henny\ta-eben-ikt\system\CodeIgniter.php(340): CodeIgniter\CodeIgniter->handleRequest(NULL, Object(Config\Cache), false)
#9 D:\Project-Freelancer\henny\henny\ta-eben-ikt\public\index.php(67): CodeIgniter\CodeIgniter->run()
#10 D:\Project-Freelancer\henny\henny\ta-eben-ikt\system\Commands\Server\rewrite.php(43): require_once('D:\\Project-Free...')
#11 {main}
CRITICAL - 2024-03-24 19:28:24 --> Unknown column 'tanggal' in 'where clause'
in SYSTEMPATH\Database\MySQLi\Connection.php on line 292.
 1 SYSTEMPATH\Database\MySQLi\Connection.php(292): mysqli->query('SELECT *
FROM `tbl_kas_ibadah_mingguan`
WHERE month(tanggal) = \'03\'
AND year(tanggal) = \'2024\'', 0)
 2 SYSTEMPATH\Database\BaseConnection.php(693): CodeIgniter\Database\MySQLi\Connection->execute('SELECT *
FROM `tbl_kas_ibadah_mingguan`
WHERE month(tanggal) = \'03\'
AND year(tanggal) = \'2024\'')
 3 SYSTEMPATH\Database\BaseConnection.php(620): CodeIgniter\Database\BaseConnection->simpleQuery('SELECT *
FROM `tbl_kas_ibadah_mingguan`
WHERE month(tanggal) = \'03\'
AND year(tanggal) = \'2024\'')
 4 SYSTEMPATH\Database\BaseBuilder.php(1585): CodeIgniter\Database\BaseConnection->query('SELECT *
FROM `tbl_kas_ibadah_mingguan`
WHERE month(tanggal) = :month(tanggal):
AND year(tanggal) = :year(tanggal):', [...], false)
 5 APPPATH\Models\ModelAdmin.php(44): CodeIgniter\Database\BaseBuilder->get()
 6 APPPATH\Controllers\Admin.php(36): App\Models\ModelAdmin->AllDataKasIm()
 7 SYSTEMPATH\CodeIgniter.php(904): App\Controllers\Admin->index()
 8 SYSTEMPATH\CodeIgniter.php(457): CodeIgniter\CodeIgniter->runController(Object(App\Controllers\Admin))
 9 SYSTEMPATH\CodeIgniter.php(340): CodeIgniter\CodeIgniter->handleRequest(null, Object(Config\Cache), false)
10 FCPATH\index.php(67): CodeIgniter\CodeIgniter->run()
11 SYSTEMPATH\Commands\Server\rewrite.php(43): require_once('FCPATH\\index.php')
CRITICAL - 2024-03-24 14:24:33 --> The framework needs the following extension(s) installed and loaded: intl.
in SYSTEMPATH\CodeIgniter.php on line 219.
 1 SYSTEMPATH\CodeIgniter.php(219): CodeIgniter\Exceptions\FrameworkException::forMissingExtension('intl')
 2 SYSTEMPATH\CodeIgniter.php(177): CodeIgniter\CodeIgniter->resolvePlatformExtensions()
 3 FCPATH\index.php(55): CodeIgniter\CodeIgniter->initialize()
CRITICAL - 2024-03-24 14:25:07 --> The framework needs the following extension(s) installed and loaded: intl.
in SYSTEMPATH\CodeIgniter.php on line 219.
 1 SYSTEMPATH\CodeIgniter.php(219): CodeIgniter\Exceptions\FrameworkException::forMissingExtension('intl')
 2 SYSTEMPATH\CodeIgniter.php(177): CodeIgniter\CodeIgniter->resolvePlatformExtensions()
 3 FCPATH\index.php(55): CodeIgniter\CodeIgniter->initialize()
CRITICAL - 2024-03-24 14:26:20 --> The framework needs the following extension(s) installed and loaded: intl.
in SYSTEMPATH\CodeIgniter.php on line 219.
 1 SYSTEMPATH\CodeIgniter.php(219): CodeIgniter\Exceptions\FrameworkException::forMissingExtension('intl')
 2 SYSTEMPATH\CodeIgniter.php(177): CodeIgniter\CodeIgniter->resolvePlatformExtensions()
 3 FCPATH\index.php(55): CodeIgniter\CodeIgniter->initialize()
CRITICAL - 2024-03-24 14:26:22 --> The framework needs the following extension(s) installed and loaded: intl.
in SYSTEMPATH\CodeIgniter.php on line 219.
 1 SYSTEMPATH\CodeIgniter.php(219): CodeIgniter\Exceptions\FrameworkException::forMissingExtension('intl')
 2 SYSTEMPATH\CodeIgniter.php(177): CodeIgniter\CodeIgniter->resolvePlatformExtensions()
 3 FCPATH\index.php(55): CodeIgniter\CodeIgniter->initialize()
ERROR - 2024-03-24 21:40:31 --> mysqli_sql_exception: Table 'ta_henny.tbl_ibadah' doesn't exist in engine in C:\xampp\htdocs\ta_henny\system\Database\MySQLi\Connection.php:292
Stack trace:
#0 C:\xampp\htdocs\ta_henny\system\Database\MySQLi\Connection.php(292): mysqli->query('SELECT *\nFROM `...', 0)
#1 C:\xampp\htdocs\ta_henny\system\Database\BaseConnection.php(693): CodeIgniter\Database\MySQLi\Connection->execute('SELECT *\nFROM `...')
#2 C:\xampp\htdocs\ta_henny\system\Database\BaseConnection.php(620): CodeIgniter\Database\BaseConnection->simpleQuery('SELECT *\nFROM `...')
#3 C:\xampp\htdocs\ta_henny\system\Database\BaseBuilder.php(1585): CodeIgniter\Database\BaseConnection->query('SELECT *\nFROM `...', Array, false)
#4 C:\xampp\htdocs\ta_henny\app\Models\ModelHome.php(44): CodeIgniter\Database\BaseBuilder->get()
#5 C:\xampp\htdocs\ta_henny\app\Controllers\Home.php(39): App\Models\ModelHome->Ibadah()
#6 C:\xampp\htdocs\ta_henny\system\CodeIgniter.php(904): App\Controllers\Home->index()
#7 C:\xampp\htdocs\ta_henny\system\CodeIgniter.php(457): CodeIgniter\CodeIgniter->runController(Object(App\Controllers\Home))
#8 C:\xampp\htdocs\ta_henny\system\CodeIgniter.php(340): CodeIgniter\CodeIgniter->handleRequest(NULL, Object(Config\Cache), false)
#9 C:\xampp\htdocs\ta_henny\public\index.php(67): CodeIgniter\CodeIgniter->run()
#10 {main}
CRITICAL - 2024-03-24 21:40:32 --> Table 'ta_henny.tbl_ibadah' doesn't exist in engine
in SYSTEMPATH\Database\MySQLi\Connection.php on line 292.
 1 SYSTEMPATH\Database\MySQLi\Connection.php(292): mysqli->query('SELECT *
FROM `tbl_ibadah`
WHERE month(tanggal) = \'03\'
AND year(tanggal) = \'2024\'
ORDER BY `tanggal` ASC', 0)
 2 SYSTEMPATH\Database\BaseConnection.php(693): CodeIgniter\Database\MySQLi\Connection->execute('SELECT *
FROM `tbl_ibadah`
WHERE month(tanggal) = \'03\'
AND year(tanggal) = \'2024\'
ORDER BY `tanggal` ASC')
 3 SYSTEMPATH\Database\BaseConnection.php(620): CodeIgniter\Database\BaseConnection->simpleQuery('SELECT *
FROM `tbl_ibadah`
WHERE month(tanggal) = \'03\'
AND year(tanggal) = \'2024\'
ORDER BY `tanggal` ASC')
 4 SYSTEMPATH\Database\BaseBuilder.php(1585): CodeIgniter\Database\BaseConnection->query('SELECT *
FROM `tbl_ibadah`
WHERE month(tanggal) = :month(tanggal):
AND year(tanggal) = :year(tanggal):
ORDER BY `tanggal` ASC', [...], false)
 5 APPPATH\Models\ModelHome.php(44): CodeIgniter\Database\BaseBuilder->get()
 6 APPPATH\Controllers\Home.php(39): App\Models\ModelHome->Ibadah()
 7 SYSTEMPATH\CodeIgniter.php(904): App\Controllers\Home->index()
 8 SYSTEMPATH\CodeIgniter.php(457): CodeIgniter\CodeIgniter->runController(Object(App\Controllers\Home))
 9 SYSTEMPATH\CodeIgniter.php(340): CodeIgniter\CodeIgniter->handleRequest(null, Object(Config\Cache), false)
10 FCPATH\index.php(67): CodeIgniter\CodeIgniter->run()
ERROR - 2024-03-24 22:03:08 --> Error connecting to the database: mysqli_sql_exception: No connection could be made because the target machine actively refused it in C:\xampp\htdocs\ta_henny\system\Database\MySQLi\Connection.php:170
Stack trace:
#0 C:\xampp\htdocs\ta_henny\system\Database\MySQLi\Connection.php(170): mysqli->real_connect('localhost', 'root', Object(SensitiveParameterValue), 'ta_henny', 3306, '', 0)
#1 C:\xampp\htdocs\ta_henny\system\Database\BaseConnection.php(382): CodeIgniter\Database\MySQLi\Connection->connect(false)
#2 C:\xampp\htdocs\ta_henny\system\Database\BaseConnection.php(588): CodeIgniter\Database\BaseConnection->initialize()
#3 C:\xampp\htdocs\ta_henny\system\Database\BaseBuilder.php(1585): CodeIgniter\Database\BaseConnection->query('SELECT *\nFROM `...', Array, false)
#4 C:\xampp\htdocs\ta_henny\app\Models\ModelAdmin.php(13): CodeIgniter\Database\BaseBuilder->get()
#5 C:\xampp\htdocs\ta_henny\app\Controllers\Home.php(29): App\Models\ModelAdmin->ViewSetting()
#6 C:\xampp\htdocs\ta_henny\system\CodeIgniter.php(904): App\Controllers\Home->index()
#7 C:\xampp\htdocs\ta_henny\system\CodeIgniter.php(457): CodeIgniter\CodeIgniter->runController(Object(App\Controllers\Home))
#8 C:\xampp\htdocs\ta_henny\system\CodeIgniter.php(340): CodeIgniter\CodeIgniter->handleRequest(NULL, Object(Config\Cache), false)
#9 C:\xampp\htdocs\ta_henny\public\index.php(67): CodeIgniter\CodeIgniter->run()
#10 {main}

Next CodeIgniter\Database\Exceptions\DatabaseException: No connection could be made because the target machine actively refused it in C:\xampp\htdocs\ta_henny\system\Database\MySQLi\Connection.php:215
Stack trace:
#0 C:\xampp\htdocs\ta_henny\system\Database\BaseConnection.php(382): CodeIgniter\Database\MySQLi\Connection->connect(false)
#1 C:\xampp\htdocs\ta_henny\system\Database\BaseConnection.php(588): CodeIgniter\Database\BaseConnection->initialize()
#2 C:\xampp\htdocs\ta_henny\system\Database\BaseBuilder.php(1585): CodeIgniter\Database\BaseConnection->query('SELECT *\nFROM `...', Array, false)
#3 C:\xampp\htdocs\ta_henny\app\Models\ModelAdmin.php(13): CodeIgniter\Database\BaseBuilder->get()
#4 C:\xampp\htdocs\ta_henny\app\Controllers\Home.php(29): App\Models\ModelAdmin->ViewSetting()
#5 C:\xampp\htdocs\ta_henny\system\CodeIgniter.php(904): App\Controllers\Home->index()
#6 C:\xampp\htdocs\ta_henny\system\CodeIgniter.php(457): CodeIgniter\CodeIgniter->runController(Object(App\Controllers\Home))
#7 C:\xampp\htdocs\ta_henny\system\CodeIgniter.php(340): CodeIgniter\CodeIgniter->handleRequest(NULL, Object(Config\Cache), false)
#8 C:\xampp\htdocs\ta_henny\public\index.php(67): CodeIgniter\CodeIgniter->run()
#9 {main}
CRITICAL - 2024-03-24 22:03:08 --> Unable to connect to the database.
Main connection [MySQLi]: No connection could be made because the target machine actively refused it
in SYSTEMPATH\Database\BaseConnection.php on line 418.
 1 SYSTEMPATH\Database\BaseConnection.php(588): CodeIgniter\Database\BaseConnection->initialize()
 2 SYSTEMPATH\Database\BaseBuilder.php(1585): CodeIgniter\Database\BaseConnection->query('SELECT *
FROM `tbl_setting`
WHERE `id` = :id:', [...], false)
 3 APPPATH\Models\ModelAdmin.php(13): CodeIgniter\Database\BaseBuilder->get()
 4 APPPATH\Controllers\Home.php(29): App\Models\ModelAdmin->ViewSetting()
 5 SYSTEMPATH\CodeIgniter.php(904): App\Controllers\Home->index()
 6 SYSTEMPATH\CodeIgniter.php(457): CodeIgniter\CodeIgniter->runController(Object(App\Controllers\Home))
 7 SYSTEMPATH\CodeIgniter.php(340): CodeIgniter\CodeIgniter->handleRequest(null, Object(Config\Cache), false)
 8 FCPATH\index.php(67): CodeIgniter\CodeIgniter->run()
