CRITICAL - 2023-05-03 09:03:50 --> file_get_contents(): php_network_getaddresses: getaddrinfo for api.myquran.com failed: No such host is known. 
in APPPATH\Controllers\Home.php on line 29.
 1 [internal function]: CodeIgniter\Debug\Exceptions->errorHandler(2, 'file_get_contents(): php_network_getaddresses: getaddrinfo for api.myquran.com failed: No such host is known. ', 'APPPATH\\Controllers\\Home.php', 29)
 2 APPPATH\Controllers\Home.php(29): file_get_contents('https://api.myquran.com/v1/sholat/jadwal/3307/2023/05/03')
 3 SYSTEMPATH\CodeIgniter.php(904): App\Controllers\Home->index()
 4 SYSTEMPATH\CodeIgniter.php(457): CodeIgniter\CodeIgniter->runController(Object(App\Controllers\Home))
 5 SYSTEMPATH\CodeIgniter.php(340): CodeIgniter\CodeIgniter->handleRequest(null, Object(Config\Cache), false)
 6 FCPATH\index.php(67): CodeIgniter\CodeIgniter->run()
 7 SYSTEMPATH\Commands\Server\rewrite.php(43): require_once('FCPATH\\index.php')
ERROR - 2023-05-03 09:04:58 --> mysqli_sql_exception: Server shutdown in progress in C:\laragon\www\simasjid-ta-rusman\system\Database\MySQLi\Connection.php:292
Stack trace:
#0 C:\laragon\www\simasjid-ta-rusman\system\Database\MySQLi\Connection.php(292): mysqli->query('SELECT *\nFROM `...', 0)
#1 C:\laragon\www\simasjid-ta-rusman\system\Database\BaseConnection.php(693): CodeIgniter\Database\MySQLi\Connection->execute('SELECT *\nFROM `...')
#2 C:\laragon\www\simasjid-ta-rusman\system\Database\BaseConnection.php(620): CodeIgniter\Database\BaseConnection->simpleQuery('SELECT *\nFROM `...')
#3 C:\laragon\www\simasjid-ta-rusman\system\Database\BaseBuilder.php(1585): CodeIgniter\Database\BaseConnection->query('SELECT *\nFROM `...', Array, false)
#4 C:\laragon\www\simasjid-ta-rusman\app\Models\ModelHome.php(15): CodeIgniter\Database\BaseBuilder->get()
#5 C:\laragon\www\simasjid-ta-rusman\app\Controllers\Home.php(36): App\Models\ModelHome->Agenda()
#6 C:\laragon\www\simasjid-ta-rusman\system\CodeIgniter.php(904): App\Controllers\Home->index()
#7 C:\laragon\www\simasjid-ta-rusman\system\CodeIgniter.php(457): CodeIgniter\CodeIgniter->runController(Object(App\Controllers\Home))
#8 C:\laragon\www\simasjid-ta-rusman\system\CodeIgniter.php(340): CodeIgniter\CodeIgniter->handleRequest(NULL, Object(Config\Cache), false)
#9 C:\laragon\www\simasjid-ta-rusman\public\index.php(67): CodeIgniter\CodeIgniter->run()
#10 C:\laragon\www\simasjid-ta-rusman\system\Commands\Server\rewrite.php(43): require_once('C:\\laragon\\www\\...')
#11 {main}
CRITICAL - 2023-05-03 09:04:58 --> Server shutdown in progress
in SYSTEMPATH\Database\MySQLi\Connection.php on line 292.
 1 SYSTEMPATH\Database\MySQLi\Connection.php(292): mysqli->query('SELECT *
FROM `tbl_agenda`
WHERE month(tanggal) = \'05\'
AND year(tanggal) = \'2023\'
ORDER BY `tanggal` ASC', 0)
 2 SYSTEMPATH\Database\BaseConnection.php(693): CodeIgniter\Database\MySQLi\Connection->execute('SELECT *
FROM `tbl_agenda`
WHERE month(tanggal) = \'05\'
AND year(tanggal) = \'2023\'
ORDER BY `tanggal` ASC')
 3 SYSTEMPATH\Database\BaseConnection.php(620): CodeIgniter\Database\BaseConnection->simpleQuery('SELECT *
FROM `tbl_agenda`
WHERE month(tanggal) = \'05\'
AND year(tanggal) = \'2023\'
ORDER BY `tanggal` ASC')
 4 SYSTEMPATH\Database\BaseBuilder.php(1585): CodeIgniter\Database\BaseConnection->query('SELECT *
FROM `tbl_agenda`
WHERE month(tanggal) = :month(tanggal):
AND year(tanggal) = :year(tanggal):
ORDER BY `tanggal` ASC', [...], false)
 5 APPPATH\Models\ModelHome.php(15): CodeIgniter\Database\BaseBuilder->get()
 6 APPPATH\Controllers\Home.php(36): App\Models\ModelHome->Agenda()
 7 SYSTEMPATH\CodeIgniter.php(904): App\Controllers\Home->index()
 8 SYSTEMPATH\CodeIgniter.php(457): CodeIgniter\CodeIgniter->runController(Object(App\Controllers\Home))
 9 SYSTEMPATH\CodeIgniter.php(340): CodeIgniter\CodeIgniter->handleRequest(null, Object(Config\Cache), false)
10 FCPATH\index.php(67): CodeIgniter\CodeIgniter->run()
11 SYSTEMPATH\Commands\Server\rewrite.php(43): require_once('FCPATH\\index.php')
