ERROR - 2023-10-02 08:45:06 --> mysqli_sql_exception: Expression #2 of SELECT list is not in GROUP BY clause and contains nonaggregated column 'ta-eben-ikt.tbl_anggota_kerukunan.jabatan' which is not functionally dependent on columns in GROUP BY clause; this is incompatible with sql_mode=only_full_group_by in C:\laragon\www\ta-eben-ikt\system\Database\MySQLi\Connection.php:292
Stack trace:
#0 C:\laragon\www\ta-eben-ikt\system\Database\MySQLi\Connection.php(292): mysqli->query('SELECT `tbl_ang...', 0)
#1 C:\laragon\www\ta-eben-ikt\system\Database\BaseConnection.php(693): CodeIgniter\Database\MySQLi\Connection->execute('SELECT `tbl_ang...')
#2 C:\laragon\www\ta-eben-ikt\system\Database\BaseConnection.php(620): CodeIgniter\Database\BaseConnection->simpleQuery('SELECT `tbl_ang...')
#3 C:\laragon\www\ta-eben-ikt\system\Database\BaseBuilder.php(1585): CodeIgniter\Database\BaseConnection->query('SELECT `tbl_ang...', Array, false)
#4 C:\laragon\www\ta-eben-ikt\app\Views\kerukunan\v_anggota_kerukunan.php(56): CodeIgniter\Database\BaseBuilder->get()
#5 C:\laragon\www\ta-eben-ikt\system\View\View.php(213): include('C:\\laragon\\www\\...')
#6 C:\laragon\www\ta-eben-ikt\system\View\View.php(216): CodeIgniter\View\View->CodeIgniter\View\{closure}()
#7 C:\laragon\www\ta-eben-ikt\system\Common.php(1137): CodeIgniter\View\View->render('kerukunan/v_ang...', Array, true)
#8 C:\laragon\www\ta-eben-ikt\app\Views\v_template_admin.php(327): view('kerukunan/v_ang...')
#9 C:\laragon\www\ta-eben-ikt\system\View\View.php(213): include('C:\\laragon\\www\\...')
#10 C:\laragon\www\ta-eben-ikt\system\View\View.php(216): CodeIgniter\View\View->CodeIgniter\View\{closure}()
#11 C:\laragon\www\ta-eben-ikt\system\Common.php(1137): CodeIgniter\View\View->render('v_template_admi...', Array, true)
#12 C:\laragon\www\ta-eben-ikt\app\Controllers\DataKerukunan.php(42): view('v_template_admi...', Array)
#13 C:\laragon\www\ta-eben-ikt\system\CodeIgniter.php(904): App\Controllers\DataKerukunan->AnggotaKerukunan('2')
#14 C:\laragon\www\ta-eben-ikt\system\CodeIgniter.php(457): CodeIgniter\CodeIgniter->runController(Object(App\Controllers\DataKerukunan))
#15 C:\laragon\www\ta-eben-ikt\system\CodeIgniter.php(340): CodeIgniter\CodeIgniter->handleRequest(NULL, Object(Config\Cache), false)
#16 C:\laragon\www\ta-eben-ikt\public\index.php(67): CodeIgniter\CodeIgniter->run()
#17 {main}
CRITICAL - 2023-10-02 08:45:06 --> Expression #2 of SELECT list is not in GROUP BY clause and contains nonaggregated column 'ta-eben-ikt.tbl_anggota_kerukunan.jabatan' which is not functionally dependent on columns in GROUP BY clause; this is incompatible with sql_mode=only_full_group_by
in SYSTEMPATH\Database\MySQLi\Connection.php on line 292.
 1 SYSTEMPATH\Database\MySQLi\Connection.php(292): mysqli->query('SELECT `tbl_anggota_kerukunan`.`id_kerukunan`, `tbl_anggota_kerukunan`.`jabatan`
FROM `tbl_anggota_kerukunan`
WHERE `id_kerukunan` = \'4\'
GROUP BY `tbl_anggota_kerukunan`.`id_kerukunan`', 0)
 2 SYSTEMPATH\Database\BaseConnection.php(693): CodeIgniter\Database\MySQLi\Connection->execute('SELECT `tbl_anggota_kerukunan`.`id_kerukunan`, `tbl_anggota_kerukunan`.`jabatan`
FROM `tbl_anggota_kerukunan`
WHERE `id_kerukunan` = \'4\'
GROUP BY `tbl_anggota_kerukunan`.`id_kerukunan`')
 3 SYSTEMPATH\Database\BaseConnection.php(620): CodeIgniter\Database\BaseConnection->simpleQuery('SELECT `tbl_anggota_kerukunan`.`id_kerukunan`, `tbl_anggota_kerukunan`.`jabatan`
FROM `tbl_anggota_kerukunan`
WHERE `id_kerukunan` = \'4\'
GROUP BY `tbl_anggota_kerukunan`.`id_kerukunan`')
 4 SYSTEMPATH\Database\BaseBuilder.php(1585): CodeIgniter\Database\BaseConnection->query('SELECT `tbl_anggota_kerukunan`.`id_kerukunan`, `tbl_anggota_kerukunan`.`jabatan`
FROM `tbl_anggota_kerukunan`
WHERE `id_kerukunan` = :id_kerukunan:
GROUP BY `tbl_anggota_kerukunan`.`id_kerukunan`', [...], false)
 5 APPPATH\Views\kerukunan\v_anggota_kerukunan.php(56): CodeIgniter\Database\BaseBuilder->get()
 6 SYSTEMPATH\View\View.php(213): include('APPPATH\\Views\\kerukunan\\v_anggota_kerukunan.php')
 7 SYSTEMPATH\View\View.php(216): CodeIgniter\View\View->CodeIgniter\View\{closure}()
 8 SYSTEMPATH\Common.php(1137): CodeIgniter\View\View->render('kerukunan/v_anggota_kerukunan', [], true)
 9 APPPATH\Views\v_template_admin.php(327): view('kerukunan/v_anggota_kerukunan')
10 SYSTEMPATH\View\View.php(213): include('APPPATH\\Views\\v_template_admin.php')
11 SYSTEMPATH\View\View.php(216): CodeIgniter\View\View->CodeIgniter\View\{closure}()
12 SYSTEMPATH\Common.php(1137): CodeIgniter\View\View->render('v_template_admin', [], true)
13 APPPATH\Controllers\DataKerukunan.php(42): view('v_template_admin', [...])
14 SYSTEMPATH\CodeIgniter.php(904): App\Controllers\DataKerukunan->AnggotaKerukunan('2')
15 SYSTEMPATH\CodeIgniter.php(457): CodeIgniter\CodeIgniter->runController(Object(App\Controllers\DataKerukunan))
16 SYSTEMPATH\CodeIgniter.php(340): CodeIgniter\CodeIgniter->handleRequest(null, Object(Config\Cache), false)
17 FCPATH\index.php(67): CodeIgniter\CodeIgniter->run()
ERROR - 2023-10-02 08:47:39 --> mysqli_sql_exception: Expression #2 of SELECT list is not in GROUP BY clause and contains nonaggregated column 'ta-eben-ikt.tbl_anggota_kerukunan.jabatan' which is not functionally dependent on columns in GROUP BY clause; this is incompatible with sql_mode=only_full_group_by in C:\laragon\www\ta-eben-ikt\system\Database\MySQLi\Connection.php:292
Stack trace:
#0 C:\laragon\www\ta-eben-ikt\system\Database\MySQLi\Connection.php(292): mysqli->query('SELECT `tbl_ang...', 0)
#1 C:\laragon\www\ta-eben-ikt\system\Database\BaseConnection.php(693): CodeIgniter\Database\MySQLi\Connection->execute('SELECT `tbl_ang...')
#2 C:\laragon\www\ta-eben-ikt\system\Database\BaseConnection.php(620): CodeIgniter\Database\BaseConnection->simpleQuery('SELECT `tbl_ang...')
#3 C:\laragon\www\ta-eben-ikt\system\Database\BaseBuilder.php(1585): CodeIgniter\Database\BaseConnection->query('SELECT `tbl_ang...', Array, false)
#4 C:\laragon\www\ta-eben-ikt\app\Views\kerukunan\v_anggota_kerukunan.php(56): CodeIgniter\Database\BaseBuilder->get()
#5 C:\laragon\www\ta-eben-ikt\system\View\View.php(213): include('C:\\laragon\\www\\...')
#6 C:\laragon\www\ta-eben-ikt\system\View\View.php(216): CodeIgniter\View\View->CodeIgniter\View\{closure}()
#7 C:\laragon\www\ta-eben-ikt\system\Common.php(1137): CodeIgniter\View\View->render('kerukunan/v_ang...', Array, true)
#8 C:\laragon\www\ta-eben-ikt\app\Views\v_template_admin.php(327): view('kerukunan/v_ang...')
#9 C:\laragon\www\ta-eben-ikt\system\View\View.php(213): include('C:\\laragon\\www\\...')
#10 C:\laragon\www\ta-eben-ikt\system\View\View.php(216): CodeIgniter\View\View->CodeIgniter\View\{closure}()
#11 C:\laragon\www\ta-eben-ikt\system\Common.php(1137): CodeIgniter\View\View->render('v_template_admi...', Array, true)
#12 C:\laragon\www\ta-eben-ikt\app\Controllers\DataKerukunan.php(42): view('v_template_admi...', Array)
#13 C:\laragon\www\ta-eben-ikt\system\CodeIgniter.php(904): App\Controllers\DataKerukunan->AnggotaKerukunan('2')
#14 C:\laragon\www\ta-eben-ikt\system\CodeIgniter.php(457): CodeIgniter\CodeIgniter->runController(Object(App\Controllers\DataKerukunan))
#15 C:\laragon\www\ta-eben-ikt\system\CodeIgniter.php(340): CodeIgniter\CodeIgniter->handleRequest(NULL, Object(Config\Cache), false)
#16 C:\laragon\www\ta-eben-ikt\public\index.php(67): CodeIgniter\CodeIgniter->run()
#17 {main}
CRITICAL - 2023-10-02 08:47:39 --> Expression #2 of SELECT list is not in GROUP BY clause and contains nonaggregated column 'ta-eben-ikt.tbl_anggota_kerukunan.jabatan' which is not functionally dependent on columns in GROUP BY clause; this is incompatible with sql_mode=only_full_group_by
in SYSTEMPATH\Database\MySQLi\Connection.php on line 292.
 1 SYSTEMPATH\Database\MySQLi\Connection.php(292): mysqli->query('SELECT `tbl_anggota_kerukunan`.`id_kerukunan`, `tbl_anggota_kerukunan`.`jabatan`
FROM `tbl_anggota_kerukunan`
WHERE `id_kerukunan` = \'4\'
GROUP BY `tbl_anggota_kerukunan`.`id_kerukunan`', 0)
 2 SYSTEMPATH\Database\BaseConnection.php(693): CodeIgniter\Database\MySQLi\Connection->execute('SELECT `tbl_anggota_kerukunan`.`id_kerukunan`, `tbl_anggota_kerukunan`.`jabatan`
FROM `tbl_anggota_kerukunan`
WHERE `id_kerukunan` = \'4\'
GROUP BY `tbl_anggota_kerukunan`.`id_kerukunan`')
 3 SYSTEMPATH\Database\BaseConnection.php(620): CodeIgniter\Database\BaseConnection->simpleQuery('SELECT `tbl_anggota_kerukunan`.`id_kerukunan`, `tbl_anggota_kerukunan`.`jabatan`
FROM `tbl_anggota_kerukunan`
WHERE `id_kerukunan` = \'4\'
GROUP BY `tbl_anggota_kerukunan`.`id_kerukunan`')
 4 SYSTEMPATH\Database\BaseBuilder.php(1585): CodeIgniter\Database\BaseConnection->query('SELECT `tbl_anggota_kerukunan`.`id_kerukunan`, `tbl_anggota_kerukunan`.`jabatan`
FROM `tbl_anggota_kerukunan`
WHERE `id_kerukunan` = :id_kerukunan:
GROUP BY `tbl_anggota_kerukunan`.`id_kerukunan`', [...], false)
 5 APPPATH\Views\kerukunan\v_anggota_kerukunan.php(56): CodeIgniter\Database\BaseBuilder->get()
 6 SYSTEMPATH\View\View.php(213): include('APPPATH\\Views\\kerukunan\\v_anggota_kerukunan.php')
 7 SYSTEMPATH\View\View.php(216): CodeIgniter\View\View->CodeIgniter\View\{closure}()
 8 SYSTEMPATH\Common.php(1137): CodeIgniter\View\View->render('kerukunan/v_anggota_kerukunan', [], true)
 9 APPPATH\Views\v_template_admin.php(327): view('kerukunan/v_anggota_kerukunan')
10 SYSTEMPATH\View\View.php(213): include('APPPATH\\Views\\v_template_admin.php')
11 SYSTEMPATH\View\View.php(216): CodeIgniter\View\View->CodeIgniter\View\{closure}()
12 SYSTEMPATH\Common.php(1137): CodeIgniter\View\View->render('v_template_admin', [], true)
13 APPPATH\Controllers\DataKerukunan.php(42): view('v_template_admin', [...])
14 SYSTEMPATH\CodeIgniter.php(904): App\Controllers\DataKerukunan->AnggotaKerukunan('2')
15 SYSTEMPATH\CodeIgniter.php(457): CodeIgniter\CodeIgniter->runController(Object(App\Controllers\DataKerukunan))
16 SYSTEMPATH\CodeIgniter.php(340): CodeIgniter\CodeIgniter->handleRequest(null, Object(Config\Cache), false)
17 FCPATH\index.php(67): CodeIgniter\CodeIgniter->run()
ERROR - 2023-10-02 08:47:43 --> mysqli_sql_exception: Expression #2 of SELECT list is not in GROUP BY clause and contains nonaggregated column 'ta-eben-ikt.tbl_anggota_kerukunan.jabatan' which is not functionally dependent on columns in GROUP BY clause; this is incompatible with sql_mode=only_full_group_by in C:\laragon\www\ta-eben-ikt\system\Database\MySQLi\Connection.php:292
Stack trace:
#0 C:\laragon\www\ta-eben-ikt\system\Database\MySQLi\Connection.php(292): mysqli->query('SELECT `tbl_ang...', 0)
#1 C:\laragon\www\ta-eben-ikt\system\Database\BaseConnection.php(693): CodeIgniter\Database\MySQLi\Connection->execute('SELECT `tbl_ang...')
#2 C:\laragon\www\ta-eben-ikt\system\Database\BaseConnection.php(620): CodeIgniter\Database\BaseConnection->simpleQuery('SELECT `tbl_ang...')
#3 C:\laragon\www\ta-eben-ikt\system\Database\BaseBuilder.php(1585): CodeIgniter\Database\BaseConnection->query('SELECT `tbl_ang...', Array, false)
#4 C:\laragon\www\ta-eben-ikt\app\Views\kerukunan\v_anggota_kerukunan.php(56): CodeIgniter\Database\BaseBuilder->get()
#5 C:\laragon\www\ta-eben-ikt\system\View\View.php(213): include('C:\\laragon\\www\\...')
#6 C:\laragon\www\ta-eben-ikt\system\View\View.php(216): CodeIgniter\View\View->CodeIgniter\View\{closure}()
#7 C:\laragon\www\ta-eben-ikt\system\Common.php(1137): CodeIgniter\View\View->render('kerukunan/v_ang...', Array, true)
#8 C:\laragon\www\ta-eben-ikt\app\Views\v_template_admin.php(327): view('kerukunan/v_ang...')
#9 C:\laragon\www\ta-eben-ikt\system\View\View.php(213): include('C:\\laragon\\www\\...')
#10 C:\laragon\www\ta-eben-ikt\system\View\View.php(216): CodeIgniter\View\View->CodeIgniter\View\{closure}()
#11 C:\laragon\www\ta-eben-ikt\system\Common.php(1137): CodeIgniter\View\View->render('v_template_admi...', Array, true)
#12 C:\laragon\www\ta-eben-ikt\app\Controllers\DataKerukunan.php(42): view('v_template_admi...', Array)
#13 C:\laragon\www\ta-eben-ikt\system\CodeIgniter.php(904): App\Controllers\DataKerukunan->AnggotaKerukunan('2')
#14 C:\laragon\www\ta-eben-ikt\system\CodeIgniter.php(457): CodeIgniter\CodeIgniter->runController(Object(App\Controllers\DataKerukunan))
#15 C:\laragon\www\ta-eben-ikt\system\CodeIgniter.php(340): CodeIgniter\CodeIgniter->handleRequest(NULL, Object(Config\Cache), false)
#16 C:\laragon\www\ta-eben-ikt\public\index.php(67): CodeIgniter\CodeIgniter->run()
#17 {main}
CRITICAL - 2023-10-02 08:47:43 --> Expression #2 of SELECT list is not in GROUP BY clause and contains nonaggregated column 'ta-eben-ikt.tbl_anggota_kerukunan.jabatan' which is not functionally dependent on columns in GROUP BY clause; this is incompatible with sql_mode=only_full_group_by
in SYSTEMPATH\Database\MySQLi\Connection.php on line 292.
 1 SYSTEMPATH\Database\MySQLi\Connection.php(292): mysqli->query('SELECT `tbl_anggota_kerukunan`.`id_kerukunan`, `tbl_anggota_kerukunan`.`jabatan`
FROM `tbl_anggota_kerukunan`
WHERE `id_kerukunan` = \'4\'
GROUP BY `tbl_anggota_kerukunan`.`id_kerukunan`', 0)
 2 SYSTEMPATH\Database\BaseConnection.php(693): CodeIgniter\Database\MySQLi\Connection->execute('SELECT `tbl_anggota_kerukunan`.`id_kerukunan`, `tbl_anggota_kerukunan`.`jabatan`
FROM `tbl_anggota_kerukunan`
WHERE `id_kerukunan` = \'4\'
GROUP BY `tbl_anggota_kerukunan`.`id_kerukunan`')
 3 SYSTEMPATH\Database\BaseConnection.php(620): CodeIgniter\Database\BaseConnection->simpleQuery('SELECT `tbl_anggota_kerukunan`.`id_kerukunan`, `tbl_anggota_kerukunan`.`jabatan`
FROM `tbl_anggota_kerukunan`
WHERE `id_kerukunan` = \'4\'
GROUP BY `tbl_anggota_kerukunan`.`id_kerukunan`')
 4 SYSTEMPATH\Database\BaseBuilder.php(1585): CodeIgniter\Database\BaseConnection->query('SELECT `tbl_anggota_kerukunan`.`id_kerukunan`, `tbl_anggota_kerukunan`.`jabatan`
FROM `tbl_anggota_kerukunan`
WHERE `id_kerukunan` = :id_kerukunan:
GROUP BY `tbl_anggota_kerukunan`.`id_kerukunan`', [...], false)
 5 APPPATH\Views\kerukunan\v_anggota_kerukunan.php(56): CodeIgniter\Database\BaseBuilder->get()
 6 SYSTEMPATH\View\View.php(213): include('APPPATH\\Views\\kerukunan\\v_anggota_kerukunan.php')
 7 SYSTEMPATH\View\View.php(216): CodeIgniter\View\View->CodeIgniter\View\{closure}()
 8 SYSTEMPATH\Common.php(1137): CodeIgniter\View\View->render('kerukunan/v_anggota_kerukunan', [], true)
 9 APPPATH\Views\v_template_admin.php(327): view('kerukunan/v_anggota_kerukunan')
10 SYSTEMPATH\View\View.php(213): include('APPPATH\\Views\\v_template_admin.php')
11 SYSTEMPATH\View\View.php(216): CodeIgniter\View\View->CodeIgniter\View\{closure}()
12 SYSTEMPATH\Common.php(1137): CodeIgniter\View\View->render('v_template_admin', [], true)
13 APPPATH\Controllers\DataKerukunan.php(42): view('v_template_admin', [...])
14 SYSTEMPATH\CodeIgniter.php(904): App\Controllers\DataKerukunan->AnggotaKerukunan('2')
15 SYSTEMPATH\CodeIgniter.php(457): CodeIgniter\CodeIgniter->runController(Object(App\Controllers\DataKerukunan))
16 SYSTEMPATH\CodeIgniter.php(340): CodeIgniter\CodeIgniter->handleRequest(null, Object(Config\Cache), false)
17 FCPATH\index.php(67): CodeIgniter\CodeIgniter->run()
ERROR - 2023-10-02 08:48:28 --> mysqli_sql_exception: Expression #2 of SELECT list is not in GROUP BY clause and contains nonaggregated column 'ta-eben-ikt.tbl_anggota_kerukunan.jabatan' which is not functionally dependent on columns in GROUP BY clause; this is incompatible with sql_mode=only_full_group_by in C:\laragon\www\ta-eben-ikt\system\Database\MySQLi\Connection.php:292
Stack trace:
#0 C:\laragon\www\ta-eben-ikt\system\Database\MySQLi\Connection.php(292): mysqli->query('SELECT `tbl_ang...', 0)
#1 C:\laragon\www\ta-eben-ikt\system\Database\BaseConnection.php(693): CodeIgniter\Database\MySQLi\Connection->execute('SELECT `tbl_ang...')
#2 C:\laragon\www\ta-eben-ikt\system\Database\BaseConnection.php(620): CodeIgniter\Database\BaseConnection->simpleQuery('SELECT `tbl_ang...')
#3 C:\laragon\www\ta-eben-ikt\system\Database\BaseBuilder.php(1585): CodeIgniter\Database\BaseConnection->query('SELECT `tbl_ang...', Array, false)
#4 C:\laragon\www\ta-eben-ikt\app\Views\kerukunan\v_anggota_kerukunan.php(56): CodeIgniter\Database\BaseBuilder->get()
#5 C:\laragon\www\ta-eben-ikt\system\View\View.php(213): include('C:\\laragon\\www\\...')
#6 C:\laragon\www\ta-eben-ikt\system\View\View.php(216): CodeIgniter\View\View->CodeIgniter\View\{closure}()
#7 C:\laragon\www\ta-eben-ikt\system\Common.php(1137): CodeIgniter\View\View->render('kerukunan/v_ang...', Array, true)
#8 C:\laragon\www\ta-eben-ikt\app\Views\v_template_admin.php(327): view('kerukunan/v_ang...')
#9 C:\laragon\www\ta-eben-ikt\system\View\View.php(213): include('C:\\laragon\\www\\...')
#10 C:\laragon\www\ta-eben-ikt\system\View\View.php(216): CodeIgniter\View\View->CodeIgniter\View\{closure}()
#11 C:\laragon\www\ta-eben-ikt\system\Common.php(1137): CodeIgniter\View\View->render('v_template_admi...', Array, true)
#12 C:\laragon\www\ta-eben-ikt\app\Controllers\DataKerukunan.php(42): view('v_template_admi...', Array)
#13 C:\laragon\www\ta-eben-ikt\system\CodeIgniter.php(904): App\Controllers\DataKerukunan->AnggotaKerukunan('2')
#14 C:\laragon\www\ta-eben-ikt\system\CodeIgniter.php(457): CodeIgniter\CodeIgniter->runController(Object(App\Controllers\DataKerukunan))
#15 C:\laragon\www\ta-eben-ikt\system\CodeIgniter.php(340): CodeIgniter\CodeIgniter->handleRequest(NULL, Object(Config\Cache), false)
#16 C:\laragon\www\ta-eben-ikt\public\index.php(67): CodeIgniter\CodeIgniter->run()
#17 {main}
CRITICAL - 2023-10-02 08:48:28 --> Expression #2 of SELECT list is not in GROUP BY clause and contains nonaggregated column 'ta-eben-ikt.tbl_anggota_kerukunan.jabatan' which is not functionally dependent on columns in GROUP BY clause; this is incompatible with sql_mode=only_full_group_by
in SYSTEMPATH\Database\MySQLi\Connection.php on line 292.
 1 SYSTEMPATH\Database\MySQLi\Connection.php(292): mysqli->query('SELECT `tbl_anggota_kerukunan`.`id_kerukunan`, `tbl_anggota_kerukunan`.`jabatan`
FROM `tbl_anggota_kerukunan`
WHERE `id_kerukunan` = \'4\'
GROUP BY `tbl_anggota_kerukunan`.`id_kerukunan`', 0)
 2 SYSTEMPATH\Database\BaseConnection.php(693): CodeIgniter\Database\MySQLi\Connection->execute('SELECT `tbl_anggota_kerukunan`.`id_kerukunan`, `tbl_anggota_kerukunan`.`jabatan`
FROM `tbl_anggota_kerukunan`
WHERE `id_kerukunan` = \'4\'
GROUP BY `tbl_anggota_kerukunan`.`id_kerukunan`')
 3 SYSTEMPATH\Database\BaseConnection.php(620): CodeIgniter\Database\BaseConnection->simpleQuery('SELECT `tbl_anggota_kerukunan`.`id_kerukunan`, `tbl_anggota_kerukunan`.`jabatan`
FROM `tbl_anggota_kerukunan`
WHERE `id_kerukunan` = \'4\'
GROUP BY `tbl_anggota_kerukunan`.`id_kerukunan`')
 4 SYSTEMPATH\Database\BaseBuilder.php(1585): CodeIgniter\Database\BaseConnection->query('SELECT `tbl_anggota_kerukunan`.`id_kerukunan`, `tbl_anggota_kerukunan`.`jabatan`
FROM `tbl_anggota_kerukunan`
WHERE `id_kerukunan` = :id_kerukunan:
GROUP BY `tbl_anggota_kerukunan`.`id_kerukunan`', [...], false)
 5 APPPATH\Views\kerukunan\v_anggota_kerukunan.php(56): CodeIgniter\Database\BaseBuilder->get()
 6 SYSTEMPATH\View\View.php(213): include('APPPATH\\Views\\kerukunan\\v_anggota_kerukunan.php')
 7 SYSTEMPATH\View\View.php(216): CodeIgniter\View\View->CodeIgniter\View\{closure}()
 8 SYSTEMPATH\Common.php(1137): CodeIgniter\View\View->render('kerukunan/v_anggota_kerukunan', [], true)
 9 APPPATH\Views\v_template_admin.php(327): view('kerukunan/v_anggota_kerukunan')
10 SYSTEMPATH\View\View.php(213): include('APPPATH\\Views\\v_template_admin.php')
11 SYSTEMPATH\View\View.php(216): CodeIgniter\View\View->CodeIgniter\View\{closure}()
12 SYSTEMPATH\Common.php(1137): CodeIgniter\View\View->render('v_template_admin', [], true)
13 APPPATH\Controllers\DataKerukunan.php(42): view('v_template_admin', [...])
14 SYSTEMPATH\CodeIgniter.php(904): App\Controllers\DataKerukunan->AnggotaKerukunan('2')
15 SYSTEMPATH\CodeIgniter.php(457): CodeIgniter\CodeIgniter->runController(Object(App\Controllers\DataKerukunan))
16 SYSTEMPATH\CodeIgniter.php(340): CodeIgniter\CodeIgniter->handleRequest(null, Object(Config\Cache), false)
17 FCPATH\index.php(67): CodeIgniter\CodeIgniter->run()
CRITICAL - 2023-10-02 08:48:55 --> Unmatched '}'
in APPPATH\Views\kerukunan\v_anggota_kerukunan.php on line 74.
 1 SYSTEMPATH\View\View.php(216): CodeIgniter\View\View->CodeIgniter\View\{closure}()
 2 SYSTEMPATH\Common.php(1137): CodeIgniter\View\View->render('kerukunan/v_anggota_kerukunan', [], true)
 3 APPPATH\Views\v_template_admin.php(327): view('kerukunan/v_anggota_kerukunan')
 4 SYSTEMPATH\View\View.php(213): include('APPPATH\\Views\\v_template_admin.php')
 5 SYSTEMPATH\View\View.php(216): CodeIgniter\View\View->CodeIgniter\View\{closure}()
 6 SYSTEMPATH\Common.php(1137): CodeIgniter\View\View->render('v_template_admin', [], true)
 7 APPPATH\Controllers\DataKerukunan.php(42): view('v_template_admin', [...])
 8 SYSTEMPATH\CodeIgniter.php(904): App\Controllers\DataKerukunan->AnggotaKerukunan('2')
 9 SYSTEMPATH\CodeIgniter.php(457): CodeIgniter\CodeIgniter->runController(Object(App\Controllers\DataKerukunan))
10 SYSTEMPATH\CodeIgniter.php(340): CodeIgniter\CodeIgniter->handleRequest(null, Object(Config\Cache), false)
11 FCPATH\index.php(67): CodeIgniter\CodeIgniter->run()
ERROR - 2023-10-02 08:49:27 --> mysqli_sql_exception: Expression #2 of SELECT list is not in GROUP BY clause and contains nonaggregated column 'ta-eben-ikt.tbl_anggota_kerukunan.jabatan' which is not functionally dependent on columns in GROUP BY clause; this is incompatible with sql_mode=only_full_group_by in C:\laragon\www\ta-eben-ikt\system\Database\MySQLi\Connection.php:292
Stack trace:
#0 C:\laragon\www\ta-eben-ikt\system\Database\MySQLi\Connection.php(292): mysqli->query('SELECT `tbl_ang...', 0)
#1 C:\laragon\www\ta-eben-ikt\system\Database\BaseConnection.php(693): CodeIgniter\Database\MySQLi\Connection->execute('SELECT `tbl_ang...')
#2 C:\laragon\www\ta-eben-ikt\system\Database\BaseConnection.php(620): CodeIgniter\Database\BaseConnection->simpleQuery('SELECT `tbl_ang...')
#3 C:\laragon\www\ta-eben-ikt\system\Database\BaseBuilder.php(1585): CodeIgniter\Database\BaseConnection->query('SELECT `tbl_ang...', Array, false)
#4 C:\laragon\www\ta-eben-ikt\app\Views\kerukunan\v_anggota_kerukunan.php(56): CodeIgniter\Database\BaseBuilder->get()
#5 C:\laragon\www\ta-eben-ikt\system\View\View.php(213): include('C:\\laragon\\www\\...')
#6 C:\laragon\www\ta-eben-ikt\system\View\View.php(216): CodeIgniter\View\View->CodeIgniter\View\{closure}()
#7 C:\laragon\www\ta-eben-ikt\system\Common.php(1137): CodeIgniter\View\View->render('kerukunan/v_ang...', Array, true)
#8 C:\laragon\www\ta-eben-ikt\app\Views\v_template_admin.php(327): view('kerukunan/v_ang...')
#9 C:\laragon\www\ta-eben-ikt\system\View\View.php(213): include('C:\\laragon\\www\\...')
#10 C:\laragon\www\ta-eben-ikt\system\View\View.php(216): CodeIgniter\View\View->CodeIgniter\View\{closure}()
#11 C:\laragon\www\ta-eben-ikt\system\Common.php(1137): CodeIgniter\View\View->render('v_template_admi...', Array, true)
#12 C:\laragon\www\ta-eben-ikt\app\Controllers\DataKerukunan.php(42): view('v_template_admi...', Array)
#13 C:\laragon\www\ta-eben-ikt\system\CodeIgniter.php(904): App\Controllers\DataKerukunan->AnggotaKerukunan('2')
#14 C:\laragon\www\ta-eben-ikt\system\CodeIgniter.php(457): CodeIgniter\CodeIgniter->runController(Object(App\Controllers\DataKerukunan))
#15 C:\laragon\www\ta-eben-ikt\system\CodeIgniter.php(340): CodeIgniter\CodeIgniter->handleRequest(NULL, Object(Config\Cache), false)
#16 C:\laragon\www\ta-eben-ikt\public\index.php(67): CodeIgniter\CodeIgniter->run()
#17 {main}
CRITICAL - 2023-10-02 08:49:27 --> Expression #2 of SELECT list is not in GROUP BY clause and contains nonaggregated column 'ta-eben-ikt.tbl_anggota_kerukunan.jabatan' which is not functionally dependent on columns in GROUP BY clause; this is incompatible with sql_mode=only_full_group_by
in SYSTEMPATH\Database\MySQLi\Connection.php on line 292.
 1 SYSTEMPATH\Database\MySQLi\Connection.php(292): mysqli->query('SELECT `tbl_anggota_kerukunan`.`id_kerukunan`, `tbl_anggota_kerukunan`.`jabatan`
FROM `tbl_anggota_kerukunan`
WHERE `id_kerukunan` = \'4\'
GROUP BY `tbl_anggota_kerukunan`.`id_kerukunan`', 0)
 2 SYSTEMPATH\Database\BaseConnection.php(693): CodeIgniter\Database\MySQLi\Connection->execute('SELECT `tbl_anggota_kerukunan`.`id_kerukunan`, `tbl_anggota_kerukunan`.`jabatan`
FROM `tbl_anggota_kerukunan`
WHERE `id_kerukunan` = \'4\'
GROUP BY `tbl_anggota_kerukunan`.`id_kerukunan`')
 3 SYSTEMPATH\Database\BaseConnection.php(620): CodeIgniter\Database\BaseConnection->simpleQuery('SELECT `tbl_anggota_kerukunan`.`id_kerukunan`, `tbl_anggota_kerukunan`.`jabatan`
FROM `tbl_anggota_kerukunan`
WHERE `id_kerukunan` = \'4\'
GROUP BY `tbl_anggota_kerukunan`.`id_kerukunan`')
 4 SYSTEMPATH\Database\BaseBuilder.php(1585): CodeIgniter\Database\BaseConnection->query('SELECT `tbl_anggota_kerukunan`.`id_kerukunan`, `tbl_anggota_kerukunan`.`jabatan`
FROM `tbl_anggota_kerukunan`
WHERE `id_kerukunan` = :id_kerukunan:
GROUP BY `tbl_anggota_kerukunan`.`id_kerukunan`', [...], false)
 5 APPPATH\Views\kerukunan\v_anggota_kerukunan.php(56): CodeIgniter\Database\BaseBuilder->get()
 6 SYSTEMPATH\View\View.php(213): include('APPPATH\\Views\\kerukunan\\v_anggota_kerukunan.php')
 7 SYSTEMPATH\View\View.php(216): CodeIgniter\View\View->CodeIgniter\View\{closure}()
 8 SYSTEMPATH\Common.php(1137): CodeIgniter\View\View->render('kerukunan/v_anggota_kerukunan', [], true)
 9 APPPATH\Views\v_template_admin.php(327): view('kerukunan/v_anggota_kerukunan')
10 SYSTEMPATH\View\View.php(213): include('APPPATH\\Views\\v_template_admin.php')
11 SYSTEMPATH\View\View.php(216): CodeIgniter\View\View->CodeIgniter\View\{closure}()
12 SYSTEMPATH\Common.php(1137): CodeIgniter\View\View->render('v_template_admin', [], true)
13 APPPATH\Controllers\DataKerukunan.php(42): view('v_template_admin', [...])
14 SYSTEMPATH\CodeIgniter.php(904): App\Controllers\DataKerukunan->AnggotaKerukunan('2')
15 SYSTEMPATH\CodeIgniter.php(457): CodeIgniter\CodeIgniter->runController(Object(App\Controllers\DataKerukunan))
16 SYSTEMPATH\CodeIgniter.php(340): CodeIgniter\CodeIgniter->handleRequest(null, Object(Config\Cache), false)
17 FCPATH\index.php(67): CodeIgniter\CodeIgniter->run()
