CRITICAL - 2023-01-26 22:16:16 --> file_get_contents(): php_network_getaddresses: getaddrinfo for api.myquran.com failed: No such host is known. 
in APPPATH\Controllers\Home.php on line 27.
 1 [internal function]: CodeIgniter\Debug\Exceptions->errorHandler(2, 'file_get_contents(): php_network_getaddresses: getaddrinfo for api.myquran.com failed: No such host is known. ', 'APPPATH\\Controllers\\Home.php', 27)
 2 APPPATH\Controllers\Home.php(27): file_get_contents('https://api.myquran.com/v1/sholat/jadwal/1301/2023/01/26')
 3 SYSTEMPATH\CodeIgniter.php(904): App\Controllers\Home->index()
 4 SYSTEMPATH\CodeIgniter.php(457): CodeIgniter\CodeIgniter->runController(Object(App\Controllers\Home))
 5 SYSTEMPATH\CodeIgniter.php(340): CodeIgniter\CodeIgniter->handleRequest(null, Object(Config\Cache), false)
 6 FCPATH\index.php(67): CodeIgniter\CodeIgniter->run()
 7 SYSTEMPATH\Commands\Server\rewrite.php(43): require_once('FCPATH\\index.php')
CRITICAL - 2023-01-26 22:28:50 --> Maximum execution time of 60 seconds exceeded
in SYSTEMPATH\Debug\Exceptions.php on line 154.
 1 [internal function]: CodeIgniter\Debug\Exceptions->shutdownHandler()
CRITICAL - 2023-01-26 22:47:43 --> syntax error, unexpected token "as", expecting variable or "{" or "$"
in APPPATH\Views\front-end\v_agenda.php on line 10.
 1 SYSTEMPATH\View\View.php(216): CodeIgniter\View\View->CodeIgniter\View\{closure}()
 2 SYSTEMPATH\Common.php(1137): CodeIgniter\View\View->render('front-end/v_agenda', [], true)
 3 APPPATH\Views\v_template.php(112): view('front-end/v_agenda')
 4 SYSTEMPATH\View\View.php(213): include('APPPATH\\Views\\v_template.php')
 5 SYSTEMPATH\View\View.php(216): CodeIgniter\View\View->CodeIgniter\View\{closure}()
 6 SYSTEMPATH\Common.php(1137): CodeIgniter\View\View->render('v_template', [], true)
 7 APPPATH\Controllers\Home.php(46): view('v_template', [...])
 8 SYSTEMPATH\CodeIgniter.php(904): App\Controllers\Home->Agenda()
 9 SYSTEMPATH\CodeIgniter.php(457): CodeIgniter\CodeIgniter->runController(Object(App\Controllers\Home))
10 SYSTEMPATH\CodeIgniter.php(340): CodeIgniter\CodeIgniter->handleRequest(null, Object(Config\Cache), false)
11 FCPATH\index.php(67): CodeIgniter\CodeIgniter->run()
12 SYSTEMPATH\Commands\Server\rewrite.php(43): require_once('FCPATH\\index.php')
