CRITICAL - 2023-10-23 09:56:16 --> Undefined array key "username"
in APPPATH\Controllers\Login.php on line 67.
 1 APPPATH\Controllers\Login.php(67): CodeIgniter\Debug\Exceptions->errorHandler(2, 'Undefined array key "username"', 'APPPATH\\Controllers\\Login.php', 67)
 2 SYSTEMPATH\CodeIgniter.php(904): App\Controllers\Login->CekLogin()
 3 SYSTEMPATH\CodeIgniter.php(457): CodeIgniter\CodeIgniter->runController(Object(App\Controllers\Login))
 4 SYSTEMPATH\CodeIgniter.php(340): CodeIgniter\CodeIgniter->handleRequest(null, Object(Config\Cache), false)
 5 FCPATH\index.php(67): CodeIgniter\CodeIgniter->run()
CRITICAL - 2023-10-23 09:56:38 --> You must set the database table to be used with your query.
in SYSTEMPATH\Database\BaseConnection.php on line 872.
 1 SYSTEMPATH\Model.php(586): CodeIgniter\Database\BaseConnection->table(null)
 2 SYSTEMPATH\Model.php(763): CodeIgniter\Model->builder()
 3 APPPATH\Controllers\Login.php(67): CodeIgniter\Model->__call('where', [...])
 4 SYSTEMPATH\CodeIgniter.php(904): App\Controllers\Login->CekLogin()
 5 SYSTEMPATH\CodeIgniter.php(457): CodeIgniter\CodeIgniter->runController(Object(App\Controllers\Login))
 6 SYSTEMPATH\CodeIgniter.php(340): CodeIgniter\CodeIgniter->handleRequest(null, Object(Config\Cache), false)
 7 FCPATH\index.php(67): CodeIgniter\CodeIgniter->run()
CRITICAL - 2023-10-23 09:57:21 --> You must set the database table to be used with your query.
in SYSTEMPATH\Database\BaseConnection.php on line 872.
 1 SYSTEMPATH\Model.php(586): CodeIgniter\Database\BaseConnection->table(null)
 2 SYSTEMPATH\Model.php(763): CodeIgniter\Model->builder()
 3 APPPATH\Controllers\Login.php(67): CodeIgniter\Model->__call('where', [...])
 4 SYSTEMPATH\CodeIgniter.php(904): App\Controllers\Login->CekLogin()
 5 SYSTEMPATH\CodeIgniter.php(457): CodeIgniter\CodeIgniter->runController(Object(App\Controllers\Login))
 6 SYSTEMPATH\CodeIgniter.php(340): CodeIgniter\CodeIgniter->handleRequest(null, Object(Config\Cache), false)
 7 FCPATH\index.php(67): CodeIgniter\CodeIgniter->run()
CRITICAL - 2023-10-23 10:04:06 --> Undefined property: App\Controllers\Bendahara::$ModelKasIkt
in APPPATH\Controllers\Bendahara.php on line 16.
 1 APPPATH\Controllers\Bendahara.php(16): CodeIgniter\Debug\Exceptions->errorHandler(2, 'Undefined property: App\\Controllers\\Bendahara::$ModelKasIkt', 'APPPATH\\Controllers\\Bendahara.php', 16)
 2 SYSTEMPATH\CodeIgniter.php(904): App\Controllers\Bendahara->index()
 3 SYSTEMPATH\CodeIgniter.php(457): CodeIgniter\CodeIgniter->runController(Object(App\Controllers\Bendahara))
 4 SYSTEMPATH\CodeIgniter.php(340): CodeIgniter\CodeIgniter->handleRequest(null, Object(Config\Cache), false)
 5 FCPATH\index.php(67): CodeIgniter\CodeIgniter->run()
CRITICAL - 2023-10-23 10:04:24 --> Class "App\Controllers\ModelAdmin" not found
in APPPATH\Controllers\Bendahara.php on line 11.
 1 SYSTEMPATH\CodeIgniter.php(866): App\Controllers\Bendahara->__construct()
 2 SYSTEMPATH\CodeIgniter.php(448): CodeIgniter\CodeIgniter->createController()
 3 SYSTEMPATH\CodeIgniter.php(340): CodeIgniter\CodeIgniter->handleRequest(null, Object(Config\Cache), false)
 4 FCPATH\index.php(67): CodeIgniter\CodeIgniter->run()
CRITICAL - 2023-10-23 10:07:27 --> Unclosed '{' on line 100
in APPPATH\Views\v_template_admin.php on line 315.
 1 SYSTEMPATH\View\View.php(216): CodeIgniter\View\View->CodeIgniter\View\{closure}()
 2 SYSTEMPATH\Common.php(1137): CodeIgniter\View\View->render('v_template_admin', [], true)
 3 APPPATH\Controllers\Bendahara.php(26): view('v_template_admin', [...])
 4 SYSTEMPATH\CodeIgniter.php(904): App\Controllers\Bendahara->index()
 5 SYSTEMPATH\CodeIgniter.php(457): CodeIgniter\CodeIgniter->runController(Object(App\Controllers\Bendahara))
 6 SYSTEMPATH\CodeIgniter.php(340): CodeIgniter\CodeIgniter->handleRequest(null, Object(Config\Cache), false)
 7 FCPATH\index.php(67): CodeIgniter\CodeIgniter->run()
CRITICAL - 2023-10-23 10:08:11 --> Undefined variable $role
in APPPATH\Views\v_template_admin.php on line 99.
 1 APPPATH\Views\v_template_admin.php(99): CodeIgniter\Debug\Exceptions->errorHandler(2, 'Undefined variable $role', 'APPPATH\\Views\\v_template_admin.php', 99)
 2 SYSTEMPATH\View\View.php(213): include('APPPATH\\Views\\v_template_admin.php')
 3 SYSTEMPATH\View\View.php(216): CodeIgniter\View\View->CodeIgniter\View\{closure}()
 4 SYSTEMPATH\Common.php(1137): CodeIgniter\View\View->render('v_template_admin', [], true)
 5 APPPATH\Controllers\Bendahara.php(26): view('v_template_admin', [...])
 6 SYSTEMPATH\CodeIgniter.php(904): App\Controllers\Bendahara->index()
 7 SYSTEMPATH\CodeIgniter.php(457): CodeIgniter\CodeIgniter->runController(Object(App\Controllers\Bendahara))
 8 SYSTEMPATH\CodeIgniter.php(340): CodeIgniter\CodeIgniter->handleRequest(null, Object(Config\Cache), false)
 9 FCPATH\index.php(67): CodeIgniter\CodeIgniter->run()
CRITICAL - 2023-10-23 10:10:35 --> Undefined variable $level
in APPPATH\Views\v_template_admin.php on line 100.
 1 APPPATH\Views\v_template_admin.php(100): CodeIgniter\Debug\Exceptions->errorHandler(2, 'Undefined variable $level', 'APPPATH\\Views\\v_template_admin.php', 100)
 2 SYSTEMPATH\View\View.php(213): include('APPPATH\\Views\\v_template_admin.php')
 3 SYSTEMPATH\View\View.php(216): CodeIgniter\View\View->CodeIgniter\View\{closure}()
 4 SYSTEMPATH\Common.php(1137): CodeIgniter\View\View->render('v_template_admin', [], true)
 5 APPPATH\Controllers\Bendahara.php(26): view('v_template_admin', [...])
 6 SYSTEMPATH\CodeIgniter.php(904): App\Controllers\Bendahara->index()
 7 SYSTEMPATH\CodeIgniter.php(457): CodeIgniter\CodeIgniter->runController(Object(App\Controllers\Bendahara))
 8 SYSTEMPATH\CodeIgniter.php(340): CodeIgniter\CodeIgniter->handleRequest(null, Object(Config\Cache), false)
 9 FCPATH\index.php(67): CodeIgniter\CodeIgniter->run()
CRITICAL - 2023-10-23 10:10:44 --> Undefined variable $level
in APPPATH\Views\v_template_admin.php on line 100.
 1 APPPATH\Views\v_template_admin.php(100): CodeIgniter\Debug\Exceptions->errorHandler(2, 'Undefined variable $level', 'APPPATH\\Views\\v_template_admin.php', 100)
 2 SYSTEMPATH\View\View.php(213): include('APPPATH\\Views\\v_template_admin.php')
 3 SYSTEMPATH\View\View.php(216): CodeIgniter\View\View->CodeIgniter\View\{closure}()
 4 SYSTEMPATH\Common.php(1137): CodeIgniter\View\View->render('v_template_admin', [], true)
 5 APPPATH\Controllers\Bendahara.php(26): view('v_template_admin', [...])
 6 SYSTEMPATH\CodeIgniter.php(904): App\Controllers\Bendahara->index()
 7 SYSTEMPATH\CodeIgniter.php(457): CodeIgniter\CodeIgniter->runController(Object(App\Controllers\Bendahara))
 8 SYSTEMPATH\CodeIgniter.php(340): CodeIgniter\CodeIgniter->handleRequest(null, Object(Config\Cache), false)
 9 FCPATH\index.php(67): CodeIgniter\CodeIgniter->run()
CRITICAL - 2023-10-23 10:11:06 --> Undefined variable $level
in APPPATH\Views\v_template_admin.php on line 100.
 1 APPPATH\Views\v_template_admin.php(100): CodeIgniter\Debug\Exceptions->errorHandler(2, 'Undefined variable $level', 'APPPATH\\Views\\v_template_admin.php', 100)
 2 SYSTEMPATH\View\View.php(213): include('APPPATH\\Views\\v_template_admin.php')
 3 SYSTEMPATH\View\View.php(216): CodeIgniter\View\View->CodeIgniter\View\{closure}()
 4 SYSTEMPATH\Common.php(1137): CodeIgniter\View\View->render('v_template_admin', [], true)
 5 APPPATH\Controllers\Bendahara.php(27): view('v_template_admin', [...])
 6 SYSTEMPATH\CodeIgniter.php(904): App\Controllers\Bendahara->index()
 7 SYSTEMPATH\CodeIgniter.php(457): CodeIgniter\CodeIgniter->runController(Object(App\Controllers\Bendahara))
 8 SYSTEMPATH\CodeIgniter.php(340): CodeIgniter\CodeIgniter->handleRequest(null, Object(Config\Cache), false)
 9 FCPATH\index.php(67): CodeIgniter\CodeIgniter->run()
CRITICAL - 2023-10-23 10:11:51 --> Undefined variable $level
in APPPATH\Views\v_template_admin.php on line 100.
 1 APPPATH\Views\v_template_admin.php(100): CodeIgniter\Debug\Exceptions->errorHandler(2, 'Undefined variable $level', 'APPPATH\\Views\\v_template_admin.php', 100)
 2 SYSTEMPATH\View\View.php(213): include('APPPATH\\Views\\v_template_admin.php')
 3 SYSTEMPATH\View\View.php(216): CodeIgniter\View\View->CodeIgniter\View\{closure}()
 4 SYSTEMPATH\Common.php(1137): CodeIgniter\View\View->render('v_template_admin', [], true)
 5 APPPATH\Controllers\Bendahara.php(27): view('v_template_admin', [...])
 6 SYSTEMPATH\CodeIgniter.php(904): App\Controllers\Bendahara->index()
 7 SYSTEMPATH\CodeIgniter.php(457): CodeIgniter\CodeIgniter->runController(Object(App\Controllers\Bendahara))
 8 SYSTEMPATH\CodeIgniter.php(340): CodeIgniter\CodeIgniter->handleRequest(null, Object(Config\Cache), false)
 9 FCPATH\index.php(67): CodeIgniter\CodeIgniter->run()
CRITICAL - 2023-10-23 10:12:03 --> Undefined variable $level
in APPPATH\Views\v_template_admin.php on line 100.
 1 APPPATH\Views\v_template_admin.php(100): CodeIgniter\Debug\Exceptions->errorHandler(2, 'Undefined variable $level', 'APPPATH\\Views\\v_template_admin.php', 100)
 2 SYSTEMPATH\View\View.php(213): include('APPPATH\\Views\\v_template_admin.php')
 3 SYSTEMPATH\View\View.php(216): CodeIgniter\View\View->CodeIgniter\View\{closure}()
 4 SYSTEMPATH\Common.php(1137): CodeIgniter\View\View->render('v_template_admin', [], true)
 5 APPPATH\Controllers\Bendahara.php(27): view('v_template_admin', [...])
 6 SYSTEMPATH\CodeIgniter.php(904): App\Controllers\Bendahara->index()
 7 SYSTEMPATH\CodeIgniter.php(457): CodeIgniter\CodeIgniter->runController(Object(App\Controllers\Bendahara))
 8 SYSTEMPATH\CodeIgniter.php(340): CodeIgniter\CodeIgniter->handleRequest(null, Object(Config\Cache), false)
 9 FCPATH\index.php(67): CodeIgniter\CodeIgniter->run()
CRITICAL - 2023-10-23 10:12:14 --> Undefined variable $data
in APPPATH\Views\v_template_admin.php on line 100.
 1 APPPATH\Views\v_template_admin.php(100): CodeIgniter\Debug\Exceptions->errorHandler(2, 'Undefined variable $data', 'APPPATH\\Views\\v_template_admin.php', 100)
 2 SYSTEMPATH\View\View.php(213): include('APPPATH\\Views\\v_template_admin.php')
 3 SYSTEMPATH\View\View.php(216): CodeIgniter\View\View->CodeIgniter\View\{closure}()
 4 SYSTEMPATH\Common.php(1137): CodeIgniter\View\View->render('v_template_admin', [], true)
 5 APPPATH\Controllers\Bendahara.php(27): view('v_template_admin', [...])
 6 SYSTEMPATH\CodeIgniter.php(904): App\Controllers\Bendahara->index()
 7 SYSTEMPATH\CodeIgniter.php(457): CodeIgniter\CodeIgniter->runController(Object(App\Controllers\Bendahara))
 8 SYSTEMPATH\CodeIgniter.php(340): CodeIgniter\CodeIgniter->handleRequest(null, Object(Config\Cache), false)
 9 FCPATH\index.php(67): CodeIgniter\CodeIgniter->run()
CRITICAL - 2023-10-23 10:12:37 --> Undefined variable $data
in APPPATH\Views\v_template_admin.php on line 99.
 1 APPPATH\Views\v_template_admin.php(99): CodeIgniter\Debug\Exceptions->errorHandler(2, 'Undefined variable $data', 'APPPATH\\Views\\v_template_admin.php', 99)
 2 SYSTEMPATH\View\View.php(213): include('APPPATH\\Views\\v_template_admin.php')
 3 SYSTEMPATH\View\View.php(216): CodeIgniter\View\View->CodeIgniter\View\{closure}()
 4 SYSTEMPATH\Common.php(1137): CodeIgniter\View\View->render('v_template_admin', [], true)
 5 APPPATH\Controllers\Bendahara.php(27): view('v_template_admin', [...])
 6 SYSTEMPATH\CodeIgniter.php(904): App\Controllers\Bendahara->index()
 7 SYSTEMPATH\CodeIgniter.php(457): CodeIgniter\CodeIgniter->runController(Object(App\Controllers\Bendahara))
 8 SYSTEMPATH\CodeIgniter.php(340): CodeIgniter\CodeIgniter->handleRequest(null, Object(Config\Cache), false)
 9 FCPATH\index.php(67): CodeIgniter\CodeIgniter->run()
CRITICAL - 2023-10-23 10:12:44 --> Undefined variable $level
in APPPATH\Views\v_template_admin.php on line 99.
 1 APPPATH\Views\v_template_admin.php(99): CodeIgniter\Debug\Exceptions->errorHandler(2, 'Undefined variable $level', 'APPPATH\\Views\\v_template_admin.php', 99)
 2 SYSTEMPATH\View\View.php(213): include('APPPATH\\Views\\v_template_admin.php')
 3 SYSTEMPATH\View\View.php(216): CodeIgniter\View\View->CodeIgniter\View\{closure}()
 4 SYSTEMPATH\Common.php(1137): CodeIgniter\View\View->render('v_template_admin', [], true)
 5 APPPATH\Controllers\Bendahara.php(27): view('v_template_admin', [...])
 6 SYSTEMPATH\CodeIgniter.php(904): App\Controllers\Bendahara->index()
 7 SYSTEMPATH\CodeIgniter.php(457): CodeIgniter\CodeIgniter->runController(Object(App\Controllers\Bendahara))
 8 SYSTEMPATH\CodeIgniter.php(340): CodeIgniter\CodeIgniter->handleRequest(null, Object(Config\Cache), false)
 9 FCPATH\index.php(67): CodeIgniter\CodeIgniter->run()
