ERROR - 2024-03-28 20:05:31 --> mysqli_sql_exception: MySQL server has gone away in C:\xampp\htdocs\ta_henny\system\Database\MySQLi\Connection.php:292
Stack trace:
#0 C:\xampp\htdocs\ta_henny\system\Database\MySQLi\Connection.php(292): mysqli->query('SELECT *\nFROM `...', 0)
#1 C:\xampp\htdocs\ta_henny\system\Database\BaseConnection.php(693): CodeIgniter\Database\MySQLi\Connection->execute('SELECT *\nFROM `...')
#2 C:\xampp\htdocs\ta_henny\system\Database\BaseConnection.php(620): CodeIgniter\Database\BaseConnection->simpleQuery('SELECT *\nFROM `...')
#3 C:\xampp\htdocs\ta_henny\system\Database\BaseBuilder.php(1585): CodeIgniter\Database\BaseConnection->query('SELECT *\nFROM `...', Array, false)
#4 C:\xampp\htdocs\ta_henny\app\Models\ModelKasIkt.php(12): CodeIgniter\Database\BaseBuilder->get()
#5 C:\xampp\htdocs\ta_henny\app\Controllers\Admin.php(32): App\Models\ModelKasIkt->AllData()
#6 C:\xampp\htdocs\ta_henny\system\CodeIgniter.php(904): App\Controllers\Admin->index()
#7 C:\xampp\htdocs\ta_henny\system\CodeIgniter.php(457): CodeIgniter\CodeIgniter->runController(Object(App\Controllers\Admin))
#8 C:\xampp\htdocs\ta_henny\system\CodeIgniter.php(340): CodeIgniter\CodeIgniter->handleRequest(NULL, Object(Config\Cache), false)
#9 C:\xampp\htdocs\ta_henny\public\index.php(67): CodeIgniter\CodeIgniter->run()
#10 {main}
CRITICAL - 2024-03-28 20:05:31 --> MySQL server has gone away
in SYSTEMPATH\Database\MySQLi\Connection.php on line 292.
 1 SYSTEMPATH\Database\MySQLi\Connection.php(292): mysqli->query('SELECT *
FROM `tbl_kas_ikt`', 0)
 2 SYSTEMPATH\Database\BaseConnection.php(693): CodeIgniter\Database\MySQLi\Connection->execute('SELECT *
FROM `tbl_kas_ikt`')
 3 SYSTEMPATH\Database\BaseConnection.php(620): CodeIgniter\Database\BaseConnection->simpleQuery('SELECT *
FROM `tbl_kas_ikt`')
 4 SYSTEMPATH\Database\BaseBuilder.php(1585): CodeIgniter\Database\BaseConnection->query('SELECT *
FROM `tbl_kas_ikt`', [], false)
 5 APPPATH\Models\ModelKasIkt.php(12): CodeIgniter\Database\BaseBuilder->get()
 6 APPPATH\Controllers\Admin.php(32): App\Models\ModelKasIkt->AllData()
 7 SYSTEMPATH\CodeIgniter.php(904): App\Controllers\Admin->index()
 8 SYSTEMPATH\CodeIgniter.php(457): CodeIgniter\CodeIgniter->runController(Object(App\Controllers\Admin))
 9 SYSTEMPATH\CodeIgniter.php(340): CodeIgniter\CodeIgniter->handleRequest(null, Object(Config\Cache), false)
10 FCPATH\index.php(67): CodeIgniter\CodeIgniter->run()
CRITICAL - 2024-03-28 20:06:25 --> Creation of dynamic property App\Controllers\KasIm::$ModelAdmin is deprecated
in APPPATH\Controllers\KasIm.php on line 14.
 1 APPPATH\Controllers\KasIm.php(14): CodeIgniter\Debug\Exceptions->errorHandler(8192, 'Creation of dynamic property App\\Controllers\\KasIm::$ModelAdmin is deprecated', 'APPPATH\\Controllers\\KasIm.php', 14)
 2 SYSTEMPATH\CodeIgniter.php(866): App\Controllers\KasIm->__construct()
 3 SYSTEMPATH\CodeIgniter.php(448): CodeIgniter\CodeIgniter->createController()
 4 SYSTEMPATH\CodeIgniter.php(340): CodeIgniter\CodeIgniter->handleRequest(null, Object(Config\Cache), false)
 5 FCPATH\index.php(67): CodeIgniter\CodeIgniter->run()
CRITICAL - 2024-03-28 20:06:52 --> Creation of dynamic property App\Controllers\Rekening::$ModelRekening is deprecated
in APPPATH\Controllers\Rekening.php on line 13.
 1 APPPATH\Controllers\Rekening.php(13): CodeIgniter\Debug\Exceptions->errorHandler(8192, 'Creation of dynamic property App\\Controllers\\Rekening::$ModelRekening is deprecated', 'APPPATH\\Controllers\\Rekening.php', 13)
 2 SYSTEMPATH\CodeIgniter.php(866): App\Controllers\Rekening->__construct()
 3 SYSTEMPATH\CodeIgniter.php(448): CodeIgniter\CodeIgniter->createController()
 4 SYSTEMPATH\CodeIgniter.php(340): CodeIgniter\CodeIgniter->handleRequest(null, Object(Config\Cache), false)
 5 FCPATH\index.php(67): CodeIgniter\CodeIgniter->run()
