CRITICAL - 2023-10-22 09:15:53 --> Undefined variable $kas_i
in APPPATH\Views\v_template.php on line 138.
 1 APPPATH\Views\v_template.php(138): CodeIgniter\Debug\Exceptions->errorHandler(2, 'Undefined variable $kas_i', 'APPPATH\\Views\\v_template.php', 138)
 2 SYSTEMPATH\View\View.php(213): include('APPPATH\\Views\\v_template.php')
 3 SYSTEMPATH\View\View.php(216): CodeIgniter\View\View->CodeIgniter\View\{closure}()
 4 SYSTEMPATH\Common.php(1137): CodeIgniter\View\View->render('v_template', [], true)
 5 APPPATH\Controllers\Home.php(96): view('v_template', [...])
 6 SYSTEMPATH\CodeIgniter.php(904): App\Controllers\Home->Donasi()
 7 SYSTEMPATH\CodeIgniter.php(457): CodeIgniter\CodeIgniter->runController(Object(App\Controllers\Home))
 8 SYSTEMPATH\CodeIgniter.php(340): CodeIgniter\CodeIgniter->handleRequest(null, Object(Config\Cache), false)
 9 FCPATH\index.php(67): CodeIgniter\CodeIgniter->run()
CRITICAL - 2023-10-22 09:18:08 --> Undefined variable $kas_m
in APPPATH\Views\v_template.php on line 138.
 1 APPPATH\Views\v_template.php(138): CodeIgniter\Debug\Exceptions->errorHandler(2, 'Undefined variable $kas_m', 'APPPATH\\Views\\v_template.php', 138)
 2 SYSTEMPATH\View\View.php(213): include('APPPATH\\Views\\v_template.php')
 3 SYSTEMPATH\View\View.php(216): CodeIgniter\View\View->CodeIgniter\View\{closure}()
 4 SYSTEMPATH\Common.php(1137): CodeIgniter\View\View->render('v_template', [], true)
 5 APPPATH\Controllers\Home.php(96): view('v_template', [...])
 6 SYSTEMPATH\CodeIgniter.php(904): App\Controllers\Home->Donasi()
 7 SYSTEMPATH\CodeIgniter.php(457): CodeIgniter\CodeIgniter->runController(Object(App\Controllers\Home))
 8 SYSTEMPATH\CodeIgniter.php(340): CodeIgniter\CodeIgniter->handleRequest(null, Object(Config\Cache), false)
 9 FCPATH\index.php(67): CodeIgniter\CodeIgniter->run()
CRITICAL - 2023-10-22 09:18:27 --> Undefined variable $kas_i
in APPPATH\Views\v_template.php on line 138.
 1 APPPATH\Views\v_template.php(138): CodeIgniter\Debug\Exceptions->errorHandler(2, 'Undefined variable $kas_i', 'APPPATH\\Views\\v_template.php', 138)
 2 SYSTEMPATH\View\View.php(213): include('APPPATH\\Views\\v_template.php')
 3 SYSTEMPATH\View\View.php(216): CodeIgniter\View\View->CodeIgniter\View\{closure}()
 4 SYSTEMPATH\Common.php(1137): CodeIgniter\View\View->render('v_template', [], true)
 5 APPPATH\Controllers\Home.php(96): view('v_template', [...])
 6 SYSTEMPATH\CodeIgniter.php(904): App\Controllers\Home->Donasi()
 7 SYSTEMPATH\CodeIgniter.php(457): CodeIgniter\CodeIgniter->runController(Object(App\Controllers\Home))
 8 SYSTEMPATH\CodeIgniter.php(340): CodeIgniter\CodeIgniter->handleRequest(null, Object(Config\Cache), false)
 9 FCPATH\index.php(67): CodeIgniter\CodeIgniter->run()
CRITICAL - 2023-10-22 09:57:32 --> Undefined array key "id_donasi"
in APPPATH\Views\v_donasi_masuk.php on line 63.
 1 APPPATH\Views\v_donasi_masuk.php(63): CodeIgniter\Debug\Exceptions->errorHandler(2, 'Undefined array key "id_donasi"', 'APPPATH\\Views\\v_donasi_masuk.php', 63)
 2 SYSTEMPATH\View\View.php(213): include('APPPATH\\Views\\v_donasi_masuk.php')
 3 SYSTEMPATH\View\View.php(216): CodeIgniter\View\View->CodeIgniter\View\{closure}()
 4 SYSTEMPATH\Common.php(1137): CodeIgniter\View\View->render('v_donasi_masuk', [], true)
 5 APPPATH\Views\v_template_admin.php(261): view('v_donasi_masuk')
 6 SYSTEMPATH\View\View.php(213): include('APPPATH\\Views\\v_template_admin.php')
 7 SYSTEMPATH\View\View.php(216): CodeIgniter\View\View->CodeIgniter\View\{closure}()
 8 SYSTEMPATH\Common.php(1137): CodeIgniter\View\View->render('v_template_admin', [], true)
 9 APPPATH\Controllers\Admin.php(70): view('v_template_admin', [...])
10 SYSTEMPATH\CodeIgniter.php(904): App\Controllers\Admin->DonasiMasuk()
11 SYSTEMPATH\CodeIgniter.php(457): CodeIgniter\CodeIgniter->runController(Object(App\Controllers\Admin))
12 SYSTEMPATH\CodeIgniter.php(340): CodeIgniter\CodeIgniter->handleRequest(null, Object(Config\Cache), false)
13 FCPATH\index.php(67): CodeIgniter\CodeIgniter->run()
CRITICAL - 2023-10-22 09:59:12 --> Undefined array key "id_donasi"
in APPPATH\Views\v_donasi_masuk.php on line 63.
 1 APPPATH\Views\v_donasi_masuk.php(63): CodeIgniter\Debug\Exceptions->errorHandler(2, 'Undefined array key "id_donasi"', 'APPPATH\\Views\\v_donasi_masuk.php', 63)
 2 SYSTEMPATH\View\View.php(213): include('APPPATH\\Views\\v_donasi_masuk.php')
 3 SYSTEMPATH\View\View.php(216): CodeIgniter\View\View->CodeIgniter\View\{closure}()
 4 SYSTEMPATH\Common.php(1137): CodeIgniter\View\View->render('v_donasi_masuk', [], true)
 5 APPPATH\Views\v_template_admin.php(261): view('v_donasi_masuk')
 6 SYSTEMPATH\View\View.php(213): include('APPPATH\\Views\\v_template_admin.php')
 7 SYSTEMPATH\View\View.php(216): CodeIgniter\View\View->CodeIgniter\View\{closure}()
 8 SYSTEMPATH\Common.php(1137): CodeIgniter\View\View->render('v_template_admin', [], true)
 9 APPPATH\Controllers\Admin.php(70): view('v_template_admin', [...])
10 SYSTEMPATH\CodeIgniter.php(904): App\Controllers\Admin->DonasiMasuk()
11 SYSTEMPATH\CodeIgniter.php(457): CodeIgniter\CodeIgniter->runController(Object(App\Controllers\Admin))
12 SYSTEMPATH\CodeIgniter.php(340): CodeIgniter\CodeIgniter->handleRequest(null, Object(Config\Cache), false)
13 FCPATH\index.php(67): CodeIgniter\CodeIgniter->run()
CRITICAL - 2023-10-22 09:59:13 --> Undefined array key "id_donasi"
in APPPATH\Views\v_donasi_masuk.php on line 63.
 1 APPPATH\Views\v_donasi_masuk.php(63): CodeIgniter\Debug\Exceptions->errorHandler(2, 'Undefined array key "id_donasi"', 'APPPATH\\Views\\v_donasi_masuk.php', 63)
 2 SYSTEMPATH\View\View.php(213): include('APPPATH\\Views\\v_donasi_masuk.php')
 3 SYSTEMPATH\View\View.php(216): CodeIgniter\View\View->CodeIgniter\View\{closure}()
 4 SYSTEMPATH\Common.php(1137): CodeIgniter\View\View->render('v_donasi_masuk', [], true)
 5 APPPATH\Views\v_template_admin.php(261): view('v_donasi_masuk')
 6 SYSTEMPATH\View\View.php(213): include('APPPATH\\Views\\v_template_admin.php')
 7 SYSTEMPATH\View\View.php(216): CodeIgniter\View\View->CodeIgniter\View\{closure}()
 8 SYSTEMPATH\Common.php(1137): CodeIgniter\View\View->render('v_template_admin', [], true)
 9 APPPATH\Controllers\Admin.php(70): view('v_template_admin', [...])
10 SYSTEMPATH\CodeIgniter.php(904): App\Controllers\Admin->DonasiMasuk()
11 SYSTEMPATH\CodeIgniter.php(457): CodeIgniter\CodeIgniter->runController(Object(App\Controllers\Admin))
12 SYSTEMPATH\CodeIgniter.php(340): CodeIgniter\CodeIgniter->handleRequest(null, Object(Config\Cache), false)
13 FCPATH\index.php(67): CodeIgniter\CodeIgniter->run()
CRITICAL - 2023-10-22 09:59:13 --> Undefined array key "id_donasi"
in APPPATH\Views\v_donasi_masuk.php on line 63.
 1 APPPATH\Views\v_donasi_masuk.php(63): CodeIgniter\Debug\Exceptions->errorHandler(2, 'Undefined array key "id_donasi"', 'APPPATH\\Views\\v_donasi_masuk.php', 63)
 2 SYSTEMPATH\View\View.php(213): include('APPPATH\\Views\\v_donasi_masuk.php')
 3 SYSTEMPATH\View\View.php(216): CodeIgniter\View\View->CodeIgniter\View\{closure}()
 4 SYSTEMPATH\Common.php(1137): CodeIgniter\View\View->render('v_donasi_masuk', [], true)
 5 APPPATH\Views\v_template_admin.php(261): view('v_donasi_masuk')
 6 SYSTEMPATH\View\View.php(213): include('APPPATH\\Views\\v_template_admin.php')
 7 SYSTEMPATH\View\View.php(216): CodeIgniter\View\View->CodeIgniter\View\{closure}()
 8 SYSTEMPATH\Common.php(1137): CodeIgniter\View\View->render('v_template_admin', [], true)
 9 APPPATH\Controllers\Admin.php(70): view('v_template_admin', [...])
10 SYSTEMPATH\CodeIgniter.php(904): App\Controllers\Admin->DonasiMasuk()
11 SYSTEMPATH\CodeIgniter.php(457): CodeIgniter\CodeIgniter->runController(Object(App\Controllers\Admin))
12 SYSTEMPATH\CodeIgniter.php(340): CodeIgniter\CodeIgniter->handleRequest(null, Object(Config\Cache), false)
13 FCPATH\index.php(67): CodeIgniter\CodeIgniter->run()
CRITICAL - 2023-10-22 10:00:37 --> Undefined array key "id_donasi"
in APPPATH\Views\v_donasi_masuk.php on line 63.
 1 APPPATH\Views\v_donasi_masuk.php(63): CodeIgniter\Debug\Exceptions->errorHandler(2, 'Undefined array key "id_donasi"', 'APPPATH\\Views\\v_donasi_masuk.php', 63)
 2 SYSTEMPATH\View\View.php(213): include('APPPATH\\Views\\v_donasi_masuk.php')
 3 SYSTEMPATH\View\View.php(216): CodeIgniter\View\View->CodeIgniter\View\{closure}()
 4 SYSTEMPATH\Common.php(1137): CodeIgniter\View\View->render('v_donasi_masuk', [], true)
 5 APPPATH\Views\v_template_admin.php(261): view('v_donasi_masuk')
 6 SYSTEMPATH\View\View.php(213): include('APPPATH\\Views\\v_template_admin.php')
 7 SYSTEMPATH\View\View.php(216): CodeIgniter\View\View->CodeIgniter\View\{closure}()
 8 SYSTEMPATH\Common.php(1137): CodeIgniter\View\View->render('v_template_admin', [], true)
 9 APPPATH\Controllers\Admin.php(70): view('v_template_admin', [...])
10 SYSTEMPATH\CodeIgniter.php(904): App\Controllers\Admin->DonasiMasuk()
11 SYSTEMPATH\CodeIgniter.php(457): CodeIgniter\CodeIgniter->runController(Object(App\Controllers\Admin))
12 SYSTEMPATH\CodeIgniter.php(340): CodeIgniter\CodeIgniter->handleRequest(null, Object(Config\Cache), false)
13 FCPATH\index.php(67): CodeIgniter\CodeIgniter->run()
CRITICAL - 2023-10-22 10:00:38 --> Undefined array key "id_donasi"
in APPPATH\Views\v_donasi_masuk.php on line 63.
 1 APPPATH\Views\v_donasi_masuk.php(63): CodeIgniter\Debug\Exceptions->errorHandler(2, 'Undefined array key "id_donasi"', 'APPPATH\\Views\\v_donasi_masuk.php', 63)
 2 SYSTEMPATH\View\View.php(213): include('APPPATH\\Views\\v_donasi_masuk.php')
 3 SYSTEMPATH\View\View.php(216): CodeIgniter\View\View->CodeIgniter\View\{closure}()
 4 SYSTEMPATH\Common.php(1137): CodeIgniter\View\View->render('v_donasi_masuk', [], true)
 5 APPPATH\Views\v_template_admin.php(261): view('v_donasi_masuk')
 6 SYSTEMPATH\View\View.php(213): include('APPPATH\\Views\\v_template_admin.php')
 7 SYSTEMPATH\View\View.php(216): CodeIgniter\View\View->CodeIgniter\View\{closure}()
 8 SYSTEMPATH\Common.php(1137): CodeIgniter\View\View->render('v_template_admin', [], true)
 9 APPPATH\Controllers\Admin.php(70): view('v_template_admin', [...])
10 SYSTEMPATH\CodeIgniter.php(904): App\Controllers\Admin->DonasiMasuk()
11 SYSTEMPATH\CodeIgniter.php(457): CodeIgniter\CodeIgniter->runController(Object(App\Controllers\Admin))
12 SYSTEMPATH\CodeIgniter.php(340): CodeIgniter\CodeIgniter->handleRequest(null, Object(Config\Cache), false)
13 FCPATH\index.php(67): CodeIgniter\CodeIgniter->run()
CRITICAL - 2023-10-22 10:00:38 --> Undefined array key "id_donasi"
in APPPATH\Views\v_donasi_masuk.php on line 63.
 1 APPPATH\Views\v_donasi_masuk.php(63): CodeIgniter\Debug\Exceptions->errorHandler(2, 'Undefined array key "id_donasi"', 'APPPATH\\Views\\v_donasi_masuk.php', 63)
 2 SYSTEMPATH\View\View.php(213): include('APPPATH\\Views\\v_donasi_masuk.php')
 3 SYSTEMPATH\View\View.php(216): CodeIgniter\View\View->CodeIgniter\View\{closure}()
 4 SYSTEMPATH\Common.php(1137): CodeIgniter\View\View->render('v_donasi_masuk', [], true)
 5 APPPATH\Views\v_template_admin.php(261): view('v_donasi_masuk')
 6 SYSTEMPATH\View\View.php(213): include('APPPATH\\Views\\v_template_admin.php')
 7 SYSTEMPATH\View\View.php(216): CodeIgniter\View\View->CodeIgniter\View\{closure}()
 8 SYSTEMPATH\Common.php(1137): CodeIgniter\View\View->render('v_template_admin', [], true)
 9 APPPATH\Controllers\Admin.php(70): view('v_template_admin', [...])
10 SYSTEMPATH\CodeIgniter.php(904): App\Controllers\Admin->DonasiMasuk()
11 SYSTEMPATH\CodeIgniter.php(457): CodeIgniter\CodeIgniter->runController(Object(App\Controllers\Admin))
12 SYSTEMPATH\CodeIgniter.php(340): CodeIgniter\CodeIgniter->handleRequest(null, Object(Config\Cache), false)
13 FCPATH\index.php(67): CodeIgniter\CodeIgniter->run()
CRITICAL - 2023-10-22 10:00:38 --> Undefined array key "id_donasi"
in APPPATH\Views\v_donasi_masuk.php on line 63.
 1 APPPATH\Views\v_donasi_masuk.php(63): CodeIgniter\Debug\Exceptions->errorHandler(2, 'Undefined array key "id_donasi"', 'APPPATH\\Views\\v_donasi_masuk.php', 63)
 2 SYSTEMPATH\View\View.php(213): include('APPPATH\\Views\\v_donasi_masuk.php')
 3 SYSTEMPATH\View\View.php(216): CodeIgniter\View\View->CodeIgniter\View\{closure}()
 4 SYSTEMPATH\Common.php(1137): CodeIgniter\View\View->render('v_donasi_masuk', [], true)
 5 APPPATH\Views\v_template_admin.php(261): view('v_donasi_masuk')
 6 SYSTEMPATH\View\View.php(213): include('APPPATH\\Views\\v_template_admin.php')
 7 SYSTEMPATH\View\View.php(216): CodeIgniter\View\View->CodeIgniter\View\{closure}()
 8 SYSTEMPATH\Common.php(1137): CodeIgniter\View\View->render('v_template_admin', [], true)
 9 APPPATH\Controllers\Admin.php(70): view('v_template_admin', [...])
10 SYSTEMPATH\CodeIgniter.php(904): App\Controllers\Admin->DonasiMasuk()
11 SYSTEMPATH\CodeIgniter.php(457): CodeIgniter\CodeIgniter->runController(Object(App\Controllers\Admin))
12 SYSTEMPATH\CodeIgniter.php(340): CodeIgniter\CodeIgniter->handleRequest(null, Object(Config\Cache), false)
13 FCPATH\index.php(67): CodeIgniter\CodeIgniter->run()
CRITICAL - 2023-10-22 10:00:39 --> Undefined array key "id_donasi"
in APPPATH\Views\v_donasi_masuk.php on line 63.
 1 APPPATH\Views\v_donasi_masuk.php(63): CodeIgniter\Debug\Exceptions->errorHandler(2, 'Undefined array key "id_donasi"', 'APPPATH\\Views\\v_donasi_masuk.php', 63)
 2 SYSTEMPATH\View\View.php(213): include('APPPATH\\Views\\v_donasi_masuk.php')
 3 SYSTEMPATH\View\View.php(216): CodeIgniter\View\View->CodeIgniter\View\{closure}()
 4 SYSTEMPATH\Common.php(1137): CodeIgniter\View\View->render('v_donasi_masuk', [], true)
 5 APPPATH\Views\v_template_admin.php(261): view('v_donasi_masuk')
 6 SYSTEMPATH\View\View.php(213): include('APPPATH\\Views\\v_template_admin.php')
 7 SYSTEMPATH\View\View.php(216): CodeIgniter\View\View->CodeIgniter\View\{closure}()
 8 SYSTEMPATH\Common.php(1137): CodeIgniter\View\View->render('v_template_admin', [], true)
 9 APPPATH\Controllers\Admin.php(70): view('v_template_admin', [...])
10 SYSTEMPATH\CodeIgniter.php(904): App\Controllers\Admin->DonasiMasuk()
11 SYSTEMPATH\CodeIgniter.php(457): CodeIgniter\CodeIgniter->runController(Object(App\Controllers\Admin))
12 SYSTEMPATH\CodeIgniter.php(340): CodeIgniter\CodeIgniter->handleRequest(null, Object(Config\Cache), false)
13 FCPATH\index.php(67): CodeIgniter\CodeIgniter->run()
CRITICAL - 2023-10-22 10:12:54 --> Undefined variable $web
in APPPATH\Views\front-end\v_donasi.php on line 19.
 1 APPPATH\Views\front-end\v_donasi.php(19): CodeIgniter\Debug\Exceptions->errorHandler(2, 'Undefined variable $web', 'APPPATH\\Views\\front-end\\v_donasi.php', 19)
 2 SYSTEMPATH\View\View.php(213): include('APPPATH\\Views\\front-end\\v_donasi.php')
 3 SYSTEMPATH\View\View.php(216): CodeIgniter\View\View->CodeIgniter\View\{closure}()
 4 SYSTEMPATH\Common.php(1137): CodeIgniter\View\View->render('front-end/v_donasi', [], true)
 5 APPPATH\Views\v_template.php(155): view('front-end/v_donasi')
 6 SYSTEMPATH\View\View.php(213): include('APPPATH\\Views\\v_template.php')
 7 SYSTEMPATH\View\View.php(216): CodeIgniter\View\View->CodeIgniter\View\{closure}()
 8 SYSTEMPATH\Common.php(1137): CodeIgniter\View\View->render('v_template', [], true)
 9 APPPATH\Controllers\Home.php(96): view('v_template', [...])
10 SYSTEMPATH\CodeIgniter.php(904): App\Controllers\Home->Donasi()
11 SYSTEMPATH\CodeIgniter.php(457): CodeIgniter\CodeIgniter->runController(Object(App\Controllers\Home))
12 SYSTEMPATH\CodeIgniter.php(340): CodeIgniter\CodeIgniter->handleRequest(null, Object(Config\Cache), false)
13 FCPATH\index.php(67): CodeIgniter\CodeIgniter->run()
CRITICAL - 2023-10-22 10:44:08 --> Undefined variable $web
in APPPATH\Views\front-end\v_donasi.php on line 4.
 1 APPPATH\Views\front-end\v_donasi.php(4): CodeIgniter\Debug\Exceptions->errorHandler(2, 'Undefined variable $web', 'APPPATH\\Views\\front-end\\v_donasi.php', 4)
 2 SYSTEMPATH\View\View.php(213): include('APPPATH\\Views\\front-end\\v_donasi.php')
 3 SYSTEMPATH\View\View.php(216): CodeIgniter\View\View->CodeIgniter\View\{closure}()
 4 SYSTEMPATH\Common.php(1137): CodeIgniter\View\View->render('front-end/v_donasi', [], true)
 5 APPPATH\Views\v_template.php(122): view('front-end/v_donasi')
 6 SYSTEMPATH\View\View.php(213): include('APPPATH\\Views\\v_template.php')
 7 SYSTEMPATH\View\View.php(216): CodeIgniter\View\View->CodeIgniter\View\{closure}()
 8 SYSTEMPATH\Common.php(1137): CodeIgniter\View\View->render('v_template', [], true)
 9 APPPATH\Controllers\Home.php(96): view('v_template', [...])
10 SYSTEMPATH\CodeIgniter.php(904): App\Controllers\Home->Donasi()
11 SYSTEMPATH\CodeIgniter.php(457): CodeIgniter\CodeIgniter->runController(Object(App\Controllers\Home))
12 SYSTEMPATH\CodeIgniter.php(340): CodeIgniter\CodeIgniter->handleRequest(null, Object(Config\Cache), false)
13 FCPATH\index.php(67): CodeIgniter\CodeIgniter->run()
