ERROR - 2023-04-03 15:08:24 --> Error connecting to the database: mysqli_sql_exception: Unknown database 'db-simasjid-ci4' in C:\laragon\www\simasjid-ta-rusman\system\Database\MySQLi\Connection.php:171
Stack trace:
#0 C:\laragon\www\simasjid-ta-rusman\system\Database\MySQLi\Connection.php(171): mysqli->real_connect('localhost', 'root', '', 'db-simasjid-ci4', 3306, '', 0)
#1 C:\laragon\www\simasjid-ta-rusman\system\Database\BaseConnection.php(382): CodeIgniter\Database\MySQLi\Connection->connect(false)
#2 C:\laragon\www\simasjid-ta-rusman\system\Database\BaseConnection.php(588): CodeIgniter\Database\BaseConnection->initialize()
#3 C:\laragon\www\simasjid-ta-rusman\system\Database\BaseBuilder.php(1585): CodeIgniter\Database\BaseConnection->query('SELECT *\nFROM `...', Array, false)
#4 C:\laragon\www\simasjid-ta-rusman\app\Models\ModelAdmin.php(13): CodeIgniter\Database\BaseBuilder->get()
#5 C:\laragon\www\simasjid-ta-rusman\app\Controllers\Home.php(26): App\Models\ModelAdmin->ViewSetting()
#6 C:\laragon\www\simasjid-ta-rusman\system\CodeIgniter.php(904): App\Controllers\Home->index()
#7 C:\laragon\www\simasjid-ta-rusman\system\CodeIgniter.php(457): CodeIgniter\CodeIgniter->runController(Object(App\Controllers\Home))
#8 C:\laragon\www\simasjid-ta-rusman\system\CodeIgniter.php(340): CodeIgniter\CodeIgniter->handleRequest(NULL, Object(Config\Cache), false)
#9 C:\laragon\www\simasjid-ta-rusman\public\index.php(67): CodeIgniter\CodeIgniter->run()
#10 C:\laragon\www\simasjid-ta-rusman\system\Commands\Server\rewrite.php(43): require_once('C:\\laragon\\www\\...')
#11 {main}

Next CodeIgniter\Database\Exceptions\DatabaseException: Unknown database 'db-simasjid-ci4' in C:\laragon\www\simasjid-ta-rusman\system\Database\MySQLi\Connection.php:215
Stack trace:
#0 C:\laragon\www\simasjid-ta-rusman\system\Database\BaseConnection.php(382): CodeIgniter\Database\MySQLi\Connection->connect(false)
#1 C:\laragon\www\simasjid-ta-rusman\system\Database\BaseConnection.php(588): CodeIgniter\Database\BaseConnection->initialize()
#2 C:\laragon\www\simasjid-ta-rusman\system\Database\BaseBuilder.php(1585): CodeIgniter\Database\BaseConnection->query('SELECT *\nFROM `...', Array, false)
#3 C:\laragon\www\simasjid-ta-rusman\app\Models\ModelAdmin.php(13): CodeIgniter\Database\BaseBuilder->get()
#4 C:\laragon\www\simasjid-ta-rusman\app\Controllers\Home.php(26): App\Models\ModelAdmin->ViewSetting()
#5 C:\laragon\www\simasjid-ta-rusman\system\CodeIgniter.php(904): App\Controllers\Home->index()
#6 C:\laragon\www\simasjid-ta-rusman\system\CodeIgniter.php(457): CodeIgniter\CodeIgniter->runController(Object(App\Controllers\Home))
#7 C:\laragon\www\simasjid-ta-rusman\system\CodeIgniter.php(340): CodeIgniter\CodeIgniter->handleRequest(NULL, Object(Config\Cache), false)
#8 C:\laragon\www\simasjid-ta-rusman\public\index.php(67): CodeIgniter\CodeIgniter->run()
#9 C:\laragon\www\simasjid-ta-rusman\system\Commands\Server\rewrite.php(43): require_once('C:\\laragon\\www\\...')
#10 {main}
CRITICAL - 2023-04-03 15:08:24 --> Unable to connect to the database.
Main connection [MySQLi]: Unknown database 'db-simasjid-ci4'
in SYSTEMPATH\Database\BaseConnection.php on line 418.
 1 SYSTEMPATH\Database\BaseConnection.php(588): CodeIgniter\Database\BaseConnection->initialize()
 2 SYSTEMPATH\Database\BaseBuilder.php(1585): CodeIgniter\Database\BaseConnection->query('SELECT *
FROM `tbl_setting`
WHERE `id` = :id:', [...], false)
 3 APPPATH\Models\ModelAdmin.php(13): CodeIgniter\Database\BaseBuilder->get()
 4 APPPATH\Controllers\Home.php(26): App\Models\ModelAdmin->ViewSetting()
 5 SYSTEMPATH\CodeIgniter.php(904): App\Controllers\Home->index()
 6 SYSTEMPATH\CodeIgniter.php(457): CodeIgniter\CodeIgniter->runController(Object(App\Controllers\Home))
 7 SYSTEMPATH\CodeIgniter.php(340): CodeIgniter\CodeIgniter->handleRequest(null, Object(Config\Cache), false)
 8 FCPATH\index.php(67): CodeIgniter\CodeIgniter->run()
 9 SYSTEMPATH\Commands\Server\rewrite.php(43): require_once('FCPATH\\index.php')
ERROR - 2023-04-03 15:08:36 --> Error connecting to the database: mysqli_sql_exception: No connection could be made because the target machine actively refused it in C:\laragon\www\simasjid-ta-rusman\system\Database\MySQLi\Connection.php:171
Stack trace:
#0 C:\laragon\www\simasjid-ta-rusman\system\Database\MySQLi\Connection.php(171): mysqli->real_connect('localhost', 'root', '', 'db-simasjid-ci4', 3306, '', 0)
#1 C:\laragon\www\simasjid-ta-rusman\system\Database\BaseConnection.php(382): CodeIgniter\Database\MySQLi\Connection->connect(false)
#2 C:\laragon\www\simasjid-ta-rusman\system\Database\BaseConnection.php(588): CodeIgniter\Database\BaseConnection->initialize()
#3 C:\laragon\www\simasjid-ta-rusman\system\Database\BaseBuilder.php(1585): CodeIgniter\Database\BaseConnection->query('SELECT *\nFROM `...', Array, false)
#4 C:\laragon\www\simasjid-ta-rusman\app\Models\ModelAdmin.php(13): CodeIgniter\Database\BaseBuilder->get()
#5 C:\laragon\www\simasjid-ta-rusman\app\Controllers\Home.php(26): App\Models\ModelAdmin->ViewSetting()
#6 C:\laragon\www\simasjid-ta-rusman\system\CodeIgniter.php(904): App\Controllers\Home->index()
#7 C:\laragon\www\simasjid-ta-rusman\system\CodeIgniter.php(457): CodeIgniter\CodeIgniter->runController(Object(App\Controllers\Home))
#8 C:\laragon\www\simasjid-ta-rusman\system\CodeIgniter.php(340): CodeIgniter\CodeIgniter->handleRequest(NULL, Object(Config\Cache), false)
#9 C:\laragon\www\simasjid-ta-rusman\public\index.php(67): CodeIgniter\CodeIgniter->run()
#10 C:\laragon\www\simasjid-ta-rusman\system\Commands\Server\rewrite.php(43): require_once('C:\\laragon\\www\\...')
#11 {main}

Next CodeIgniter\Database\Exceptions\DatabaseException: No connection could be made because the target machine actively refused it in C:\laragon\www\simasjid-ta-rusman\system\Database\MySQLi\Connection.php:215
Stack trace:
#0 C:\laragon\www\simasjid-ta-rusman\system\Database\BaseConnection.php(382): CodeIgniter\Database\MySQLi\Connection->connect(false)
#1 C:\laragon\www\simasjid-ta-rusman\system\Database\BaseConnection.php(588): CodeIgniter\Database\BaseConnection->initialize()
#2 C:\laragon\www\simasjid-ta-rusman\system\Database\BaseBuilder.php(1585): CodeIgniter\Database\BaseConnection->query('SELECT *\nFROM `...', Array, false)
#3 C:\laragon\www\simasjid-ta-rusman\app\Models\ModelAdmin.php(13): CodeIgniter\Database\BaseBuilder->get()
#4 C:\laragon\www\simasjid-ta-rusman\app\Controllers\Home.php(26): App\Models\ModelAdmin->ViewSetting()
#5 C:\laragon\www\simasjid-ta-rusman\system\CodeIgniter.php(904): App\Controllers\Home->index()
#6 C:\laragon\www\simasjid-ta-rusman\system\CodeIgniter.php(457): CodeIgniter\CodeIgniter->runController(Object(App\Controllers\Home))
#7 C:\laragon\www\simasjid-ta-rusman\system\CodeIgniter.php(340): CodeIgniter\CodeIgniter->handleRequest(NULL, Object(Config\Cache), false)
#8 C:\laragon\www\simasjid-ta-rusman\public\index.php(67): CodeIgniter\CodeIgniter->run()
#9 C:\laragon\www\simasjid-ta-rusman\system\Commands\Server\rewrite.php(43): require_once('C:\\laragon\\www\\...')
#10 {main}
CRITICAL - 2023-04-03 15:08:36 --> Unable to connect to the database.
Main connection [MySQLi]: No connection could be made because the target machine actively refused it
in SYSTEMPATH\Database\BaseConnection.php on line 418.
 1 SYSTEMPATH\Database\BaseConnection.php(588): CodeIgniter\Database\BaseConnection->initialize()
 2 SYSTEMPATH\Database\BaseBuilder.php(1585): CodeIgniter\Database\BaseConnection->query('SELECT *
FROM `tbl_setting`
WHERE `id` = :id:', [...], false)
 3 APPPATH\Models\ModelAdmin.php(13): CodeIgniter\Database\BaseBuilder->get()
 4 APPPATH\Controllers\Home.php(26): App\Models\ModelAdmin->ViewSetting()
 5 SYSTEMPATH\CodeIgniter.php(904): App\Controllers\Home->index()
 6 SYSTEMPATH\CodeIgniter.php(457): CodeIgniter\CodeIgniter->runController(Object(App\Controllers\Home))
 7 SYSTEMPATH\CodeIgniter.php(340): CodeIgniter\CodeIgniter->handleRequest(null, Object(Config\Cache), false)
 8 FCPATH\index.php(67): CodeIgniter\CodeIgniter->run()
 9 SYSTEMPATH\Commands\Server\rewrite.php(43): require_once('FCPATH\\index.php')
ERROR - 2023-04-03 15:08:47 --> Error connecting to the database: mysqli_sql_exception: No connection could be made because the target machine actively refused it in C:\laragon\www\simasjid-ta-rusman\system\Database\MySQLi\Connection.php:171
Stack trace:
#0 C:\laragon\www\simasjid-ta-rusman\system\Database\MySQLi\Connection.php(171): mysqli->real_connect('localhost', 'root', '', 'db-simasjid-ci4', 3306, '', 0)
#1 C:\laragon\www\simasjid-ta-rusman\system\Database\BaseConnection.php(382): CodeIgniter\Database\MySQLi\Connection->connect(false)
#2 C:\laragon\www\simasjid-ta-rusman\system\Database\BaseConnection.php(588): CodeIgniter\Database\BaseConnection->initialize()
#3 C:\laragon\www\simasjid-ta-rusman\system\Database\BaseBuilder.php(1585): CodeIgniter\Database\BaseConnection->query('SELECT *\nFROM `...', Array, false)
#4 C:\laragon\www\simasjid-ta-rusman\app\Models\ModelAdmin.php(13): CodeIgniter\Database\BaseBuilder->get()
#5 C:\laragon\www\simasjid-ta-rusman\app\Controllers\Home.php(26): App\Models\ModelAdmin->ViewSetting()
#6 C:\laragon\www\simasjid-ta-rusman\system\CodeIgniter.php(904): App\Controllers\Home->index()
#7 C:\laragon\www\simasjid-ta-rusman\system\CodeIgniter.php(457): CodeIgniter\CodeIgniter->runController(Object(App\Controllers\Home))
#8 C:\laragon\www\simasjid-ta-rusman\system\CodeIgniter.php(340): CodeIgniter\CodeIgniter->handleRequest(NULL, Object(Config\Cache), false)
#9 C:\laragon\www\simasjid-ta-rusman\public\index.php(67): CodeIgniter\CodeIgniter->run()
#10 C:\laragon\www\simasjid-ta-rusman\system\Commands\Server\rewrite.php(43): require_once('C:\\laragon\\www\\...')
#11 {main}

Next CodeIgniter\Database\Exceptions\DatabaseException: No connection could be made because the target machine actively refused it in C:\laragon\www\simasjid-ta-rusman\system\Database\MySQLi\Connection.php:215
Stack trace:
#0 C:\laragon\www\simasjid-ta-rusman\system\Database\BaseConnection.php(382): CodeIgniter\Database\MySQLi\Connection->connect(false)
#1 C:\laragon\www\simasjid-ta-rusman\system\Database\BaseConnection.php(588): CodeIgniter\Database\BaseConnection->initialize()
#2 C:\laragon\www\simasjid-ta-rusman\system\Database\BaseBuilder.php(1585): CodeIgniter\Database\BaseConnection->query('SELECT *\nFROM `...', Array, false)
#3 C:\laragon\www\simasjid-ta-rusman\app\Models\ModelAdmin.php(13): CodeIgniter\Database\BaseBuilder->get()
#4 C:\laragon\www\simasjid-ta-rusman\app\Controllers\Home.php(26): App\Models\ModelAdmin->ViewSetting()
#5 C:\laragon\www\simasjid-ta-rusman\system\CodeIgniter.php(904): App\Controllers\Home->index()
#6 C:\laragon\www\simasjid-ta-rusman\system\CodeIgniter.php(457): CodeIgniter\CodeIgniter->runController(Object(App\Controllers\Home))
#7 C:\laragon\www\simasjid-ta-rusman\system\CodeIgniter.php(340): CodeIgniter\CodeIgniter->handleRequest(NULL, Object(Config\Cache), false)
#8 C:\laragon\www\simasjid-ta-rusman\public\index.php(67): CodeIgniter\CodeIgniter->run()
#9 C:\laragon\www\simasjid-ta-rusman\system\Commands\Server\rewrite.php(43): require_once('C:\\laragon\\www\\...')
#10 {main}
CRITICAL - 2023-04-03 15:08:47 --> Unable to connect to the database.
Main connection [MySQLi]: No connection could be made because the target machine actively refused it
in SYSTEMPATH\Database\BaseConnection.php on line 418.
 1 SYSTEMPATH\Database\BaseConnection.php(588): CodeIgniter\Database\BaseConnection->initialize()
 2 SYSTEMPATH\Database\BaseBuilder.php(1585): CodeIgniter\Database\BaseConnection->query('SELECT *
FROM `tbl_setting`
WHERE `id` = :id:', [...], false)
 3 APPPATH\Models\ModelAdmin.php(13): CodeIgniter\Database\BaseBuilder->get()
 4 APPPATH\Controllers\Home.php(26): App\Models\ModelAdmin->ViewSetting()
 5 SYSTEMPATH\CodeIgniter.php(904): App\Controllers\Home->index()
 6 SYSTEMPATH\CodeIgniter.php(457): CodeIgniter\CodeIgniter->runController(Object(App\Controllers\Home))
 7 SYSTEMPATH\CodeIgniter.php(340): CodeIgniter\CodeIgniter->handleRequest(null, Object(Config\Cache), false)
 8 FCPATH\index.php(67): CodeIgniter\CodeIgniter->run()
 9 SYSTEMPATH\Commands\Server\rewrite.php(43): require_once('FCPATH\\index.php')
ERROR - 2023-04-03 15:09:12 --> Error connecting to the database: mysqli_sql_exception: No connection could be made because the target machine actively refused it in C:\laragon\www\simasjid-ta-rusman\system\Database\MySQLi\Connection.php:171
Stack trace:
#0 C:\laragon\www\simasjid-ta-rusman\system\Database\MySQLi\Connection.php(171): mysqli->real_connect('localhost', 'root', '', 'db-simasjid-ci4', 3306, '', 0)
#1 C:\laragon\www\simasjid-ta-rusman\system\Database\BaseConnection.php(382): CodeIgniter\Database\MySQLi\Connection->connect(false)
#2 C:\laragon\www\simasjid-ta-rusman\system\Database\BaseConnection.php(588): CodeIgniter\Database\BaseConnection->initialize()
#3 C:\laragon\www\simasjid-ta-rusman\system\Database\BaseBuilder.php(1585): CodeIgniter\Database\BaseConnection->query('SELECT *\nFROM `...', Array, false)
#4 C:\laragon\www\simasjid-ta-rusman\app\Models\ModelAdmin.php(13): CodeIgniter\Database\BaseBuilder->get()
#5 C:\laragon\www\simasjid-ta-rusman\app\Controllers\Home.php(26): App\Models\ModelAdmin->ViewSetting()
#6 C:\laragon\www\simasjid-ta-rusman\system\CodeIgniter.php(904): App\Controllers\Home->index()
#7 C:\laragon\www\simasjid-ta-rusman\system\CodeIgniter.php(457): CodeIgniter\CodeIgniter->runController(Object(App\Controllers\Home))
#8 C:\laragon\www\simasjid-ta-rusman\system\CodeIgniter.php(340): CodeIgniter\CodeIgniter->handleRequest(NULL, Object(Config\Cache), false)
#9 C:\laragon\www\simasjid-ta-rusman\public\index.php(67): CodeIgniter\CodeIgniter->run()
#10 C:\laragon\www\simasjid-ta-rusman\system\Commands\Server\rewrite.php(43): require_once('C:\\laragon\\www\\...')
#11 {main}

Next CodeIgniter\Database\Exceptions\DatabaseException: No connection could be made because the target machine actively refused it in C:\laragon\www\simasjid-ta-rusman\system\Database\MySQLi\Connection.php:215
Stack trace:
#0 C:\laragon\www\simasjid-ta-rusman\system\Database\BaseConnection.php(382): CodeIgniter\Database\MySQLi\Connection->connect(false)
#1 C:\laragon\www\simasjid-ta-rusman\system\Database\BaseConnection.php(588): CodeIgniter\Database\BaseConnection->initialize()
#2 C:\laragon\www\simasjid-ta-rusman\system\Database\BaseBuilder.php(1585): CodeIgniter\Database\BaseConnection->query('SELECT *\nFROM `...', Array, false)
#3 C:\laragon\www\simasjid-ta-rusman\app\Models\ModelAdmin.php(13): CodeIgniter\Database\BaseBuilder->get()
#4 C:\laragon\www\simasjid-ta-rusman\app\Controllers\Home.php(26): App\Models\ModelAdmin->ViewSetting()
#5 C:\laragon\www\simasjid-ta-rusman\system\CodeIgniter.php(904): App\Controllers\Home->index()
#6 C:\laragon\www\simasjid-ta-rusman\system\CodeIgniter.php(457): CodeIgniter\CodeIgniter->runController(Object(App\Controllers\Home))
#7 C:\laragon\www\simasjid-ta-rusman\system\CodeIgniter.php(340): CodeIgniter\CodeIgniter->handleRequest(NULL, Object(Config\Cache), false)
#8 C:\laragon\www\simasjid-ta-rusman\public\index.php(67): CodeIgniter\CodeIgniter->run()
#9 C:\laragon\www\simasjid-ta-rusman\system\Commands\Server\rewrite.php(43): require_once('C:\\laragon\\www\\...')
#10 {main}
CRITICAL - 2023-04-03 15:09:12 --> Unable to connect to the database.
Main connection [MySQLi]: No connection could be made because the target machine actively refused it
in SYSTEMPATH\Database\BaseConnection.php on line 418.
 1 SYSTEMPATH\Database\BaseConnection.php(588): CodeIgniter\Database\BaseConnection->initialize()
 2 SYSTEMPATH\Database\BaseBuilder.php(1585): CodeIgniter\Database\BaseConnection->query('SELECT *
FROM `tbl_setting`
WHERE `id` = :id:', [...], false)
 3 APPPATH\Models\ModelAdmin.php(13): CodeIgniter\Database\BaseBuilder->get()
 4 APPPATH\Controllers\Home.php(26): App\Models\ModelAdmin->ViewSetting()
 5 SYSTEMPATH\CodeIgniter.php(904): App\Controllers\Home->index()
 6 SYSTEMPATH\CodeIgniter.php(457): CodeIgniter\CodeIgniter->runController(Object(App\Controllers\Home))
 7 SYSTEMPATH\CodeIgniter.php(340): CodeIgniter\CodeIgniter->handleRequest(null, Object(Config\Cache), false)
 8 FCPATH\index.php(67): CodeIgniter\CodeIgniter->run()
 9 SYSTEMPATH\Commands\Server\rewrite.php(43): require_once('FCPATH\\index.php')
