CRITICAL - 2023-11-29 12:28:52 --> Undefined variable $ikt
in APPPATH\Views\kas-ikt\v_data_laporan.php on line 18.
 1 APPPATH\Views\kas-ikt\v_data_laporan.php(18): CodeIgniter\Debug\Exceptions->errorHandler(2, 'Undefined variable $ikt', 'APPPATH\\Views\\kas-ikt\\v_data_laporan.php', 18)
 2 SYSTEMPATH\View\View.php(213): include('APPPATH\\Views\\kas-ikt\\v_data_laporan.php')
 3 SYSTEMPATH\View\View.php(216): CodeIgniter\View\View->CodeIgniter\View\{closure}()
 4 SYSTEMPATH\Common.php(1137): CodeIgniter\View\View->render('kas-ikt/v_data_laporan', [], true)
 5 APPPATH\Controllers\KasIkt.php(155): view('kas-ikt/v_data_laporan', [...])
 6 SYSTEMPATH\CodeIgniter.php(904): App\Controllers\KasIkt->ViewLaporan()
 7 SYSTEMPATH\CodeIgniter.php(457): CodeIgniter\CodeIgniter->runController(Object(App\Controllers\KasIkt))
 8 SYSTEMPATH\CodeIgniter.php(340): CodeIgniter\CodeIgniter->handleRequest(null, Object(Config\Cache), false)
 9 FCPATH\index.php(67): CodeIgniter\CodeIgniter->run()
CRITICAL - 2023-11-29 12:28:53 --> Undefined variable $ikt
in APPPATH\Views\kas-ikt\v_data_laporan.php on line 18.
 1 APPPATH\Views\kas-ikt\v_data_laporan.php(18): CodeIgniter\Debug\Exceptions->errorHandler(2, 'Undefined variable $ikt', 'APPPATH\\Views\\kas-ikt\\v_data_laporan.php', 18)
 2 SYSTEMPATH\View\View.php(213): include('APPPATH\\Views\\kas-ikt\\v_data_laporan.php')
 3 SYSTEMPATH\View\View.php(216): CodeIgniter\View\View->CodeIgniter\View\{closure}()
 4 SYSTEMPATH\Common.php(1137): CodeIgniter\View\View->render('kas-ikt/v_data_laporan', [], true)
 5 APPPATH\Controllers\KasIkt.php(155): view('kas-ikt/v_data_laporan', [...])
 6 SYSTEMPATH\CodeIgniter.php(904): App\Controllers\KasIkt->ViewLaporan()
 7 SYSTEMPATH\CodeIgniter.php(457): CodeIgniter\CodeIgniter->runController(Object(App\Controllers\KasIkt))
 8 SYSTEMPATH\CodeIgniter.php(340): CodeIgniter\CodeIgniter->handleRequest(null, Object(Config\Cache), false)
 9 FCPATH\index.php(67): CodeIgniter\CodeIgniter->run()
CRITICAL - 2023-11-29 12:28:54 --> Undefined variable $ikt
in APPPATH\Views\kas-ikt\v_data_laporan.php on line 18.
 1 APPPATH\Views\kas-ikt\v_data_laporan.php(18): CodeIgniter\Debug\Exceptions->errorHandler(2, 'Undefined variable $ikt', 'APPPATH\\Views\\kas-ikt\\v_data_laporan.php', 18)
 2 SYSTEMPATH\View\View.php(213): include('APPPATH\\Views\\kas-ikt\\v_data_laporan.php')
 3 SYSTEMPATH\View\View.php(216): CodeIgniter\View\View->CodeIgniter\View\{closure}()
 4 SYSTEMPATH\Common.php(1137): CodeIgniter\View\View->render('kas-ikt/v_data_laporan', [], true)
 5 APPPATH\Controllers\KasIkt.php(155): view('kas-ikt/v_data_laporan', [...])
 6 SYSTEMPATH\CodeIgniter.php(904): App\Controllers\KasIkt->ViewLaporan()
 7 SYSTEMPATH\CodeIgniter.php(457): CodeIgniter\CodeIgniter->runController(Object(App\Controllers\KasIkt))
 8 SYSTEMPATH\CodeIgniter.php(340): CodeIgniter\CodeIgniter->handleRequest(null, Object(Config\Cache), false)
 9 FCPATH\index.php(67): CodeIgniter\CodeIgniter->run()
