ERROR - 2023-09-26 10:42:10 --> Error connecting to the database: mysqli_sql_exception: No connection could be made because the target machine actively refused it in C:\laragon\www\ta-eben-ikt\system\Database\MySQLi\Connection.php:171
Stack trace:
#0 C:\laragon\www\ta-eben-ikt\system\Database\MySQLi\Connection.php(171): mysqli->real_connect('localhost', 'root', '', 'ta-eben-ikt', 3306, '', 0)
#1 C:\laragon\www\ta-eben-ikt\system\Database\BaseConnection.php(382): CodeIgniter\Database\MySQLi\Connection->connect(false)
#2 C:\laragon\www\ta-eben-ikt\system\Database\BaseConnection.php(588): CodeIgniter\Database\BaseConnection->initialize()
#3 C:\laragon\www\ta-eben-ikt\system\Database\BaseBuilder.php(1585): CodeIgniter\Database\BaseConnection->query('SELECT *\nFROM `...', Array, false)
#4 C:\laragon\www\ta-eben-ikt\app\Models\ModelAdmin.php(13): CodeIgniter\Database\BaseBuilder->get()
#5 C:\laragon\www\ta-eben-ikt\app\Controllers\Home.php(26): App\Models\ModelAdmin->ViewSetting()
#6 C:\laragon\www\ta-eben-ikt\system\CodeIgniter.php(904): App\Controllers\Home->index()
#7 C:\laragon\www\ta-eben-ikt\system\CodeIgniter.php(457): CodeIgniter\CodeIgniter->runController(Object(App\Controllers\Home))
#8 C:\laragon\www\ta-eben-ikt\system\CodeIgniter.php(340): CodeIgniter\CodeIgniter->handleRequest(NULL, Object(Config\Cache), false)
#9 C:\laragon\www\ta-eben-ikt\public\index.php(67): CodeIgniter\CodeIgniter->run()
#10 {main}

Next CodeIgniter\Database\Exceptions\DatabaseException: No connection could be made because the target machine actively refused it in C:\laragon\www\ta-eben-ikt\system\Database\MySQLi\Connection.php:215
Stack trace:
#0 C:\laragon\www\ta-eben-ikt\system\Database\BaseConnection.php(382): CodeIgniter\Database\MySQLi\Connection->connect(false)
#1 C:\laragon\www\ta-eben-ikt\system\Database\BaseConnection.php(588): CodeIgniter\Database\BaseConnection->initialize()
#2 C:\laragon\www\ta-eben-ikt\system\Database\BaseBuilder.php(1585): CodeIgniter\Database\BaseConnection->query('SELECT *\nFROM `...', Array, false)
#3 C:\laragon\www\ta-eben-ikt\app\Models\ModelAdmin.php(13): CodeIgniter\Database\BaseBuilder->get()
#4 C:\laragon\www\ta-eben-ikt\app\Controllers\Home.php(26): App\Models\ModelAdmin->ViewSetting()
#5 C:\laragon\www\ta-eben-ikt\system\CodeIgniter.php(904): App\Controllers\Home->index()
#6 C:\laragon\www\ta-eben-ikt\system\CodeIgniter.php(457): CodeIgniter\CodeIgniter->runController(Object(App\Controllers\Home))
#7 C:\laragon\www\ta-eben-ikt\system\CodeIgniter.php(340): CodeIgniter\CodeIgniter->handleRequest(NULL, Object(Config\Cache), false)
#8 C:\laragon\www\ta-eben-ikt\public\index.php(67): CodeIgniter\CodeIgniter->run()
#9 {main}
CRITICAL - 2023-09-26 10:42:10 --> Unable to connect to the database.
Main connection [MySQLi]: No connection could be made because the target machine actively refused it
in SYSTEMPATH\Database\BaseConnection.php on line 418.
 1 SYSTEMPATH\Database\BaseConnection.php(588): CodeIgniter\Database\BaseConnection->initialize()
 2 SYSTEMPATH\Database\BaseBuilder.php(1585): CodeIgniter\Database\BaseConnection->query('SELECT *
FROM `tbl_setting`
WHERE `id` = :id:', [...], false)
 3 APPPATH\Models\ModelAdmin.php(13): CodeIgniter\Database\BaseBuilder->get()
 4 APPPATH\Controllers\Home.php(26): App\Models\ModelAdmin->ViewSetting()
 5 SYSTEMPATH\CodeIgniter.php(904): App\Controllers\Home->index()
 6 SYSTEMPATH\CodeIgniter.php(457): CodeIgniter\CodeIgniter->runController(Object(App\Controllers\Home))
 7 SYSTEMPATH\CodeIgniter.php(340): CodeIgniter\CodeIgniter->handleRequest(null, Object(Config\Cache), false)
 8 FCPATH\index.php(67): CodeIgniter\CodeIgniter->run()
CRITICAL - 2023-09-26 10:43:19 --> Undefined array key "email"
in APPPATH\Views\v_template.php on line 49.
 1 APPPATH\Views\v_template.php(49): CodeIgniter\Debug\Exceptions->errorHandler(2, 'Undefined array key "email"', 'APPPATH\\Views\\v_template.php', 49)
 2 SYSTEMPATH\View\View.php(213): include('APPPATH\\Views\\v_template.php')
 3 SYSTEMPATH\View\View.php(216): CodeIgniter\View\View->CodeIgniter\View\{closure}()
 4 SYSTEMPATH\Common.php(1137): CodeIgniter\View\View->render('v_template', [], true)
 5 APPPATH\Controllers\Home.php(41): view('v_template', [...])
 6 SYSTEMPATH\CodeIgniter.php(904): App\Controllers\Home->index()
 7 SYSTEMPATH\CodeIgniter.php(457): CodeIgniter\CodeIgniter->runController(Object(App\Controllers\Home))
 8 SYSTEMPATH\CodeIgniter.php(340): CodeIgniter\CodeIgniter->handleRequest(null, Object(Config\Cache), false)
 9 FCPATH\index.php(67): CodeIgniter\CodeIgniter->run()
CRITICAL - 2023-09-26 10:43:55 --> Undefined array key "email"
in APPPATH\Views\v_template.php on line 49.
 1 APPPATH\Views\v_template.php(49): CodeIgniter\Debug\Exceptions->errorHandler(2, 'Undefined array key "email"', 'APPPATH\\Views\\v_template.php', 49)
 2 SYSTEMPATH\View\View.php(213): include('APPPATH\\Views\\v_template.php')
 3 SYSTEMPATH\View\View.php(216): CodeIgniter\View\View->CodeIgniter\View\{closure}()
 4 SYSTEMPATH\Common.php(1137): CodeIgniter\View\View->render('v_template', [], true)
 5 APPPATH\Controllers\Home.php(41): view('v_template', [...])
 6 SYSTEMPATH\CodeIgniter.php(904): App\Controllers\Home->index()
 7 SYSTEMPATH\CodeIgniter.php(457): CodeIgniter\CodeIgniter->runController(Object(App\Controllers\Home))
 8 SYSTEMPATH\CodeIgniter.php(340): CodeIgniter\CodeIgniter->handleRequest(null, Object(Config\Cache), false)
 9 FCPATH\index.php(67): CodeIgniter\CodeIgniter->run()
CRITICAL - 2023-09-26 10:44:33 --> Undefined array key "email"
in APPPATH\Views\v_template.php on line 49.
 1 APPPATH\Views\v_template.php(49): CodeIgniter\Debug\Exceptions->errorHandler(2, 'Undefined array key "email"', 'APPPATH\\Views\\v_template.php', 49)
 2 SYSTEMPATH\View\View.php(213): include('APPPATH\\Views\\v_template.php')
 3 SYSTEMPATH\View\View.php(216): CodeIgniter\View\View->CodeIgniter\View\{closure}()
 4 SYSTEMPATH\Common.php(1137): CodeIgniter\View\View->render('v_template', [], true)
 5 APPPATH\Controllers\Home.php(41): view('v_template', [...])
 6 SYSTEMPATH\CodeIgniter.php(904): App\Controllers\Home->index()
 7 SYSTEMPATH\CodeIgniter.php(457): CodeIgniter\CodeIgniter->runController(Object(App\Controllers\Home))
 8 SYSTEMPATH\CodeIgniter.php(340): CodeIgniter\CodeIgniter->handleRequest(null, Object(Config\Cache), false)
 9 FCPATH\index.php(67): CodeIgniter\CodeIgniter->run()
CRITICAL - 2023-09-26 11:26:01 --> Undefined variable $title
in APPPATH\Views\v_template.php on line 73.
 1 APPPATH\Views\v_template.php(73): CodeIgniter\Debug\Exceptions->errorHandler(2, 'Undefined variable $title', 'APPPATH\\Views\\v_template.php', 73)
 2 SYSTEMPATH\View\View.php(213): include('APPPATH\\Views\\v_template.php')
 3 SYSTEMPATH\View\View.php(216): CodeIgniter\View\View->CodeIgniter\View\{closure}()
 4 SYSTEMPATH\Common.php(1137): CodeIgniter\View\View->render('v_template', [], true)
 5 APPPATH\Controllers\Home.php(41): view('v_template', [...])
 6 SYSTEMPATH\CodeIgniter.php(904): App\Controllers\Home->index()
 7 SYSTEMPATH\CodeIgniter.php(457): CodeIgniter\CodeIgniter->runController(Object(App\Controllers\Home))
 8 SYSTEMPATH\CodeIgniter.php(340): CodeIgniter\CodeIgniter->handleRequest(null, Object(Config\Cache), false)
 9 FCPATH\index.php(67): CodeIgniter\CodeIgniter->run()
